[1.432s] Invoking command in '/home/ordog/ros2_ws/src/turtlebot3/turtlebot3_teleop': PYTHONPATH=/home/ordog/ros2_ws/build/turtlebot3_teleop/prefix_override:/usr/lib/python3/dist-packages/colcon_core/task/python/colcon_distutils_commands:/home/ordog/ros2_ws/install/turtlebot3_teleop/lib/python3.12/site-packages:${PYTHONPATH} /usr/bin/python3 -W ignore:setup.py install is deprecated -W ignore:easy_install command is deprecated setup.py egg_info --egg-base ../../../build/turtlebot3_teleop build --build-base /home/ordog/ros2_ws/build/turtlebot3_teleop/build install --record /home/ordog/ros2_ws/build/turtlebot3_teleop/install.log --single-version-externally-managed install_data
[1.721s] running egg_info
[1.722s] creating ../../../build/turtlebot3_teleop/turtlebot3_teleop.egg-info
[1.743s] writing ../../../build/turtlebot3_teleop/turtlebot3_teleop.egg-info/PKG-INFO
[1.743s] writing dependency_links to ../../../build/turtlebot3_teleop/turtlebot3_teleop.egg-info/dependency_links.txt
[1.744s] writing entry points to ../../../build/turtlebot3_teleop/turtlebot3_teleop.egg-info/entry_points.txt
[1.744s] writing requirements to ../../../build/turtlebot3_teleop/turtlebot3_teleop.egg-info/requires.txt
[1.744s] writing top-level names to ../../../build/turtlebot3_teleop/turtlebot3_teleop.egg-info/top_level.txt
[1.745s] writing manifest file '../../../build/turtlebot3_teleop/turtlebot3_teleop.egg-info/SOURCES.txt'
[1.787s] reading manifest file '../../../build/turtlebot3_teleop/turtlebot3_teleop.egg-info/SOURCES.txt'
[1.787s] writing manifest file '../../../build/turtlebot3_teleop/turtlebot3_teleop.egg-info/SOURCES.txt'
[1.787s] running build
[1.788s] running build_py
[1.788s] creating /home/ordog/ros2_ws/build/turtlebot3_teleop/build
[1.789s] creating /home/ordog/ros2_ws/build/turtlebot3_teleop/build/lib
[1.789s] creating /home/ordog/ros2_ws/build/turtlebot3_teleop/build/lib/turtlebot3_teleop
[1.790s] copying turtlebot3_teleop/__init__.py -> /home/ordog/ros2_ws/build/turtlebot3_teleop/build/lib/turtlebot3_teleop
[1.790s] creating /home/ordog/ros2_ws/build/turtlebot3_teleop/build/lib/turtlebot3_teleop/script
[1.790s] copying turtlebot3_teleop/script/__init__.py -> /home/ordog/ros2_ws/build/turtlebot3_teleop/build/lib/turtlebot3_teleop/script
[1.790s] copying turtlebot3_teleop/script/teleop_keyboard.py -> /home/ordog/ros2_ws/build/turtlebot3_teleop/build/lib/turtlebot3_teleop/script
[1.790s] running install
[1.797s] running install_lib
[1.820s] creating /home/ordog/ros2_ws/install/turtlebot3_teleop/lib/python3.12/site-packages/turtlebot3_teleop
[1.821s] copying /home/ordog/ros2_ws/build/turtlebot3_teleop/build/lib/turtlebot3_teleop/__init__.py -> /home/ordog/ros2_ws/install/turtlebot3_teleop/lib/python3.12/site-packages/turtlebot3_teleop
[1.821s] creating /home/ordog/ros2_ws/install/turtlebot3_teleop/lib/python3.12/site-packages/turtlebot3_teleop/script
[1.822s] copying /home/ordog/ros2_ws/build/turtlebot3_teleop/build/lib/turtlebot3_teleop/script/__init__.py -> /home/ordog/ros2_ws/install/turtlebot3_teleop/lib/python3.12/site-packages/turtlebot3_teleop/script
[1.822s] copying /home/ordog/ros2_ws/build/turtlebot3_teleop/build/lib/turtlebot3_teleop/script/teleop_keyboard.py -> /home/ordog/ros2_ws/install/turtlebot3_teleop/lib/python3.12/site-packages/turtlebot3_teleop/script
[1.822s] byte-compiling /home/ordog/ros2_ws/install/turtlebot3_teleop/lib/python3.12/site-packages/turtlebot3_teleop/__init__.py to __init__.cpython-312.pyc
[1.823s] byte-compiling /home/ordog/ros2_ws/install/turtlebot3_teleop/lib/python3.12/site-packages/turtlebot3_teleop/script/__init__.py to __init__.cpython-312.pyc
[1.823s] byte-compiling /home/ordog/ros2_ws/install/turtlebot3_teleop/lib/python3.12/site-packages/turtlebot3_teleop/script/teleop_keyboard.py to teleop_keyboard.cpython-312.pyc
[1.824s] running install_data
[1.824s] creating /home/ordog/ros2_ws/install/turtlebot3_teleop/share/ament_index
[1.824s] creating /home/ordog/ros2_ws/install/turtlebot3_teleop/share/ament_index/resource_index
[1.824s] creating /home/ordog/ros2_ws/install/turtlebot3_teleop/share/ament_index/resource_index/packages
[1.825s] copying resource/turtlebot3_teleop -> /home/ordog/ros2_ws/install/turtlebot3_teleop/share/ament_index/resource_index/packages
[1.825s] copying package.xml -> /home/ordog/ros2_ws/install/turtlebot3_teleop/share/turtlebot3_teleop
[1.825s] running install_egg_info
[1.844s] Copying ../../../build/turtlebot3_teleop/turtlebot3_teleop.egg-info to /home/ordog/ros2_ws/install/turtlebot3_teleop/lib/python3.12/site-packages/turtlebot3_teleop-2.1.5-py3.12.egg-info
[1.845s] running install_scripts
[1.997s] Installing teleop_keyboard script to /home/ordog/ros2_ws/install/turtlebot3_teleop/lib/turtlebot3_teleop
[1.997s] writing list of installed files to '/home/ordog/ros2_ws/build/turtlebot3_teleop/install.log'
[2.032s] Invoked command in '/home/ordog/ros2_ws/src/turtlebot3/turtlebot3_teleop' returned '0': PYTHONPATH=/home/ordog/ros2_ws/build/turtlebot3_teleop/prefix_override:/usr/lib/python3/dist-packages/colcon_core/task/python/colcon_distutils_commands:/home/ordog/ros2_ws/install/turtlebot3_teleop/lib/python3.12/site-packages:${PYTHONPATH} /usr/bin/python3 -W ignore:setup.py install is deprecated -W ignore:easy_install command is deprecated setup.py egg_info --egg-base ../../../build/turtlebot3_teleop build --build-base /home/ordog/ros2_ws/build/turtlebot3_teleop/build install --record /home/ordog/ros2_ws/build/turtlebot3_teleop/install.log --single-version-externally-managed install_data
