/home/ordog/.virtualenvs/tf/lib/python3.12/site-packages/setuptools/_distutils/dist.py:289: UserWarning: Unknown distribution option: 'tests_require'
  warnings.warn(msg)
running egg_info
writing ../build/bme_ros2_tutorials_py/bme_ros2_tutorials_py.egg-info/PKG-INFO
writing dependency_links to ../build/bme_ros2_tutorials_py/bme_ros2_tutorials_py.egg-info/dependency_links.txt
writing requirements to ../build/bme_ros2_tutorials_py/bme_ros2_tutorials_py.egg-info/requires.txt
writing top-level names to ../build/bme_ros2_tutorials_py/bme_ros2_tutorials_py.egg-info/top_level.txt
reading manifest file '../build/bme_ros2_tutorials_py/bme_ros2_tutorials_py.egg-info/SOURCES.txt'
writing manifest file '../build/bme_ros2_tutorials_py/bme_ros2_tutorials_py.egg-info/SOURCES.txt'
running build
running build_py
copying bme_ros2_tutorials_py/__init__.py -> /home/ordog/ros2_ws/build/bme_ros2_tutorials_py/build/lib/bme_ros2_tutorials_py
running install
running install_lib
running install_data
copying resource/bme_ros2_tutorials_py -> /home/ordog/ros2_ws/install/bme_ros2_tutorials_py/share/ament_index/resource_index/packages
copying package.xml -> /home/ordog/ros2_ws/install/bme_ros2_tutorials_py/share/bme_ros2_tutorials_py
running install_egg_info
removing '/home/ordog/ros2_ws/install/bme_ros2_tutorials_py/lib/python3.12/site-packages/bme_ros2_tutorials_py-0.0.0-py3.12.egg-info' (and everything under it)
Copying ../build/bme_ros2_tutorials_py/bme_ros2_tutorials_py.egg-info to /home/ordog/ros2_ws/install/bme_ros2_tutorials_py/lib/python3.12/site-packages/bme_ros2_tutorials_py-0.0.0-py3.12.egg-info
running install_scripts
writing list of installed files to '/home/ordog/ros2_ws/build/bme_ros2_tutorials_py/install.log'
