running egg_info
creating ../../../build/turtlebot3_example/turtlebot3_example.egg-info
writing ../../../build/turtlebot3_example/turtlebot3_example.egg-info/PKG-INFO
writing dependency_links to ../../../build/turtlebot3_example/turtlebot3_example.egg-info/dependency_links.txt
writing entry points to ../../../build/turtlebot3_example/turtlebot3_example.egg-info/entry_points.txt
writing requirements to ../../../build/turtlebot3_example/turtlebot3_example.egg-info/requires.txt
writing top-level names to ../../../build/turtlebot3_example/turtlebot3_example.egg-info/top_level.txt
writing manifest file '../../../build/turtlebot3_example/turtlebot3_example.egg-info/SOURCES.txt'
reading manifest file '../../../build/turtlebot3_example/turtlebot3_example.egg-info/SOURCES.txt'
writing manifest file '../../../build/turtlebot3_example/turtlebot3_example.egg-info/SOURCES.txt'
running build
running build_py
creating /home/ordog/ros2_ws/build/turtlebot3_example/build
creating /home/ordog/ros2_ws/build/turtlebot3_example/build/lib
creating /home/ordog/ros2_ws/build/turtlebot3_example/build/lib/turtlebot3_example
copying turtlebot3_example/__init__.py -> /home/ordog/ros2_ws/build/turtlebot3_example/build/lib/turtlebot3_example
creating /home/ordog/ros2_ws/build/turtlebot3_example/build/lib/turtlebot3_example/turtlebot3_obstacle_detection
copying turtlebot3_example/turtlebot3_obstacle_detection/__init__.py -> /home/ordog/ros2_ws/build/turtlebot3_example/build/lib/turtlebot3_example/turtlebot3_obstacle_detection
copying turtlebot3_example/turtlebot3_obstacle_detection/turtlebot3_obstacle_detection.py -> /home/ordog/ros2_ws/build/turtlebot3_example/build/lib/turtlebot3_example/turtlebot3_obstacle_detection
creating /home/ordog/ros2_ws/build/turtlebot3_example/build/lib/turtlebot3_example/turtlebot3_position_control
copying turtlebot3_example/turtlebot3_position_control/__init__.py -> /home/ordog/ros2_ws/build/turtlebot3_example/build/lib/turtlebot3_example/turtlebot3_position_control
copying turtlebot3_example/turtlebot3_position_control/turtlebot3_position_control_pointop_key.py -> /home/ordog/ros2_ws/build/turtlebot3_example/build/lib/turtlebot3_example/turtlebot3_position_control
running install
running install_lib
creating /home/ordog/ros2_ws/install/turtlebot3_example/lib/python3.12/site-packages/turtlebot3_example
copying /home/ordog/ros2_ws/build/turtlebot3_example/build/lib/turtlebot3_example/__init__.py -> /home/ordog/ros2_ws/install/turtlebot3_example/lib/python3.12/site-packages/turtlebot3_example
creating /home/ordog/ros2_ws/install/turtlebot3_example/lib/python3.12/site-packages/turtlebot3_example/turtlebot3_obstacle_detection
copying /home/ordog/ros2_ws/build/turtlebot3_example/build/lib/turtlebot3_example/turtlebot3_obstacle_detection/__init__.py -> /home/ordog/ros2_ws/install/turtlebot3_example/lib/python3.12/site-packages/turtlebot3_example/turtlebot3_obstacle_detection
copying /home/ordog/ros2_ws/build/turtlebot3_example/build/lib/turtlebot3_example/turtlebot3_obstacle_detection/turtlebot3_obstacle_detection.py -> /home/ordog/ros2_ws/install/turtlebot3_example/lib/python3.12/site-packages/turtlebot3_example/turtlebot3_obstacle_detection
creating /home/ordog/ros2_ws/install/turtlebot3_example/lib/python3.12/site-packages/turtlebot3_example/turtlebot3_position_control
copying /home/ordog/ros2_ws/build/turtlebot3_example/build/lib/turtlebot3_example/turtlebot3_position_control/__init__.py -> /home/ordog/ros2_ws/install/turtlebot3_example/lib/python3.12/site-packages/turtlebot3_example/turtlebot3_position_control
copying /home/ordog/ros2_ws/build/turtlebot3_example/build/lib/turtlebot3_example/turtlebot3_position_control/turtlebot3_position_control_pointop_key.py -> /home/ordog/ros2_ws/install/turtlebot3_example/lib/python3.12/site-packages/turtlebot3_example/turtlebot3_position_control
byte-compiling /home/ordog/ros2_ws/install/turtlebot3_example/lib/python3.12/site-packages/turtlebot3_example/__init__.py to __init__.cpython-312.pyc
byte-compiling /home/ordog/ros2_ws/install/turtlebot3_example/lib/python3.12/site-packages/turtlebot3_example/turtlebot3_obstacle_detection/__init__.py to __init__.cpython-312.pyc
byte-compiling /home/ordog/ros2_ws/install/turtlebot3_example/lib/python3.12/site-packages/turtlebot3_example/turtlebot3_obstacle_detection/turtlebot3_obstacle_detection.py to turtlebot3_obstacle_detection.cpython-312.pyc
byte-compiling /home/ordog/ros2_ws/install/turtlebot3_example/lib/python3.12/site-packages/turtlebot3_example/turtlebot3_position_control/__init__.py to __init__.cpython-312.pyc
byte-compiling /home/ordog/ros2_ws/install/turtlebot3_example/lib/python3.12/site-packages/turtlebot3_example/turtlebot3_position_control/turtlebot3_position_control_pointop_key.py to turtlebot3_position_control_pointop_key.cpython-312.pyc
running install_data
creating /home/ordog/ros2_ws/install/turtlebot3_example/share/ament_index
creating /home/ordog/ros2_ws/install/turtlebot3_example/share/ament_index/resource_index
creating /home/ordog/ros2_ws/install/turtlebot3_example/share/ament_index/resource_index/packages
copying resource/turtlebot3_example -> /home/ordog/ros2_ws/install/turtlebot3_example/share/ament_index/resource_index/packages
copying package.xml -> /home/ordog/ros2_ws/install/turtlebot3_example/share/turtlebot3_example
running install_egg_info
Copying ../../../build/turtlebot3_example/turtlebot3_example.egg-info to /home/ordog/ros2_ws/install/turtlebot3_example/lib/python3.12/site-packages/turtlebot3_example-2.1.5-py3.12.egg-info
running install_scripts
Installing turtlebot3_interactive_marker script to /home/ordog/ros2_ws/install/turtlebot3_example/lib/turtlebot3_example
Installing turtlebot3_obstacle_detection script to /home/ordog/ros2_ws/install/turtlebot3_example/lib/turtlebot3_example
Installing turtlebot3_patrol_client script to /home/ordog/ros2_ws/install/turtlebot3_example/lib/turtlebot3_example
Installing turtlebot3_patrol_server script to /home/ordog/ros2_ws/install/turtlebot3_example/lib/turtlebot3_example
Installing turtlebot3_position_control_pointop_key script to /home/ordog/ros2_ws/install/turtlebot3_example/lib/turtlebot3_example
writing list of installed files to '/home/ordog/ros2_ws/build/turtlebot3_example/install.log'
