[1.117s] Invoking command in '/home/ordog/ros2_ws/src/turtlebot3/turtlebot3_example': AMENT_PREFIX_PATH=/home/ordog/ros2_ws/install/turtlebot3_msgs:${AMENT_PREFIX_PATH} CMAKE_PREFIX_PATH=/home/ordog/ros2_ws/install/turtlebot3_msgs:/opt/ros/jazzy/opt/gz_sim_vendor:/opt/ros/jazzy/opt/gz_sensors_vendor:/opt/ros/jazzy/opt/gz_physics_vendor:/opt/ros/jazzy/opt/sdformat_vendor:/opt/ros/jazzy/opt/gz_gui_vendor:/opt/ros/jazzy/opt/gz_transport_vendor:/opt/ros/jazzy/opt/gz_rendering_vendor:/opt/ros/jazzy/opt/gz_plugin_vendor:/opt/ros/jazzy/opt/gz_fuel_tools_vendor:/opt/ros/jazzy/opt/gz_msgs_vendor:/opt/ros/jazzy/opt/gz_common_vendor:/opt/ros/jazzy/opt/gz_math_vendor:/opt/ros/jazzy/opt/gz_utils_vendor:/opt/ros/jazzy/opt/gz_tools_vendor:/opt/ros/jazzy/opt/gz_ogre_next_vendor:/opt/ros/jazzy/opt/gz_dartsim_vendor:/opt/ros/jazzy/opt/gz_cmake_vendor:/home/ordog/ros2_ws/install LD_LIBRARY_PATH=/home/ordog/ros2_ws/install/turtlebot3_msgs/lib:${LD_LIBRARY_PATH} PYTHONPATH=/home/ordog/ros2_ws/build/turtlebot3_example/prefix_override:/usr/lib/python3/dist-packages/colcon_core/task/python/colcon_distutils_commands:/home/ordog/ros2_ws/install/turtlebot3_example/lib/python3.12/site-packages:/home/ordog/ros2_ws/install/turtlebot3_msgs/lib/python3.12/site-packages:${PYTHONPATH} /usr/bin/python3 -W ignore:setup.py install is deprecated -W ignore:easy_install command is deprecated setup.py egg_info --egg-base ../../../build/turtlebot3_example build --build-base /home/ordog/ros2_ws/build/turtlebot3_example/build install --record /home/ordog/ros2_ws/build/turtlebot3_example/install.log --single-version-externally-managed install_data
[1.370s] running egg_info
[1.371s] creating ../../../build/turtlebot3_example/turtlebot3_example.egg-info
[1.387s] writing ../../../build/turtlebot3_example/turtlebot3_example.egg-info/PKG-INFO
[1.388s] writing dependency_links to ../../../build/turtlebot3_example/turtlebot3_example.egg-info/dependency_links.txt
[1.388s] writing entry points to ../../../build/turtlebot3_example/turtlebot3_example.egg-info/entry_points.txt
[1.388s] writing requirements to ../../../build/turtlebot3_example/turtlebot3_example.egg-info/requires.txt
[1.388s] writing top-level names to ../../../build/turtlebot3_example/turtlebot3_example.egg-info/top_level.txt
[1.388s] writing manifest file '../../../build/turtlebot3_example/turtlebot3_example.egg-info/SOURCES.txt'
[1.424s] reading manifest file '../../../build/turtlebot3_example/turtlebot3_example.egg-info/SOURCES.txt'
[1.425s] writing manifest file '../../../build/turtlebot3_example/turtlebot3_example.egg-info/SOURCES.txt'
[1.425s] running build
[1.425s] running build_py
[1.425s] creating /home/ordog/ros2_ws/build/turtlebot3_example/build
[1.425s] creating /home/ordog/ros2_ws/build/turtlebot3_example/build/lib
[1.426s] creating /home/ordog/ros2_ws/build/turtlebot3_example/build/lib/turtlebot3_example
[1.426s] copying turtlebot3_example/__init__.py -> /home/ordog/ros2_ws/build/turtlebot3_example/build/lib/turtlebot3_example
[1.426s] creating /home/ordog/ros2_ws/build/turtlebot3_example/build/lib/turtlebot3_example/turtlebot3_obstacle_detection
[1.426s] copying turtlebot3_example/turtlebot3_obstacle_detection/__init__.py -> /home/ordog/ros2_ws/build/turtlebot3_example/build/lib/turtlebot3_example/turtlebot3_obstacle_detection
[1.426s] copying turtlebot3_example/turtlebot3_obstacle_detection/turtlebot3_obstacle_detection.py -> /home/ordog/ros2_ws/build/turtlebot3_example/build/lib/turtlebot3_example/turtlebot3_obstacle_detection
[1.427s] creating /home/ordog/ros2_ws/build/turtlebot3_example/build/lib/turtlebot3_example/turtlebot3_position_control
[1.427s] copying turtlebot3_example/turtlebot3_position_control/__init__.py -> /home/ordog/ros2_ws/build/turtlebot3_example/build/lib/turtlebot3_example/turtlebot3_position_control
[1.428s] copying turtlebot3_example/turtlebot3_position_control/turtlebot3_position_control_pointop_key.py -> /home/ordog/ros2_ws/build/turtlebot3_example/build/lib/turtlebot3_example/turtlebot3_position_control
[1.429s] running install
[1.435s] running install_lib
[1.452s] creating /home/ordog/ros2_ws/install/turtlebot3_example/lib/python3.12/site-packages/turtlebot3_example
[1.452s] copying /home/ordog/ros2_ws/build/turtlebot3_example/build/lib/turtlebot3_example/__init__.py -> /home/ordog/ros2_ws/install/turtlebot3_example/lib/python3.12/site-packages/turtlebot3_example
[1.453s] creating /home/ordog/ros2_ws/install/turtlebot3_example/lib/python3.12/site-packages/turtlebot3_example/turtlebot3_obstacle_detection
[1.453s] copying /home/ordog/ros2_ws/build/turtlebot3_example/build/lib/turtlebot3_example/turtlebot3_obstacle_detection/__init__.py -> /home/ordog/ros2_ws/install/turtlebot3_example/lib/python3.12/site-packages/turtlebot3_example/turtlebot3_obstacle_detection
[1.453s] copying /home/ordog/ros2_ws/build/turtlebot3_example/build/lib/turtlebot3_example/turtlebot3_obstacle_detection/turtlebot3_obstacle_detection.py -> /home/ordog/ros2_ws/install/turtlebot3_example/lib/python3.12/site-packages/turtlebot3_example/turtlebot3_obstacle_detection
[1.453s] creating /home/ordog/ros2_ws/install/turtlebot3_example/lib/python3.12/site-packages/turtlebot3_example/turtlebot3_position_control
[1.454s] copying /home/ordog/ros2_ws/build/turtlebot3_example/build/lib/turtlebot3_example/turtlebot3_position_control/__init__.py -> /home/ordog/ros2_ws/install/turtlebot3_example/lib/python3.12/site-packages/turtlebot3_example/turtlebot3_position_control
[1.454s] copying /home/ordog/ros2_ws/build/turtlebot3_example/build/lib/turtlebot3_example/turtlebot3_position_control/turtlebot3_position_control_pointop_key.py -> /home/ordog/ros2_ws/install/turtlebot3_example/lib/python3.12/site-packages/turtlebot3_example/turtlebot3_position_control
[1.454s] byte-compiling /home/ordog/ros2_ws/install/turtlebot3_example/lib/python3.12/site-packages/turtlebot3_example/__init__.py to __init__.cpython-312.pyc
[1.454s] byte-compiling /home/ordog/ros2_ws/install/turtlebot3_example/lib/python3.12/site-packages/turtlebot3_example/turtlebot3_obstacle_detection/__init__.py to __init__.cpython-312.pyc
[1.455s] byte-compiling /home/ordog/ros2_ws/install/turtlebot3_example/lib/python3.12/site-packages/turtlebot3_example/turtlebot3_obstacle_detection/turtlebot3_obstacle_detection.py to turtlebot3_obstacle_detection.cpython-312.pyc
[1.455s] byte-compiling /home/ordog/ros2_ws/install/turtlebot3_example/lib/python3.12/site-packages/turtlebot3_example/turtlebot3_position_control/__init__.py to __init__.cpython-312.pyc
[1.456s] byte-compiling /home/ordog/ros2_ws/install/turtlebot3_example/lib/python3.12/site-packages/turtlebot3_example/turtlebot3_position_control/turtlebot3_position_control_pointop_key.py to turtlebot3_position_control_pointop_key.cpython-312.pyc
[1.457s] running install_data
[1.457s] creating /home/ordog/ros2_ws/install/turtlebot3_example/share/ament_index
[1.457s] creating /home/ordog/ros2_ws/install/turtlebot3_example/share/ament_index/resource_index
[1.458s] creating /home/ordog/ros2_ws/install/turtlebot3_example/share/ament_index/resource_index/packages
[1.458s] copying resource/turtlebot3_example -> /home/ordog/ros2_ws/install/turtlebot3_example/share/ament_index/resource_index/packages
[1.458s] copying package.xml -> /home/ordog/ros2_ws/install/turtlebot3_example/share/turtlebot3_example
[1.458s] running install_egg_info
[1.476s] Copying ../../../build/turtlebot3_example/turtlebot3_example.egg-info to /home/ordog/ros2_ws/install/turtlebot3_example/lib/python3.12/site-packages/turtlebot3_example-2.1.5-py3.12.egg-info
[1.477s] running install_scripts
[1.594s] Installing turtlebot3_interactive_marker script to /home/ordog/ros2_ws/install/turtlebot3_example/lib/turtlebot3_example
[1.595s] Installing turtlebot3_obstacle_detection script to /home/ordog/ros2_ws/install/turtlebot3_example/lib/turtlebot3_example
[1.595s] Installing turtlebot3_patrol_client script to /home/ordog/ros2_ws/install/turtlebot3_example/lib/turtlebot3_example
[1.595s] Installing turtlebot3_patrol_server script to /home/ordog/ros2_ws/install/turtlebot3_example/lib/turtlebot3_example
[1.595s] Installing turtlebot3_position_control_pointop_key script to /home/ordog/ros2_ws/install/turtlebot3_example/lib/turtlebot3_example
[1.595s] writing list of installed files to '/home/ordog/ros2_ws/build/turtlebot3_example/install.log'
[1.623s] Invoked command in '/home/ordog/ros2_ws/src/turtlebot3/turtlebot3_example' returned '0': AMENT_PREFIX_PATH=/home/ordog/ros2_ws/install/turtlebot3_msgs:${AMENT_PREFIX_PATH} CMAKE_PREFIX_PATH=/home/ordog/ros2_ws/install/turtlebot3_msgs:/opt/ros/jazzy/opt/gz_sim_vendor:/opt/ros/jazzy/opt/gz_sensors_vendor:/opt/ros/jazzy/opt/gz_physics_vendor:/opt/ros/jazzy/opt/sdformat_vendor:/opt/ros/jazzy/opt/gz_gui_vendor:/opt/ros/jazzy/opt/gz_transport_vendor:/opt/ros/jazzy/opt/gz_rendering_vendor:/opt/ros/jazzy/opt/gz_plugin_vendor:/opt/ros/jazzy/opt/gz_fuel_tools_vendor:/opt/ros/jazzy/opt/gz_msgs_vendor:/opt/ros/jazzy/opt/gz_common_vendor:/opt/ros/jazzy/opt/gz_math_vendor:/opt/ros/jazzy/opt/gz_utils_vendor:/opt/ros/jazzy/opt/gz_tools_vendor:/opt/ros/jazzy/opt/gz_ogre_next_vendor:/opt/ros/jazzy/opt/gz_dartsim_vendor:/opt/ros/jazzy/opt/gz_cmake_vendor:/home/ordog/ros2_ws/install LD_LIBRARY_PATH=/home/ordog/ros2_ws/install/turtlebot3_msgs/lib:${LD_LIBRARY_PATH} PYTHONPATH=/home/ordog/ros2_ws/build/turtlebot3_example/prefix_override:/usr/lib/python3/dist-packages/colcon_core/task/python/colcon_distutils_commands:/home/ordog/ros2_ws/install/turtlebot3_example/lib/python3.12/site-packages:/home/ordog/ros2_ws/install/turtlebot3_msgs/lib/python3.12/site-packages:${PYTHONPATH} /usr/bin/python3 -W ignore:setup.py install is deprecated -W ignore:easy_install command is deprecated setup.py egg_info --egg-base ../../../build/turtlebot3_example build --build-base /home/ordog/ros2_ws/build/turtlebot3_example/build install --record /home/ordog/ros2_ws/build/turtlebot3_example/install.log --single-version-externally-managed install_data
