[0.801s] Invoking command in '/home/ordog/ros2_ws/build/turtlebot3_slam_toolbox': CMAKE_PREFIX_PATH=${CMAKE_PREFIX_PATH}:/home/ordog/ros2_ws/install/object_detection_py:/home/ordog/ros2_ws/install/turtlebot3_teleop:/home/ordog/ros2_ws/install/turtlebot3_example:/home/ordog/ros2_ws/install/bme_ros2_tutorials_py:/opt/ros/jazzy /usr/bin/cmake --build /home/ordog/ros2_ws/build/turtlebot3_slam_toolbox -- -j20 -l20
[0.971s] Invoked command in '/home/ordog/ros2_ws/build/turtlebot3_slam_toolbox' returned '0': CMAKE_PREFIX_PATH=${CMAKE_PREFIX_PATH}:/home/ordog/ros2_ws/install/object_detection_py:/home/ordog/ros2_ws/install/turtlebot3_teleop:/home/ordog/ros2_ws/install/turtlebot3_example:/home/ordog/ros2_ws/install/bme_ros2_tutorials_py:/opt/ros/jazzy /usr/bin/cmake --build /home/ordog/ros2_ws/build/turtlebot3_slam_toolbox -- -j20 -l20
[0.972s] Invoking command in '/home/ordog/ros2_ws/build/turtlebot3_slam_toolbox': CMAKE_PREFIX_PATH=${CMAKE_PREFIX_PATH}:/home/ordog/ros2_ws/install/object_detection_py:/home/ordog/ros2_ws/install/turtlebot3_teleop:/home/ordog/ros2_ws/install/turtlebot3_example:/home/ordog/ros2_ws/install/bme_ros2_tutorials_py:/opt/ros/jazzy /usr/bin/cmake --install /home/ordog/ros2_ws/build/turtlebot3_slam_toolbox
[1.046s] -- Install configuration: ""
[1.046s] -- Up-to-date: /home/ordog/ros2_ws/install/turtlebot3_slam_toolbox/share/turtlebot3_slam_toolbox/config
[1.046s] -- Up-to-date: /home/ordog/ros2_ws/install/turtlebot3_slam_toolbox/share/turtlebot3_slam_toolbox/config/slam_toolbox_mapping.yaml
[1.046s] -- Up-to-date: /home/ordog/ros2_ws/install/turtlebot3_slam_toolbox/share/turtlebot3_slam_toolbox/launch
[1.047s] -- Up-to-date: /home/ordog/ros2_ws/install/turtlebot3_slam_toolbox/share/turtlebot3_slam_toolbox/launch/slam_toolbox.launch.py
[1.047s] -- Up-to-date: /home/ordog/ros2_ws/install/turtlebot3_slam_toolbox/share/turtlebot3_slam_toolbox/rviz
[1.047s] -- Up-to-date: /home/ordog/ros2_ws/install/turtlebot3_slam_toolbox/share/turtlebot3_slam_toolbox/rviz/slam_toolbox.rviz
[1.047s] -- Up-to-date: /home/ordog/ros2_ws/install/turtlebot3_slam_toolbox/share/ament_index/resource_index/package_run_dependencies/turtlebot3_slam_toolbox
[1.047s] -- Up-to-date: /home/ordog/ros2_ws/install/turtlebot3_slam_toolbox/share/ament_index/resource_index/parent_prefix_path/turtlebot3_slam_toolbox
[1.047s] -- Up-to-date: /home/ordog/ros2_ws/install/turtlebot3_slam_toolbox/share/turtlebot3_slam_toolbox/environment/ament_prefix_path.sh
[1.047s] -- Up-to-date: /home/ordog/ros2_ws/install/turtlebot3_slam_toolbox/share/turtlebot3_slam_toolbox/environment/ament_prefix_path.dsv
[1.047s] -- Up-to-date: /home/ordog/ros2_ws/install/turtlebot3_slam_toolbox/share/turtlebot3_slam_toolbox/environment/path.sh
[1.047s] -- Up-to-date: /home/ordog/ros2_ws/install/turtlebot3_slam_toolbox/share/turtlebot3_slam_toolbox/environment/path.dsv
[1.047s] -- Up-to-date: /home/ordog/ros2_ws/install/turtlebot3_slam_toolbox/share/turtlebot3_slam_toolbox/local_setup.bash
[1.047s] -- Up-to-date: /home/ordog/ros2_ws/install/turtlebot3_slam_toolbox/share/turtlebot3_slam_toolbox/local_setup.sh
[1.048s] -- Up-to-date: /home/ordog/ros2_ws/install/turtlebot3_slam_toolbox/share/turtlebot3_slam_toolbox/local_setup.zsh
[1.048s] -- Up-to-date: /home/ordog/ros2_ws/install/turtlebot3_slam_toolbox/share/turtlebot3_slam_toolbox/local_setup.dsv
[1.048s] -- Installing: /home/ordog/ros2_ws/install/turtlebot3_slam_toolbox/share/turtlebot3_slam_toolbox/package.dsv
[1.049s] -- Up-to-date: /home/ordog/ros2_ws/install/turtlebot3_slam_toolbox/share/ament_index/resource_index/packages/turtlebot3_slam_toolbox
[1.049s] -- Up-to-date: /home/ordog/ros2_ws/install/turtlebot3_slam_toolbox/share/turtlebot3_slam_toolbox/cmake/turtlebot3_slam_toolboxConfig.cmake
[1.049s] -- Up-to-date: /home/ordog/ros2_ws/install/turtlebot3_slam_toolbox/share/turtlebot3_slam_toolbox/cmake/turtlebot3_slam_toolboxConfig-version.cmake
[1.049s] -- Up-to-date: /home/ordog/ros2_ws/install/turtlebot3_slam_toolbox/share/turtlebot3_slam_toolbox/package.xml
[1.088s] Invoked command in '/home/ordog/ros2_ws/build/turtlebot3_slam_toolbox' returned '0': CMAKE_PREFIX_PATH=${CMAKE_PREFIX_PATH}:/home/ordog/ros2_ws/install/object_detection_py:/home/ordog/ros2_ws/install/turtlebot3_teleop:/home/ordog/ros2_ws/install/turtlebot3_example:/home/ordog/ros2_ws/install/bme_ros2_tutorials_py:/opt/ros/jazzy /usr/bin/cmake --install /home/ordog/ros2_ws/build/turtlebot3_slam_toolbox
