[0.043s] Invoking command in '/home/ordog/ros2_ws/build/turtlebot3_navigation2': CMAKE_PREFIX_PATH=${CMAKE_PREFIX_PATH}:/opt/ros/jazzy /usr/bin/cmake /home/ordog/ros2_ws/src/turtlebot3/turtlebot3_navigation2 -DCMAKE_INSTALL_PREFIX=/home/ordog/ros2_ws/install/turtlebot3_navigation2
[0.547s] -- The C compiler identification is GNU 13.3.0
[0.887s] -- The CXX compiler identification is GNU 13.3.0
[1.178s] -- Detecting C compiler ABI info
[1.392s] -- Detecting C compiler ABI info - done
[1.401s] -- Check for working C compiler: /usr/bin/cc - skipped
[1.402s] -- Detecting C compile features
[1.403s] -- Detecting C compile features - done
[1.472s] -- Detecting CXX compiler ABI info
[1.675s] -- Detecting CXX compiler ABI info - done
[1.686s] -- Check for working CXX compiler: /usr/bin/c++ - skipped
[1.686s] -- Detecting CXX compile features
[1.687s] -- Detecting CXX compile features - done
[1.722s] -- Found ament_cmake: 2.5.4 (/opt/ros/jazzy/share/ament_cmake/cmake)
[1.935s] -- Found Python3: /usr/bin/python3 (found version "3.12.3") found components: Interpreter 
[2.233s] -- Configuring done (2.1s)
[2.238s] -- Generating done (0.0s)
[2.239s] -- Build files have been written to: /home/ordog/ros2_ws/build/turtlebot3_navigation2
[2.248s] Invoked command in '/home/ordog/ros2_ws/build/turtlebot3_navigation2' returned '0': CMAKE_PREFIX_PATH=${CMAKE_PREFIX_PATH}:/opt/ros/jazzy /usr/bin/cmake /home/ordog/ros2_ws/src/turtlebot3/turtlebot3_navigation2 -DCMAKE_INSTALL_PREFIX=/home/ordog/ros2_ws/install/turtlebot3_navigation2
[2.249s] Invoking command in '/home/ordog/ros2_ws/build/turtlebot3_navigation2': CMAKE_PREFIX_PATH=${CMAKE_PREFIX_PATH}:/opt/ros/jazzy /usr/bin/cmake --build /home/ordog/ros2_ws/build/turtlebot3_navigation2 -- -j20 -l20
[2.295s] Invoked command in '/home/ordog/ros2_ws/build/turtlebot3_navigation2' returned '0': CMAKE_PREFIX_PATH=${CMAKE_PREFIX_PATH}:/opt/ros/jazzy /usr/bin/cmake --build /home/ordog/ros2_ws/build/turtlebot3_navigation2 -- -j20 -l20
[2.296s] Invoking command in '/home/ordog/ros2_ws/build/turtlebot3_navigation2': CMAKE_PREFIX_PATH=${CMAKE_PREFIX_PATH}:/opt/ros/jazzy /usr/bin/cmake --install /home/ordog/ros2_ws/build/turtlebot3_navigation2
[2.304s] -- Install configuration: ""
[2.305s] -- Installing: /home/ordog/ros2_ws/install/turtlebot3_navigation2/share/turtlebot3_navigation2/launch
[2.306s] -- Installing: /home/ordog/ros2_ws/install/turtlebot3_navigation2/share/turtlebot3_navigation2/launch/navigation2.launch.py
[2.306s] -- Installing: /home/ordog/ros2_ws/install/turtlebot3_navigation2/share/turtlebot3_navigation2/launch/navigation2_use_sim_time.launch.py
[2.307s] -- Installing: /home/ordog/ros2_ws/install/turtlebot3_navigation2/share/turtlebot3_navigation2/map
[2.308s] -- Installing: /home/ordog/ros2_ws/install/turtlebot3_navigation2/share/turtlebot3_navigation2/map/turtlebot3_world.pgm
[2.308s] -- Installing: /home/ordog/ros2_ws/install/turtlebot3_navigation2/share/turtlebot3_navigation2/map/turtlebot3_world.yaml
[2.309s] -- Installing: /home/ordog/ros2_ws/install/turtlebot3_navigation2/share/turtlebot3_navigation2/param
[2.309s] -- Installing: /home/ordog/ros2_ws/install/turtlebot3_navigation2/share/turtlebot3_navigation2/param/burger.yaml
[2.314s] -- Installing: /home/ordog/ros2_ws/install/turtlebot3_navigation2/share/turtlebot3_navigation2/param/burger_use_sim_time.yaml
[2.314s] -- Installing: /home/ordog/ros2_ws/install/turtlebot3_navigation2/share/turtlebot3_navigation2/param/waffle_pi.yaml
[2.314s] -- Installing: /home/ordog/ros2_ws/install/turtlebot3_navigation2/share/turtlebot3_navigation2/param/waffle_pi_use_sim_time.yaml
[2.315s] -- Installing: /home/ordog/ros2_ws/install/turtlebot3_navigation2/share/turtlebot3_navigation2/rviz
[2.315s] -- Installing: /home/ordog/ros2_ws/install/turtlebot3_navigation2/share/turtlebot3_navigation2/rviz/navigation2.rviz
[2.315s] -- Installing: /home/ordog/ros2_ws/install/turtlebot3_navigation2/share/ament_index/resource_index/package_run_dependencies/turtlebot3_navigation2
[2.315s] -- Installing: /home/ordog/ros2_ws/install/turtlebot3_navigation2/share/ament_index/resource_index/parent_prefix_path/turtlebot3_navigation2
[2.316s] -- Installing: /home/ordog/ros2_ws/install/turtlebot3_navigation2/share/turtlebot3_navigation2/environment/ament_prefix_path.sh
[2.316s] -- Installing: /home/ordog/ros2_ws/install/turtlebot3_navigation2/share/turtlebot3_navigation2/environment/ament_prefix_path.dsv
[2.316s] -- Installing: /home/ordog/ros2_ws/install/turtlebot3_navigation2/share/turtlebot3_navigation2/environment/path.sh
[2.316s] -- Installing: /home/ordog/ros2_ws/install/turtlebot3_navigation2/share/turtlebot3_navigation2/environment/path.dsv
[2.317s] -- Installing: /home/ordog/ros2_ws/install/turtlebot3_navigation2/share/turtlebot3_navigation2/local_setup.bash
[2.318s] -- Installing: /home/ordog/ros2_ws/install/turtlebot3_navigation2/share/turtlebot3_navigation2/local_setup.sh
[2.318s] -- Installing: /home/ordog/ros2_ws/install/turtlebot3_navigation2/share/turtlebot3_navigation2/local_setup.zsh
[2.319s] -- Installing: /home/ordog/ros2_ws/install/turtlebot3_navigation2/share/turtlebot3_navigation2/local_setup.dsv
[2.319s] -- Installing: /home/ordog/ros2_ws/install/turtlebot3_navigation2/share/turtlebot3_navigation2/package.dsv
[2.319s] -- Installing: /home/ordog/ros2_ws/install/turtlebot3_navigation2/share/ament_index/resource_index/packages/turtlebot3_navigation2
[2.319s] -- Installing: /home/ordog/ros2_ws/install/turtlebot3_navigation2/share/turtlebot3_navigation2/cmake/turtlebot3_navigation2Config.cmake
[2.320s] -- Installing: /home/ordog/ros2_ws/install/turtlebot3_navigation2/share/turtlebot3_navigation2/cmake/turtlebot3_navigation2Config-version.cmake
[2.320s] -- Installing: /home/ordog/ros2_ws/install/turtlebot3_navigation2/share/turtlebot3_navigation2/package.xml
[2.337s] Invoked command in '/home/ordog/ros2_ws/build/turtlebot3_navigation2' returned '0': CMAKE_PREFIX_PATH=${CMAKE_PREFIX_PATH}:/opt/ros/jazzy /usr/bin/cmake --install /home/ordog/ros2_ws/build/turtlebot3_navigation2
