[0.064s] Invoking command in '/home/ordog/ros2_ws/build/turtlebot3_description': CMAKE_PREFIX_PATH=${CMAKE_PREFIX_PATH}:/home/ordog/ros2_ws/install/object_detection_py:/home/ordog/ros2_ws/install/turtlebot3_teleop:/home/ordog/ros2_ws/install/turtlebot3_example:/home/ordog/ros2_ws/install/bme_ros2_tutorials_py:/opt/ros/jazzy /usr/bin/cmake --build /home/ordog/ros2_ws/build/turtlebot3_description -- -j20 -l20
[0.839s] Invoked command in '/home/ordog/ros2_ws/build/turtlebot3_description' returned '0': CMAKE_PREFIX_PATH=${CMAKE_PREFIX_PATH}:/home/ordog/ros2_ws/install/object_detection_py:/home/ordog/ros2_ws/install/turtlebot3_teleop:/home/ordog/ros2_ws/install/turtlebot3_example:/home/ordog/ros2_ws/install/bme_ros2_tutorials_py:/opt/ros/jazzy /usr/bin/cmake --build /home/ordog/ros2_ws/build/turtlebot3_description -- -j20 -l20
[0.840s] Invoking command in '/home/ordog/ros2_ws/build/turtlebot3_description': CMAKE_PREFIX_PATH=${CMAKE_PREFIX_PATH}:/home/ordog/ros2_ws/install/object_detection_py:/home/ordog/ros2_ws/install/turtlebot3_teleop:/home/ordog/ros2_ws/install/turtlebot3_example:/home/ordog/ros2_ws/install/bme_ros2_tutorials_py:/opt/ros/jazzy /usr/bin/cmake --install /home/ordog/ros2_ws/build/turtlebot3_description
[0.904s] -- Install configuration: ""
[0.904s] -- Up-to-date: /home/ordog/ros2_ws/install/turtlebot3_description/share/turtlebot3_description/launch
[0.904s] -- Up-to-date: /home/ordog/ros2_ws/install/turtlebot3_description/share/turtlebot3_description/launch/model.launch.py
[0.904s] -- Up-to-date: /home/ordog/ros2_ws/install/turtlebot3_description/share/turtlebot3_description/rviz
[0.904s] -- Up-to-date: /home/ordog/ros2_ws/install/turtlebot3_description/share/turtlebot3_description/rviz/model.rviz
[0.904s] -- Up-to-date: /home/ordog/ros2_ws/install/turtlebot3_description/share/turtlebot3_description/urdf
[0.905s] -- Up-to-date: /home/ordog/ros2_ws/install/turtlebot3_description/share/turtlebot3_description/urdf/waffle_pi.urdf.xacro
[0.905s] -- Up-to-date: /home/ordog/ros2_ws/install/turtlebot3_description/share/turtlebot3_description/urdf/turtlebot3_burger.urdf.xacro
[0.905s] -- Up-to-date: /home/ordog/ros2_ws/install/turtlebot3_description/share/turtlebot3_description/urdf/turtlebot3_waffle_pi.urdf.xacro
[0.905s] -- Up-to-date: /home/ordog/ros2_ws/install/turtlebot3_description/share/turtlebot3_description/urdf/burger.urdf.xacro
[0.905s] -- Up-to-date: /home/ordog/ros2_ws/install/turtlebot3_description/share/turtlebot3_description/urdf/burger_camera.urdf.xacro
[0.906s] -- Up-to-date: /home/ordog/ros2_ws/install/turtlebot3_description/share/turtlebot3_description/gazebo
[0.906s] -- Up-to-date: /home/ordog/ros2_ws/install/turtlebot3_description/share/turtlebot3_description/gazebo/burger.gazebo.xacro
[0.907s] -- Up-to-date: /home/ordog/ros2_ws/install/turtlebot3_description/share/turtlebot3_description/gazebo/waffle_pi.gazebo.xacro
[0.907s] -- Up-to-date: /home/ordog/ros2_ws/install/turtlebot3_description/share/turtlebot3_description/gazebo/materials.xacro
[0.908s] -- Up-to-date: /home/ordog/ros2_ws/install/turtlebot3_description/share/turtlebot3_description/meshes
[0.908s] -- Up-to-date: /home/ordog/ros2_ws/install/turtlebot3_description/share/turtlebot3_description/meshes/waffle_pi
[0.909s] -- Up-to-date: /home/ordog/ros2_ws/install/turtlebot3_description/share/turtlebot3_description/meshes/waffle_pi/base.stl
[0.910s] -- Up-to-date: /home/ordog/ros2_ws/install/turtlebot3_description/share/turtlebot3_description/meshes/waffle_pi/ladar.stl
[0.911s] -- Up-to-date: /home/ordog/ros2_ws/install/turtlebot3_description/share/turtlebot3_description/meshes/waffle_pi/right_tire.stl
[0.911s] -- Up-to-date: /home/ordog/ros2_ws/install/turtlebot3_description/share/turtlebot3_description/meshes/waffle_pi/left_tire.stl
[0.911s] -- Up-to-date: /home/ordog/ros2_ws/install/turtlebot3_description/share/turtlebot3_description/meshes/burger
[0.912s] -- Up-to-date: /home/ordog/ros2_ws/install/turtlebot3_description/share/turtlebot3_description/meshes/burger/base.stl
[0.912s] -- Up-to-date: /home/ordog/ros2_ws/install/turtlebot3_description/share/turtlebot3_description/meshes/burger/ladar.stl
[0.912s] -- Up-to-date: /home/ordog/ros2_ws/install/turtlebot3_description/share/turtlebot3_description/meshes/burger/right_tire.stl
[0.913s] -- Up-to-date: /home/ordog/ros2_ws/install/turtlebot3_description/share/turtlebot3_description/meshes/burger/left_tire.stl
[0.913s] -- Up-to-date: /home/ordog/ros2_ws/install/turtlebot3_description/share/turtlebot3_description/ros2_control
[0.913s] -- Up-to-date: /home/ordog/ros2_ws/install/turtlebot3_description/share/turtlebot3_description/ros2_control/turtlebot3_system.ros2_control.xacro
[0.913s] -- Up-to-date: /home/ordog/ros2_ws/install/turtlebot3_description/share/turtlebot3_description/environment/turtlebot3_description.dsv
[0.914s] -- Up-to-date: /home/ordog/ros2_ws/install/turtlebot3_description/share/ament_index/resource_index/package_run_dependencies/turtlebot3_description
[0.914s] -- Up-to-date: /home/ordog/ros2_ws/install/turtlebot3_description/share/ament_index/resource_index/parent_prefix_path/turtlebot3_description
[0.914s] -- Up-to-date: /home/ordog/ros2_ws/install/turtlebot3_description/share/turtlebot3_description/environment/ament_prefix_path.sh
[0.914s] -- Up-to-date: /home/ordog/ros2_ws/install/turtlebot3_description/share/turtlebot3_description/environment/ament_prefix_path.dsv
[0.914s] -- Up-to-date: /home/ordog/ros2_ws/install/turtlebot3_description/share/turtlebot3_description/environment/path.sh
[0.914s] -- Up-to-date: /home/ordog/ros2_ws/install/turtlebot3_description/share/turtlebot3_description/environment/path.dsv
[0.915s] -- Up-to-date: /home/ordog/ros2_ws/install/turtlebot3_description/share/turtlebot3_description/local_setup.bash
[0.915s] -- Up-to-date: /home/ordog/ros2_ws/install/turtlebot3_description/share/turtlebot3_description/local_setup.sh
[0.915s] -- Up-to-date: /home/ordog/ros2_ws/install/turtlebot3_description/share/turtlebot3_description/local_setup.zsh
[0.915s] -- Up-to-date: /home/ordog/ros2_ws/install/turtlebot3_description/share/turtlebot3_description/local_setup.dsv
[0.915s] -- Installing: /home/ordog/ros2_ws/install/turtlebot3_description/share/turtlebot3_description/package.dsv
[0.915s] -- Up-to-date: /home/ordog/ros2_ws/install/turtlebot3_description/share/ament_index/resource_index/packages/turtlebot3_description
[0.915s] -- Up-to-date: /home/ordog/ros2_ws/install/turtlebot3_description/share/turtlebot3_description/cmake/turtlebot3_descriptionConfig.cmake
[0.915s] -- Up-to-date: /home/ordog/ros2_ws/install/turtlebot3_description/share/turtlebot3_description/cmake/turtlebot3_descriptionConfig-version.cmake
[0.916s] -- Up-to-date: /home/ordog/ros2_ws/install/turtlebot3_description/share/turtlebot3_description/package.xml
[0.968s] Invoked command in '/home/ordog/ros2_ws/build/turtlebot3_description' returned '0': CMAKE_PREFIX_PATH=${CMAKE_PREFIX_PATH}:/home/ordog/ros2_ws/install/object_detection_py:/home/ordog/ros2_ws/install/turtlebot3_teleop:/home/ordog/ros2_ws/install/turtlebot3_example:/home/ordog/ros2_ws/install/bme_ros2_tutorials_py:/opt/ros/jazzy /usr/bin/cmake --install /home/ordog/ros2_ws/build/turtlebot3_description
