[1.455s] Invoking command in '/home/ordog/ros2_ws/src/turtlebot3/turtlebot3_teleop': PYTHONPATH=/home/ordog/ros2_ws/build/turtlebot3_teleop/prefix_override:/usr/lib/python3/dist-packages/colcon_core/task/python/colcon_distutils_commands:/home/ordog/ros2_ws/install/turtlebot3_teleop/lib/python3.12/site-packages:${PYTHONPATH} /usr/bin/python3 -W ignore:setup.py install is deprecated -W ignore:easy_install command is deprecated setup.py egg_info --egg-base ../../../build/turtlebot3_teleop build --build-base /home/ordog/ros2_ws/build/turtlebot3_teleop/build install --record /home/ordog/ros2_ws/build/turtlebot3_teleop/install.log --single-version-externally-managed install_data
[1.742s] running egg_info
[1.759s] writing ../../../build/turtlebot3_teleop/turtlebot3_teleop.egg-info/PKG-INFO
[1.761s] writing dependency_links to ../../../build/turtlebot3_teleop/turtlebot3_teleop.egg-info/dependency_links.txt
[1.761s] writing entry points to ../../../build/turtlebot3_teleop/turtlebot3_teleop.egg-info/entry_points.txt
[1.761s] writing requirements to ../../../build/turtlebot3_teleop/turtlebot3_teleop.egg-info/requires.txt
[1.761s] writing top-level names to ../../../build/turtlebot3_teleop/turtlebot3_teleop.egg-info/top_level.txt
[1.797s] reading manifest file '../../../build/turtlebot3_teleop/turtlebot3_teleop.egg-info/SOURCES.txt'
[1.798s] writing manifest file '../../../build/turtlebot3_teleop/turtlebot3_teleop.egg-info/SOURCES.txt'
[1.798s] running build
[1.798s] running build_py
[1.799s] running install
[1.806s] running install_lib
[1.824s] running install_data
[1.825s] running install_egg_info
[1.844s] removing '/home/ordog/ros2_ws/install/turtlebot3_teleop/lib/python3.12/site-packages/turtlebot3_teleop-2.1.5-py3.12.egg-info' (and everything under it)
[1.844s] Copying ../../../build/turtlebot3_teleop/turtlebot3_teleop.egg-info to /home/ordog/ros2_ws/install/turtlebot3_teleop/lib/python3.12/site-packages/turtlebot3_teleop-2.1.5-py3.12.egg-info
[1.845s] running install_scripts
[1.970s] Installing teleop_keyboard script to /home/ordog/ros2_ws/install/turtlebot3_teleop/lib/turtlebot3_teleop
[1.970s] writing list of installed files to '/home/ordog/ros2_ws/build/turtlebot3_teleop/install.log'
[2.011s] Invoked command in '/home/ordog/ros2_ws/src/turtlebot3/turtlebot3_teleop' returned '0': PYTHONPATH=/home/ordog/ros2_ws/build/turtlebot3_teleop/prefix_override:/usr/lib/python3/dist-packages/colcon_core/task/python/colcon_distutils_commands:/home/ordog/ros2_ws/install/turtlebot3_teleop/lib/python3.12/site-packages:${PYTHONPATH} /usr/bin/python3 -W ignore:setup.py install is deprecated -W ignore:easy_install command is deprecated setup.py egg_info --egg-base ../../../build/turtlebot3_teleop build --build-base /home/ordog/ros2_ws/build/turtlebot3_teleop/build install --record /home/ordog/ros2_ws/build/turtlebot3_teleop/install.log --single-version-externally-managed install_data
