[0.765s] Invoking command in '/home/ordog/ros2_ws/build/turtlebot3_slam_toolbox': CMAKE_PREFIX_PATH=${CMAKE_PREFIX_PATH}:/home/ordog/ros2_ws/install/object_detection_py:/home/ordog/ros2_ws/install/turtlebot3_teleop:/home/ordog/ros2_ws/install/turtlebot3_example:/home/ordog/ros2_ws/install/bme_ros2_tutorials_py:/opt/ros/jazzy /usr/bin/cmake --build /home/ordog/ros2_ws/build/turtlebot3_slam_toolbox -- -j20 -l20
[0.941s] Invoked command in '/home/ordog/ros2_ws/build/turtlebot3_slam_toolbox' returned '0': CMAKE_PREFIX_PATH=${CMAKE_PREFIX_PATH}:/home/ordog/ros2_ws/install/object_detection_py:/home/ordog/ros2_ws/install/turtlebot3_teleop:/home/ordog/ros2_ws/install/turtlebot3_example:/home/ordog/ros2_ws/install/bme_ros2_tutorials_py:/opt/ros/jazzy /usr/bin/cmake --build /home/ordog/ros2_ws/build/turtlebot3_slam_toolbox -- -j20 -l20
[0.942s] Invoking command in '/home/ordog/ros2_ws/build/turtlebot3_slam_toolbox': CMAKE_PREFIX_PATH=${CMAKE_PREFIX_PATH}:/home/ordog/ros2_ws/install/object_detection_py:/home/ordog/ros2_ws/install/turtlebot3_teleop:/home/ordog/ros2_ws/install/turtlebot3_example:/home/ordog/ros2_ws/install/bme_ros2_tutorials_py:/opt/ros/jazzy /usr/bin/cmake --install /home/ordog/ros2_ws/build/turtlebot3_slam_toolbox
[0.984s] -- Install configuration: ""
[0.984s] -- Up-to-date: /home/ordog/ros2_ws/install/turtlebot3_slam_toolbox/share/turtlebot3_slam_toolbox/config
[0.984s] -- Up-to-date: /home/ordog/ros2_ws/install/turtlebot3_slam_toolbox/share/turtlebot3_slam_toolbox/config/slam_toolbox_mapping.yaml
[0.984s] -- Up-to-date: /home/ordog/ros2_ws/install/turtlebot3_slam_toolbox/share/turtlebot3_slam_toolbox/launch
[0.985s] -- Up-to-date: /home/ordog/ros2_ws/install/turtlebot3_slam_toolbox/share/turtlebot3_slam_toolbox/launch/slam_toolbox.launch.py
[0.985s] -- Up-to-date: /home/ordog/ros2_ws/install/turtlebot3_slam_toolbox/share/turtlebot3_slam_toolbox/rviz
[0.985s] -- Up-to-date: /home/ordog/ros2_ws/install/turtlebot3_slam_toolbox/share/turtlebot3_slam_toolbox/rviz/slam_toolbox.rviz
[0.985s] -- Up-to-date: /home/ordog/ros2_ws/install/turtlebot3_slam_toolbox/share/ament_index/resource_index/package_run_dependencies/turtlebot3_slam_toolbox
[0.985s] -- Up-to-date: /home/ordog/ros2_ws/install/turtlebot3_slam_toolbox/share/ament_index/resource_index/parent_prefix_path/turtlebot3_slam_toolbox
[0.985s] -- Up-to-date: /home/ordog/ros2_ws/install/turtlebot3_slam_toolbox/share/turtlebot3_slam_toolbox/environment/ament_prefix_path.sh
[0.986s] -- Up-to-date: /home/ordog/ros2_ws/install/turtlebot3_slam_toolbox/share/turtlebot3_slam_toolbox/environment/ament_prefix_path.dsv
[0.986s] -- Up-to-date: /home/ordog/ros2_ws/install/turtlebot3_slam_toolbox/share/turtlebot3_slam_toolbox/environment/path.sh
[0.986s] -- Up-to-date: /home/ordog/ros2_ws/install/turtlebot3_slam_toolbox/share/turtlebot3_slam_toolbox/environment/path.dsv
[0.986s] -- Up-to-date: /home/ordog/ros2_ws/install/turtlebot3_slam_toolbox/share/turtlebot3_slam_toolbox/local_setup.bash
[0.986s] -- Up-to-date: /home/ordog/ros2_ws/install/turtlebot3_slam_toolbox/share/turtlebot3_slam_toolbox/local_setup.sh
[0.986s] -- Up-to-date: /home/ordog/ros2_ws/install/turtlebot3_slam_toolbox/share/turtlebot3_slam_toolbox/local_setup.zsh
[0.986s] -- Up-to-date: /home/ordog/ros2_ws/install/turtlebot3_slam_toolbox/share/turtlebot3_slam_toolbox/local_setup.dsv
[0.986s] -- Installing: /home/ordog/ros2_ws/install/turtlebot3_slam_toolbox/share/turtlebot3_slam_toolbox/package.dsv
[0.987s] -- Up-to-date: /home/ordog/ros2_ws/install/turtlebot3_slam_toolbox/share/ament_index/resource_index/packages/turtlebot3_slam_toolbox
[0.987s] -- Up-to-date: /home/ordog/ros2_ws/install/turtlebot3_slam_toolbox/share/turtlebot3_slam_toolbox/cmake/turtlebot3_slam_toolboxConfig.cmake
[0.987s] -- Up-to-date: /home/ordog/ros2_ws/install/turtlebot3_slam_toolbox/share/turtlebot3_slam_toolbox/cmake/turtlebot3_slam_toolboxConfig-version.cmake
[0.987s] -- Up-to-date: /home/ordog/ros2_ws/install/turtlebot3_slam_toolbox/share/turtlebot3_slam_toolbox/package.xml
[1.056s] Invoked command in '/home/ordog/ros2_ws/build/turtlebot3_slam_toolbox' returned '0': CMAKE_PREFIX_PATH=${CMAKE_PREFIX_PATH}:/home/ordog/ros2_ws/install/object_detection_py:/home/ordog/ros2_ws/install/turtlebot3_teleop:/home/ordog/ros2_ws/install/turtlebot3_example:/home/ordog/ros2_ws/install/bme_ros2_tutorials_py:/opt/ros/jazzy /usr/bin/cmake --install /home/ordog/ros2_ws/build/turtlebot3_slam_toolbox
