running egg_info
writing ../../../build/object_detection_py/object_detection_py.egg-info/PKG-INFO
writing dependency_links to ../../../build/object_detection_py/object_detection_py.egg-info/dependency_links.txt
writing entry points to ../../../build/object_detection_py/object_detection_py.egg-info/entry_points.txt
writing requirements to ../../../build/object_detection_py/object_detection_py.egg-info/requires.txt
writing top-level names to ../../../build/object_detection_py/object_detection_py.egg-info/top_level.txt
reading manifest file '../../../build/object_detection_py/object_detection_py.egg-info/SOURCES.txt'
writing manifest file '../../../build/object_detection_py/object_detection_py.egg-info/SOURCES.txt'
running build
running build_py
running install
running install_lib
running install_data
running install_egg_info
removing '/home/ordog/ros2_ws/install/object_detection_py/lib/python3.12/site-packages/object_detection_py-0.0.0-py3.12.egg-info' (and everything under it)
Copying ../../../build/object_detection_py/object_detection_py.egg-info to /home/ordog/ros2_ws/install/object_detection_py/lib/python3.12/site-packages/object_detection_py-0.0.0-py3.12.egg-info
running install_scripts
Installing object_detection_node script to /home/ordog/ros2_ws/install/object_detection_py/lib/object_detection_py
Installing object_detection_node_v2 script to /home/ordog/ros2_ws/install/object_detection_py/lib/object_detection_py
Installing object_detection_node_v3 script to /home/ordog/ros2_ws/install/object_detection_py/lib/object_detection_py
Installing save_training_images script to /home/ordog/ros2_ws/install/object_detection_py/lib/object_detection_py
writing list of installed files to '/home/ordog/ros2_ws/build/object_detection_py/install.log'
