[1.169s] Invoking command in '/home/ordog/ros2_ws/src/object_detection_project/object_detection_py': PS1=(tf) \[\e]0;\u@\h: \w\a\]${debian_chroot:+($debian_chroot)}\[\033[01;32m\]\u@\h\[\033[00m\]:\[\033[01;34m\]\w\[\033[00m\]\$ PYTHONPATH=/home/ordog/ros2_ws/build/object_detection_py/prefix_override:/usr/lib/python3/dist-packages/colcon_core/task/python/colcon_distutils_commands:/home/ordog/ros2_ws/install/object_detection_py/lib/python3.12/site-packages:${PYTHONPATH} /usr/bin/python3 -W ignore:setup.py install is deprecated -W ignore:easy_install command is deprecated setup.py egg_info --egg-base ../../../build/object_detection_py build --build-base /home/ordog/ros2_ws/build/object_detection_py/build install --record /home/ordog/ros2_ws/build/object_detection_py/install.log --single-version-externally-managed install_data
[1.382s] running egg_info
[1.397s] writing ../../../build/object_detection_py/object_detection_py.egg-info/PKG-INFO
[1.397s] writing dependency_links to ../../../build/object_detection_py/object_detection_py.egg-info/dependency_links.txt
[1.398s] writing entry points to ../../../build/object_detection_py/object_detection_py.egg-info/entry_points.txt
[1.398s] writing requirements to ../../../build/object_detection_py/object_detection_py.egg-info/requires.txt
[1.398s] writing top-level names to ../../../build/object_detection_py/object_detection_py.egg-info/top_level.txt
[1.426s] reading manifest file '../../../build/object_detection_py/object_detection_py.egg-info/SOURCES.txt'
[1.428s] writing manifest file '../../../build/object_detection_py/object_detection_py.egg-info/SOURCES.txt'
[1.428s] running build
[1.428s] running build_py
[1.428s] running install
[1.433s] running install_lib
[1.448s] running install_data
[1.448s] running install_egg_info
[1.463s] removing '/home/ordog/ros2_ws/install/object_detection_py/lib/python3.12/site-packages/object_detection_py-0.0.0-py3.12.egg-info' (and everything under it)
[1.464s] Copying ../../../build/object_detection_py/object_detection_py.egg-info to /home/ordog/ros2_ws/install/object_detection_py/lib/python3.12/site-packages/object_detection_py-0.0.0-py3.12.egg-info
[1.464s] running install_scripts
[1.563s] Installing object_detection_node script to /home/ordog/ros2_ws/install/object_detection_py/lib/object_detection_py
[1.563s] Installing object_detection_node_v2 script to /home/ordog/ros2_ws/install/object_detection_py/lib/object_detection_py
[1.564s] Installing object_detection_node_v3 script to /home/ordog/ros2_ws/install/object_detection_py/lib/object_detection_py
[1.564s] Installing save_training_images script to /home/ordog/ros2_ws/install/object_detection_py/lib/object_detection_py
[1.564s] writing list of installed files to '/home/ordog/ros2_ws/build/object_detection_py/install.log'
[1.599s] Invoked command in '/home/ordog/ros2_ws/src/object_detection_project/object_detection_py' returned '0': PS1=(tf) \[\e]0;\u@\h: \w\a\]${debian_chroot:+($debian_chroot)}\[\033[01;32m\]\u@\h\[\033[00m\]:\[\033[01;34m\]\w\[\033[00m\]\$ PYTHONPATH=/home/ordog/ros2_ws/build/object_detection_py/prefix_override:/usr/lib/python3/dist-packages/colcon_core/task/python/colcon_distutils_commands:/home/ordog/ros2_ws/install/object_detection_py/lib/python3.12/site-packages:${PYTHONPATH} /usr/bin/python3 -W ignore:setup.py install is deprecated -W ignore:easy_install command is deprecated setup.py egg_info --egg-base ../../../build/object_detection_py build --build-base /home/ordog/ros2_ws/build/object_detection_py/build install --record /home/ordog/ros2_ws/build/object_detection_py/install.log --single-version-externally-managed install_data
