/home/ordog/ros2_ws/install/object_detection_py/lib/python3.12/site-packages/object_detection_py/object_detection_node.py
/home/ordog/ros2_ws/install/object_detection_py/lib/python3.12/site-packages/object_detection_py/save_training_images.py
/home/ordog/ros2_ws/install/object_detection_py/lib/python3.12/site-packages/object_detection_py/__init__.py
/home/ordog/ros2_ws/install/object_detection_py/lib/python3.12/site-packages/object_detection_py/object_detection_node_v3.py
/home/ordog/ros2_ws/install/object_detection_py/lib/python3.12/site-packages/object_detection_py/object_detection_node_v2.py
/home/ordog/ros2_ws/install/object_detection_py/lib/python3.12/site-packages/object_detection_py/object_detection_node_v4.py
/home/ordog/ros2_ws/install/object_detection_py/lib/python3.12/site-packages/object_detection_py/__pycache__/object_detection_node.cpython-312.pyc
/home/ordog/ros2_ws/install/object_detection_py/lib/python3.12/site-packages/object_detection_py/__pycache__/save_training_images.cpython-312.pyc
/home/ordog/ros2_ws/install/object_detection_py/lib/python3.12/site-packages/object_detection_py/__pycache__/__init__.cpython-312.pyc
/home/ordog/ros2_ws/install/object_detection_py/lib/python3.12/site-packages/object_detection_py/__pycache__/object_detection_node_v3.cpython-312.pyc
/home/ordog/ros2_ws/install/object_detection_py/lib/python3.12/site-packages/object_detection_py/__pycache__/object_detection_node_v2.cpython-312.pyc
/home/ordog/ros2_ws/install/object_detection_py/lib/python3.12/site-packages/object_detection_py/__pycache__/object_detection_node_v4.cpython-312.pyc
/home/ordog/ros2_ws/install/object_detection_py/share/ament_index/resource_index/packages/object_detection_py
/home/ordog/ros2_ws/install/object_detection_py/share/object_detection_py/package.xml
/home/ordog/ros2_ws/install/object_detection_py/lib/python3.12/site-packages/object_detection_py-0.0.0-py3.12.egg-info/top_level.txt
/home/ordog/ros2_ws/install/object_detection_py/lib/python3.12/site-packages/object_detection_py-0.0.0-py3.12.egg-info/entry_points.txt
/home/ordog/ros2_ws/install/object_detection_py/lib/python3.12/site-packages/object_detection_py-0.0.0-py3.12.egg-info/PKG-INFO
/home/ordog/ros2_ws/install/object_detection_py/lib/python3.12/site-packages/object_detection_py-0.0.0-py3.12.egg-info/dependency_links.txt
/home/ordog/ros2_ws/install/object_detection_py/lib/python3.12/site-packages/object_detection_py-0.0.0-py3.12.egg-info/SOURCES.txt
/home/ordog/ros2_ws/install/object_detection_py/lib/python3.12/site-packages/object_detection_py-0.0.0-py3.12.egg-info/zip-safe
/home/ordog/ros2_ws/install/object_detection_py/lib/python3.12/site-packages/object_detection_py-0.0.0-py3.12.egg-info/requires.txt
/home/ordog/ros2_ws/install/object_detection_py/lib/object_detection_py/object_detection_node
/home/ordog/ros2_ws/install/object_detection_py/lib/object_detection_py/object_detection_node_v2
/home/ordog/ros2_ws/install/object_detection_py/lib/object_detection_py/object_detection_node_v3
/home/ordog/ros2_ws/install/object_detection_py/lib/object_detection_py/save_training_images
