[0.045s] Invoking command in '/home/ordog/ros2_ws/build/turtlebot3_hardware': CMAKE_PREFIX_PATH=${CMAKE_PREFIX_PATH}:/home/ordog/ros2_ws/install/turtlebot3_teleop:/home/ordog/ros2_ws/install/turtlebot3_example:/home/ordog/ros2_ws/install/object_detection_py:/home/ordog/ros2_ws/install/bme_ros2_tutorials_py:/opt/ros/jazzy PS1=(tf) \[\e]0;\u@\h: \w\a\]${debian_chroot:+($debian_chroot)}\[\033[01;32m\]\u@\h\[\033[00m\]:\[\033[01;34m\]\w\[\033[00m\]\$ /usr/bin/cmake --build /home/ordog/ros2_ws/build/turtlebot3_hardware -- -j20 -l20
[0.618s] [100%] Built target turtlebot3_hardware
[0.634s] Invoked command in '/home/ordog/ros2_ws/build/turtlebot3_hardware' returned '0': CMAKE_PREFIX_PATH=${CMAKE_PREFIX_PATH}:/home/ordog/ros2_ws/install/turtlebot3_teleop:/home/ordog/ros2_ws/install/turtlebot3_example:/home/ordog/ros2_ws/install/object_detection_py:/home/ordog/ros2_ws/install/bme_ros2_tutorials_py:/opt/ros/jazzy PS1=(tf) \[\e]0;\u@\h: \w\a\]${debian_chroot:+($debian_chroot)}\[\033[01;32m\]\u@\h\[\033[00m\]:\[\033[01;34m\]\w\[\033[00m\]\$ /usr/bin/cmake --build /home/ordog/ros2_ws/build/turtlebot3_hardware -- -j20 -l20
[0.635s] Invoking command in '/home/ordog/ros2_ws/build/turtlebot3_hardware': CMAKE_PREFIX_PATH=${CMAKE_PREFIX_PATH}:/home/ordog/ros2_ws/install/turtlebot3_teleop:/home/ordog/ros2_ws/install/turtlebot3_example:/home/ordog/ros2_ws/install/object_detection_py:/home/ordog/ros2_ws/install/bme_ros2_tutorials_py:/opt/ros/jazzy PS1=(tf) \[\e]0;\u@\h: \w\a\]${debian_chroot:+($debian_chroot)}\[\033[01;32m\]\u@\h\[\033[00m\]:\[\033[01;34m\]\w\[\033[00m\]\$ /usr/bin/cmake --install /home/ordog/ros2_ws/build/turtlebot3_hardware
[0.719s] -- Install configuration: ""
[0.719s] -- Up-to-date: /home/ordog/ros2_ws/install/turtlebot3_hardware/share/turtlebot3_hardware/turtlebot3_hardware.xml
[0.719s] -- Up-to-date: /home/ordog/ros2_ws/install/turtlebot3_hardware/include
[0.719s] -- Up-to-date: /home/ordog/ros2_ws/install/turtlebot3_hardware/include/turtlebot3_hardware
[0.719s] -- Up-to-date: /home/ordog/ros2_ws/install/turtlebot3_hardware/include/turtlebot3_hardware/visibility_control.h
[0.720s] -- Up-to-date: /home/ordog/ros2_ws/install/turtlebot3_hardware/include/turtlebot3_hardware/turtlebot3_system.hpp
[0.720s] -- Up-to-date: /home/ordog/ros2_ws/install/turtlebot3_hardware/include/turtlebot3_hardware/opencr.hpp
[0.720s] -- Up-to-date: /home/ordog/ros2_ws/install/turtlebot3_hardware/include/turtlebot3_hardware/opencr_control_table.hpp
[0.720s] -- Up-to-date: /home/ordog/ros2_ws/install/turtlebot3_hardware/include/turtlebot3_hardware/opencr_definitions.hpp
[0.720s] -- Up-to-date: /home/ordog/ros2_ws/install/turtlebot3_hardware/include/turtlebot3_hardware/dynamixel_sdk_wrapper.hpp
[0.720s] -- Up-to-date: /home/ordog/ros2_ws/install/turtlebot3_hardware/lib/libturtlebot3_hardware.so
[0.720s] -- Up-to-date: /home/ordog/ros2_ws/install/turtlebot3_hardware/share/turtlebot3_hardware/environment/library_path.sh
[0.720s] -- Up-to-date: /home/ordog/ros2_ws/install/turtlebot3_hardware/share/turtlebot3_hardware/environment/library_path.dsv
[0.720s] -- Up-to-date: /home/ordog/ros2_ws/install/turtlebot3_hardware/share/ament_index/resource_index/package_run_dependencies/turtlebot3_hardware
[0.720s] -- Up-to-date: /home/ordog/ros2_ws/install/turtlebot3_hardware/share/ament_index/resource_index/parent_prefix_path/turtlebot3_hardware
[0.720s] -- Up-to-date: /home/ordog/ros2_ws/install/turtlebot3_hardware/share/turtlebot3_hardware/environment/ament_prefix_path.sh
[0.720s] -- Up-to-date: /home/ordog/ros2_ws/install/turtlebot3_hardware/share/turtlebot3_hardware/environment/ament_prefix_path.dsv
[0.721s] -- Up-to-date: /home/ordog/ros2_ws/install/turtlebot3_hardware/share/turtlebot3_hardware/environment/path.sh
[0.721s] -- Up-to-date: /home/ordog/ros2_ws/install/turtlebot3_hardware/share/turtlebot3_hardware/environment/path.dsv
[0.722s] -- Up-to-date: /home/ordog/ros2_ws/install/turtlebot3_hardware/share/turtlebot3_hardware/local_setup.bash
[0.722s] -- Up-to-date: /home/ordog/ros2_ws/install/turtlebot3_hardware/share/turtlebot3_hardware/local_setup.sh
[0.722s] -- Up-to-date: /home/ordog/ros2_ws/install/turtlebot3_hardware/share/turtlebot3_hardware/local_setup.zsh
[0.722s] -- Up-to-date: /home/ordog/ros2_ws/install/turtlebot3_hardware/share/turtlebot3_hardware/local_setup.dsv
[0.722s] -- Installing: /home/ordog/ros2_ws/install/turtlebot3_hardware/share/turtlebot3_hardware/package.dsv
[0.722s] -- Up-to-date: /home/ordog/ros2_ws/install/turtlebot3_hardware/share/ament_index/resource_index/packages/turtlebot3_hardware
[0.722s] -- Up-to-date: /home/ordog/ros2_ws/install/turtlebot3_hardware/share/ament_index/resource_index/hardware_interface__pluginlib__plugin/turtlebot3_hardware
[0.723s] -- Up-to-date: /home/ordog/ros2_ws/install/turtlebot3_hardware/share/turtlebot3_hardware/cmake/ament_cmake_export_include_directories-extras.cmake
[0.723s] -- Up-to-date: /home/ordog/ros2_ws/install/turtlebot3_hardware/share/turtlebot3_hardware/cmake/ament_cmake_export_libraries-extras.cmake
[0.723s] -- Up-to-date: /home/ordog/ros2_ws/install/turtlebot3_hardware/share/turtlebot3_hardware/cmake/ament_cmake_export_dependencies-extras.cmake
[0.723s] -- Up-to-date: /home/ordog/ros2_ws/install/turtlebot3_hardware/share/turtlebot3_hardware/cmake/turtlebot3_hardwareConfig.cmake
[0.723s] -- Up-to-date: /home/ordog/ros2_ws/install/turtlebot3_hardware/share/turtlebot3_hardware/cmake/turtlebot3_hardwareConfig-version.cmake
[0.723s] -- Up-to-date: /home/ordog/ros2_ws/install/turtlebot3_hardware/share/turtlebot3_hardware/package.xml
[0.794s] Invoked command in '/home/ordog/ros2_ws/build/turtlebot3_hardware' returned '0': CMAKE_PREFIX_PATH=${CMAKE_PREFIX_PATH}:/home/ordog/ros2_ws/install/turtlebot3_teleop:/home/ordog/ros2_ws/install/turtlebot3_example:/home/ordog/ros2_ws/install/object_detection_py:/home/ordog/ros2_ws/install/bme_ros2_tutorials_py:/opt/ros/jazzy PS1=(tf) \[\e]0;\u@\h: \w\a\]${debian_chroot:+($debian_chroot)}\[\033[01;32m\]\u@\h\[\033[00m\]:\[\033[01;34m\]\w\[\033[00m\]\$ /usr/bin/cmake --install /home/ordog/ros2_ws/build/turtlebot3_hardware
