[1.211s] Invoking command in '/home/ordog/ros2_ws/src/turtlebot3/turtlebot3_teleop': PYTHONPATH=/home/ordog/ros2_ws/build/turtlebot3_teleop/prefix_override:/usr/lib/python3/dist-packages/colcon_core/task/python/colcon_distutils_commands:/home/ordog/ros2_ws/install/turtlebot3_teleop/lib/python3.12/site-packages:${PYTHONPATH} /usr/bin/python3 -W ignore:setup.py install is deprecated -W ignore:easy_install command is deprecated setup.py egg_info --egg-base ../../../build/turtlebot3_teleop build --build-base /home/ordog/ros2_ws/build/turtlebot3_teleop/build install --record /home/ordog/ros2_ws/build/turtlebot3_teleop/install.log --single-version-externally-managed install_data
[1.380s] /home/ordog/.virtualenvs/tf/lib/python3.12/site-packages/setuptools/_distutils/dist.py:289: UserWarning: Unknown distribution option: 'tests_require'
[1.380s]   warnings.warn(msg)
[1.416s] /home/ordog/.virtualenvs/tf/lib/python3.12/site-packages/setuptools/dist.py:761: SetuptoolsDeprecationWarning: License classifiers are deprecated.
[1.417s] !!
[1.417s] 
[1.417s]         ********************************************************************************
[1.417s]         Please consider removing the following classifiers in favor of a SPDX license expression:
[1.417s] 
[1.417s]         License :: OSI Approved :: Apache Software License
[1.418s] 
[1.418s]         See https://packaging.python.org/en/latest/guides/writing-pyproject-toml/#license for details.
[1.418s]         ********************************************************************************
[1.418s] 
[1.418s] !!
[1.418s]   self._finalize_license_expression()
[1.481s] running egg_info
[1.498s] writing ../../../build/turtlebot3_teleop/turtlebot3_teleop.egg-info/PKG-INFO
[1.499s] writing dependency_links to ../../../build/turtlebot3_teleop/turtlebot3_teleop.egg-info/dependency_links.txt
[1.499s] writing entry points to ../../../build/turtlebot3_teleop/turtlebot3_teleop.egg-info/entry_points.txt
[1.500s] writing requirements to ../../../build/turtlebot3_teleop/turtlebot3_teleop.egg-info/requires.txt
[1.501s] writing top-level names to ../../../build/turtlebot3_teleop/turtlebot3_teleop.egg-info/top_level.txt
[1.540s] reading manifest file '../../../build/turtlebot3_teleop/turtlebot3_teleop.egg-info/SOURCES.txt'
[1.541s] writing manifest file '../../../build/turtlebot3_teleop/turtlebot3_teleop.egg-info/SOURCES.txt'
[1.541s] running build
[1.541s] running build_py
[1.541s] copying turtlebot3_teleop/__init__.py -> /home/ordog/ros2_ws/build/turtlebot3_teleop/build/lib/turtlebot3_teleop
[1.541s] copying turtlebot3_teleop/script/__init__.py -> /home/ordog/ros2_ws/build/turtlebot3_teleop/build/lib/turtlebot3_teleop/script
[1.541s] copying turtlebot3_teleop/script/teleop_keyboard.py -> /home/ordog/ros2_ws/build/turtlebot3_teleop/build/lib/turtlebot3_teleop/script
[1.542s] running install
[1.546s] running install_lib
[1.563s] running install_data
[1.563s] copying resource/turtlebot3_teleop -> /home/ordog/ros2_ws/install/turtlebot3_teleop/share/ament_index/resource_index/packages
[1.563s] copying package.xml -> /home/ordog/ros2_ws/install/turtlebot3_teleop/share/turtlebot3_teleop
[1.564s] running install_egg_info
[1.579s] removing '/home/ordog/ros2_ws/install/turtlebot3_teleop/lib/python3.12/site-packages/turtlebot3_teleop-2.1.5-py3.12.egg-info' (and everything under it)
[1.579s] Copying ../../../build/turtlebot3_teleop/turtlebot3_teleop.egg-info to /home/ordog/ros2_ws/install/turtlebot3_teleop/lib/python3.12/site-packages/turtlebot3_teleop-2.1.5-py3.12.egg-info
[1.580s] running install_scripts
[1.668s] Installing teleop_keyboard script to /home/ordog/ros2_ws/install/turtlebot3_teleop/lib/turtlebot3_teleop
[1.669s] writing list of installed files to '/home/ordog/ros2_ws/build/turtlebot3_teleop/install.log'
[1.707s] Invoked command in '/home/ordog/ros2_ws/src/turtlebot3/turtlebot3_teleop' returned '0': PYTHONPATH=/home/ordog/ros2_ws/build/turtlebot3_teleop/prefix_override:/usr/lib/python3/dist-packages/colcon_core/task/python/colcon_distutils_commands:/home/ordog/ros2_ws/install/turtlebot3_teleop/lib/python3.12/site-packages:${PYTHONPATH} /usr/bin/python3 -W ignore:setup.py install is deprecated -W ignore:easy_install command is deprecated setup.py egg_info --egg-base ../../../build/turtlebot3_teleop build --build-base /home/ordog/ros2_ws/build/turtlebot3_teleop/build install --record /home/ordog/ros2_ws/build/turtlebot3_teleop/install.log --single-version-externally-managed install_data
