[0.556s] Invoking command in '/home/ordog/ros2_ws/build/object_detection_project': CMAKE_PREFIX_PATH=${CMAKE_PREFIX_PATH}:/home/ordog/ros2_ws/install/object_detection_py:/home/ordog/ros2_ws/install/turtlebot3_teleop:/home/ordog/ros2_ws/install/turtlebot3_example:/home/ordog/ros2_ws/install/bme_ros2_tutorials_py:/opt/ros/jazzy /usr/bin/cmake --build /home/ordog/ros2_ws/build/object_detection_project -- -j20 -l20
[0.864s] Invoked command in '/home/ordog/ros2_ws/build/object_detection_project' returned '0': CMAKE_PREFIX_PATH=${CMAKE_PREFIX_PATH}:/home/ordog/ros2_ws/install/object_detection_py:/home/ordog/ros2_ws/install/turtlebot3_teleop:/home/ordog/ros2_ws/install/turtlebot3_example:/home/ordog/ros2_ws/install/bme_ros2_tutorials_py:/opt/ros/jazzy /usr/bin/cmake --build /home/ordog/ros2_ws/build/object_detection_project -- -j20 -l20
[0.866s] Invoking command in '/home/ordog/ros2_ws/build/object_detection_project': CMAKE_PREFIX_PATH=${CMAKE_PREFIX_PATH}:/home/ordog/ros2_ws/install/object_detection_py:/home/ordog/ros2_ws/install/turtlebot3_teleop:/home/ordog/ros2_ws/install/turtlebot3_example:/home/ordog/ros2_ws/install/bme_ros2_tutorials_py:/opt/ros/jazzy /usr/bin/cmake --install /home/ordog/ros2_ws/build/object_detection_project
[0.964s] -- Install configuration: ""
[0.964s] -- Up-to-date: /home/ordog/ros2_ws/install/object_detection_project/share/object_detection_project/launch
[0.964s] -- Up-to-date: /home/ordog/ros2_ws/install/object_detection_project/share/object_detection_project/launch/world.launch.py
[0.964s] -- Up-to-date: /home/ordog/ros2_ws/install/object_detection_project/share/object_detection_project/launch/turtlebot3_world.launch.py
[0.965s] -- Up-to-date: /home/ordog/ros2_ws/install/object_detection_project/share/object_detection_project/worlds
[0.965s] -- Installing: /home/ordog/ros2_ws/install/object_detection_project/share/object_detection_project/worlds/world.sdf
[0.966s] -- Up-to-date: /home/ordog/ros2_ws/install/object_detection_project/share/object_detection_project/worlds/empty.sdf
[0.966s] -- Up-to-date: /home/ordog/ros2_ws/install/object_detection_project/share/ament_index/resource_index/package_run_dependencies/object_detection_project
[0.966s] -- Up-to-date: /home/ordog/ros2_ws/install/object_detection_project/share/ament_index/resource_index/parent_prefix_path/object_detection_project
[0.966s] -- Up-to-date: /home/ordog/ros2_ws/install/object_detection_project/share/object_detection_project/environment/ament_prefix_path.sh
[0.967s] -- Up-to-date: /home/ordog/ros2_ws/install/object_detection_project/share/object_detection_project/environment/ament_prefix_path.dsv
[0.967s] -- Up-to-date: /home/ordog/ros2_ws/install/object_detection_project/share/object_detection_project/environment/path.sh
[0.967s] -- Up-to-date: /home/ordog/ros2_ws/install/object_detection_project/share/object_detection_project/environment/path.dsv
[0.967s] -- Up-to-date: /home/ordog/ros2_ws/install/object_detection_project/share/object_detection_project/local_setup.bash
[0.968s] -- Up-to-date: /home/ordog/ros2_ws/install/object_detection_project/share/object_detection_project/local_setup.sh
[0.968s] -- Up-to-date: /home/ordog/ros2_ws/install/object_detection_project/share/object_detection_project/local_setup.zsh
[0.968s] -- Up-to-date: /home/ordog/ros2_ws/install/object_detection_project/share/object_detection_project/local_setup.dsv
[0.968s] -- Up-to-date: /home/ordog/ros2_ws/install/object_detection_project/share/object_detection_project/package.dsv
[0.968s] -- Up-to-date: /home/ordog/ros2_ws/install/object_detection_project/share/ament_index/resource_index/packages/object_detection_project
[0.968s] -- Up-to-date: /home/ordog/ros2_ws/install/object_detection_project/share/object_detection_project/cmake/object_detection_projectConfig.cmake
[0.969s] -- Up-to-date: /home/ordog/ros2_ws/install/object_detection_project/share/object_detection_project/cmake/object_detection_projectConfig-version.cmake
[0.969s] -- Up-to-date: /home/ordog/ros2_ws/install/object_detection_project/share/object_detection_project/package.xml
[1.042s] Invoked command in '/home/ordog/ros2_ws/build/object_detection_project' returned '0': CMAKE_PREFIX_PATH=${CMAKE_PREFIX_PATH}:/home/ordog/ros2_ws/install/object_detection_py:/home/ordog/ros2_ws/install/turtlebot3_teleop:/home/ordog/ros2_ws/install/turtlebot3_example:/home/ordog/ros2_ws/install/bme_ros2_tutorials_py:/opt/ros/jazzy /usr/bin/cmake --install /home/ordog/ros2_ws/build/object_detection_project
