[1.165s] Invoking command in '/home/ordog/ros2_ws/src/turtlebot3/turtlebot3_teleop': PS1=(tf) \[\e]0;\u@\h: \w\a\]${debian_chroot:+($debian_chroot)}\[\033[01;32m\]\u@\h\[\033[00m\]:\[\033[01;34m\]\w\[\033[00m\]\$ PYTHONPATH=/home/ordog/ros2_ws/build/turtlebot3_teleop/prefix_override:/usr/lib/python3/dist-packages/colcon_core/task/python/colcon_distutils_commands:/home/ordog/ros2_ws/install/turtlebot3_teleop/lib/python3.12/site-packages:${PYTHONPATH} /usr/bin/python3 -W ignore:setup.py install is deprecated -W ignore:easy_install command is deprecated setup.py egg_info --egg-base ../../../build/turtlebot3_teleop build --build-base /home/ordog/ros2_ws/build/turtlebot3_teleop/build install --record /home/ordog/ros2_ws/build/turtlebot3_teleop/install.log --single-version-externally-managed install_data
[1.379s] running egg_info
[1.394s] writing ../../../build/turtlebot3_teleop/turtlebot3_teleop.egg-info/PKG-INFO
[1.395s] writing dependency_links to ../../../build/turtlebot3_teleop/turtlebot3_teleop.egg-info/dependency_links.txt
[1.395s] writing entry points to ../../../build/turtlebot3_teleop/turtlebot3_teleop.egg-info/entry_points.txt
[1.395s] writing requirements to ../../../build/turtlebot3_teleop/turtlebot3_teleop.egg-info/requires.txt
[1.396s] writing top-level names to ../../../build/turtlebot3_teleop/turtlebot3_teleop.egg-info/top_level.txt
[1.431s] reading manifest file '../../../build/turtlebot3_teleop/turtlebot3_teleop.egg-info/SOURCES.txt'
[1.432s] writing manifest file '../../../build/turtlebot3_teleop/turtlebot3_teleop.egg-info/SOURCES.txt'
[1.432s] running build
[1.432s] running build_py
[1.433s] running install
[1.438s] running install_lib
[1.453s] running install_data
[1.453s] running install_egg_info
[1.468s] removing '/home/ordog/ros2_ws/install/turtlebot3_teleop/lib/python3.12/site-packages/turtlebot3_teleop-2.1.5-py3.12.egg-info' (and everything under it)
[1.468s] Copying ../../../build/turtlebot3_teleop/turtlebot3_teleop.egg-info to /home/ordog/ros2_ws/install/turtlebot3_teleop/lib/python3.12/site-packages/turtlebot3_teleop-2.1.5-py3.12.egg-info
[1.469s] running install_scripts
[1.566s] Installing teleop_keyboard script to /home/ordog/ros2_ws/install/turtlebot3_teleop/lib/turtlebot3_teleop
[1.567s] writing list of installed files to '/home/ordog/ros2_ws/build/turtlebot3_teleop/install.log'
[1.607s] Invoked command in '/home/ordog/ros2_ws/src/turtlebot3/turtlebot3_teleop' returned '0': PS1=(tf) \[\e]0;\u@\h: \w\a\]${debian_chroot:+($debian_chroot)}\[\033[01;32m\]\u@\h\[\033[00m\]:\[\033[01;34m\]\w\[\033[00m\]\$ PYTHONPATH=/home/ordog/ros2_ws/build/turtlebot3_teleop/prefix_override:/usr/lib/python3/dist-packages/colcon_core/task/python/colcon_distutils_commands:/home/ordog/ros2_ws/install/turtlebot3_teleop/lib/python3.12/site-packages:${PYTHONPATH} /usr/bin/python3 -W ignore:setup.py install is deprecated -W ignore:easy_install command is deprecated setup.py egg_info --egg-base ../../../build/turtlebot3_teleop build --build-base /home/ordog/ros2_ws/build/turtlebot3_teleop/build install --record /home/ordog/ros2_ws/build/turtlebot3_teleop/install.log --single-version-externally-managed install_data
