[0.476s] Invoking command in '/home/ordog/ros2_ws/build/turtlebot3_simulations': AMENT_PREFIX_PATH=/home/ordog/ros2_ws/install/turtlebot3_fake_node:/home/ordog/ros2_ws/install/turtlebot3_msgs:/home/ordog/ros2_ws/install/turtlebot3_gazebo:${AMENT_PREFIX_PATH} CMAKE_PREFIX_PATH=/home/ordog/ros2_ws/install/turtlebot3_fake_node:/home/ordog/ros2_ws/install/turtlebot3_msgs:/home/ordog/ros2_ws/install/turtlebot3_gazebo:/opt/ros/jazzy/opt/gz_sim_vendor:/opt/ros/jazzy/opt/gz_sensors_vendor:/opt/ros/jazzy/opt/gz_physics_vendor:/opt/ros/jazzy/opt/sdformat_vendor:/opt/ros/jazzy/opt/gz_gui_vendor:/opt/ros/jazzy/opt/gz_transport_vendor:/opt/ros/jazzy/opt/gz_rendering_vendor:/opt/ros/jazzy/opt/gz_plugin_vendor:/opt/ros/jazzy/opt/gz_fuel_tools_vendor:/opt/ros/jazzy/opt/gz_msgs_vendor:/opt/ros/jazzy/opt/gz_common_vendor:/opt/ros/jazzy/opt/gz_math_vendor:/opt/ros/jazzy/opt/gz_utils_vendor:/opt/ros/jazzy/opt/gz_tools_vendor:/opt/ros/jazzy/opt/gz_ogre_next_vendor:/opt/ros/jazzy/opt/gz_dartsim_vendor:/opt/ros/jazzy/opt/gz_cmake_vendor:/home/ordog/ros2_ws/install:/opt/ros/jazzy LD_LIBRARY_PATH=/home/ordog/ros2_ws/install/turtlebot3_msgs/lib:${LD_LIBRARY_PATH} PYTHONPATH=/home/ordog/ros2_ws/install/turtlebot3_msgs/lib/python3.12/site-packages:${PYTHONPATH} /usr/bin/cmake /home/ordog/ros2_ws/src/turtlebot3_simulations/turtlebot3_simulations -DCMAKE_INSTALL_PREFIX=/home/ordog/ros2_ws/install/turtlebot3_simulations
[0.764s] -- The C compiler identification is GNU 13.3.0
[2.149s] -- The CXX compiler identification is GNU 13.3.0
[3.509s] -- Detecting C compiler ABI info
[3.912s] -- Detecting C compiler ABI info - done
[3.925s] -- Check for working C compiler: /usr/bin/cc - skipped
[3.925s] -- Detecting C compile features
[3.926s] -- Detecting C compile features - done
[4.134s] -- Detecting CXX compiler ABI info
[4.525s] -- Detecting CXX compiler ABI info - done
[4.535s] -- Check for working CXX compiler: /usr/bin/c++ - skipped
[4.536s] -- Detecting CXX compile features
[4.536s] -- Detecting CXX compile features - done
[4.541s] -- Found ament_cmake: 2.5.4 (/opt/ros/jazzy/share/ament_cmake/cmake)
[4.723s] -- Found Python3: /usr/bin/python3 (found version "3.12.3") found components: Interpreter 
[4.947s] -- Configuring done (4.5s)
[4.950s] -- Generating done (0.0s)
[4.952s] -- Build files have been written to: /home/ordog/ros2_ws/build/turtlebot3_simulations
[4.957s] Invoked command in '/home/ordog/ros2_ws/build/turtlebot3_simulations' returned '0': AMENT_PREFIX_PATH=/home/ordog/ros2_ws/install/turtlebot3_fake_node:/home/ordog/ros2_ws/install/turtlebot3_msgs:/home/ordog/ros2_ws/install/turtlebot3_gazebo:${AMENT_PREFIX_PATH} CMAKE_PREFIX_PATH=/home/ordog/ros2_ws/install/turtlebot3_fake_node:/home/ordog/ros2_ws/install/turtlebot3_msgs:/home/ordog/ros2_ws/install/turtlebot3_gazebo:/opt/ros/jazzy/opt/gz_sim_vendor:/opt/ros/jazzy/opt/gz_sensors_vendor:/opt/ros/jazzy/opt/gz_physics_vendor:/opt/ros/jazzy/opt/sdformat_vendor:/opt/ros/jazzy/opt/gz_gui_vendor:/opt/ros/jazzy/opt/gz_transport_vendor:/opt/ros/jazzy/opt/gz_rendering_vendor:/opt/ros/jazzy/opt/gz_plugin_vendor:/opt/ros/jazzy/opt/gz_fuel_tools_vendor:/opt/ros/jazzy/opt/gz_msgs_vendor:/opt/ros/jazzy/opt/gz_common_vendor:/opt/ros/jazzy/opt/gz_math_vendor:/opt/ros/jazzy/opt/gz_utils_vendor:/opt/ros/jazzy/opt/gz_tools_vendor:/opt/ros/jazzy/opt/gz_ogre_next_vendor:/opt/ros/jazzy/opt/gz_dartsim_vendor:/opt/ros/jazzy/opt/gz_cmake_vendor:/home/ordog/ros2_ws/install:/opt/ros/jazzy LD_LIBRARY_PATH=/home/ordog/ros2_ws/install/turtlebot3_msgs/lib:${LD_LIBRARY_PATH} PYTHONPATH=/home/ordog/ros2_ws/install/turtlebot3_msgs/lib/python3.12/site-packages:${PYTHONPATH} /usr/bin/cmake /home/ordog/ros2_ws/src/turtlebot3_simulations/turtlebot3_simulations -DCMAKE_INSTALL_PREFIX=/home/ordog/ros2_ws/install/turtlebot3_simulations
[4.958s] Invoking command in '/home/ordog/ros2_ws/build/turtlebot3_simulations': AMENT_PREFIX_PATH=/home/ordog/ros2_ws/install/turtlebot3_fake_node:/home/ordog/ros2_ws/install/turtlebot3_msgs:/home/ordog/ros2_ws/install/turtlebot3_gazebo:${AMENT_PREFIX_PATH} CMAKE_PREFIX_PATH=/home/ordog/ros2_ws/install/turtlebot3_fake_node:/home/ordog/ros2_ws/install/turtlebot3_msgs:/home/ordog/ros2_ws/install/turtlebot3_gazebo:/opt/ros/jazzy/opt/gz_sim_vendor:/opt/ros/jazzy/opt/gz_sensors_vendor:/opt/ros/jazzy/opt/gz_physics_vendor:/opt/ros/jazzy/opt/sdformat_vendor:/opt/ros/jazzy/opt/gz_gui_vendor:/opt/ros/jazzy/opt/gz_transport_vendor:/opt/ros/jazzy/opt/gz_rendering_vendor:/opt/ros/jazzy/opt/gz_plugin_vendor:/opt/ros/jazzy/opt/gz_fuel_tools_vendor:/opt/ros/jazzy/opt/gz_msgs_vendor:/opt/ros/jazzy/opt/gz_common_vendor:/opt/ros/jazzy/opt/gz_math_vendor:/opt/ros/jazzy/opt/gz_utils_vendor:/opt/ros/jazzy/opt/gz_tools_vendor:/opt/ros/jazzy/opt/gz_ogre_next_vendor:/opt/ros/jazzy/opt/gz_dartsim_vendor:/opt/ros/jazzy/opt/gz_cmake_vendor:/home/ordog/ros2_ws/install:/opt/ros/jazzy LD_LIBRARY_PATH=/home/ordog/ros2_ws/install/turtlebot3_msgs/lib:${LD_LIBRARY_PATH} PYTHONPATH=/home/ordog/ros2_ws/install/turtlebot3_msgs/lib/python3.12/site-packages:${PYTHONPATH} /usr/bin/cmake --build /home/ordog/ros2_ws/build/turtlebot3_simulations -- -j20 -l20
[4.994s] Invoked command in '/home/ordog/ros2_ws/build/turtlebot3_simulations' returned '0': AMENT_PREFIX_PATH=/home/ordog/ros2_ws/install/turtlebot3_fake_node:/home/ordog/ros2_ws/install/turtlebot3_msgs:/home/ordog/ros2_ws/install/turtlebot3_gazebo:${AMENT_PREFIX_PATH} CMAKE_PREFIX_PATH=/home/ordog/ros2_ws/install/turtlebot3_fake_node:/home/ordog/ros2_ws/install/turtlebot3_msgs:/home/ordog/ros2_ws/install/turtlebot3_gazebo:/opt/ros/jazzy/opt/gz_sim_vendor:/opt/ros/jazzy/opt/gz_sensors_vendor:/opt/ros/jazzy/opt/gz_physics_vendor:/opt/ros/jazzy/opt/sdformat_vendor:/opt/ros/jazzy/opt/gz_gui_vendor:/opt/ros/jazzy/opt/gz_transport_vendor:/opt/ros/jazzy/opt/gz_rendering_vendor:/opt/ros/jazzy/opt/gz_plugin_vendor:/opt/ros/jazzy/opt/gz_fuel_tools_vendor:/opt/ros/jazzy/opt/gz_msgs_vendor:/opt/ros/jazzy/opt/gz_common_vendor:/opt/ros/jazzy/opt/gz_math_vendor:/opt/ros/jazzy/opt/gz_utils_vendor:/opt/ros/jazzy/opt/gz_tools_vendor:/opt/ros/jazzy/opt/gz_ogre_next_vendor:/opt/ros/jazzy/opt/gz_dartsim_vendor:/opt/ros/jazzy/opt/gz_cmake_vendor:/home/ordog/ros2_ws/install:/opt/ros/jazzy LD_LIBRARY_PATH=/home/ordog/ros2_ws/install/turtlebot3_msgs/lib:${LD_LIBRARY_PATH} PYTHONPATH=/home/ordog/ros2_ws/install/turtlebot3_msgs/lib/python3.12/site-packages:${PYTHONPATH} /usr/bin/cmake --build /home/ordog/ros2_ws/build/turtlebot3_simulations -- -j20 -l20
[4.995s] Invoking command in '/home/ordog/ros2_ws/build/turtlebot3_simulations': AMENT_PREFIX_PATH=/home/ordog/ros2_ws/install/turtlebot3_fake_node:/home/ordog/ros2_ws/install/turtlebot3_msgs:/home/ordog/ros2_ws/install/turtlebot3_gazebo:${AMENT_PREFIX_PATH} CMAKE_PREFIX_PATH=/home/ordog/ros2_ws/install/turtlebot3_fake_node:/home/ordog/ros2_ws/install/turtlebot3_msgs:/home/ordog/ros2_ws/install/turtlebot3_gazebo:/opt/ros/jazzy/opt/gz_sim_vendor:/opt/ros/jazzy/opt/gz_sensors_vendor:/opt/ros/jazzy/opt/gz_physics_vendor:/opt/ros/jazzy/opt/sdformat_vendor:/opt/ros/jazzy/opt/gz_gui_vendor:/opt/ros/jazzy/opt/gz_transport_vendor:/opt/ros/jazzy/opt/gz_rendering_vendor:/opt/ros/jazzy/opt/gz_plugin_vendor:/opt/ros/jazzy/opt/gz_fuel_tools_vendor:/opt/ros/jazzy/opt/gz_msgs_vendor:/opt/ros/jazzy/opt/gz_common_vendor:/opt/ros/jazzy/opt/gz_math_vendor:/opt/ros/jazzy/opt/gz_utils_vendor:/opt/ros/jazzy/opt/gz_tools_vendor:/opt/ros/jazzy/opt/gz_ogre_next_vendor:/opt/ros/jazzy/opt/gz_dartsim_vendor:/opt/ros/jazzy/opt/gz_cmake_vendor:/home/ordog/ros2_ws/install:/opt/ros/jazzy LD_LIBRARY_PATH=/home/ordog/ros2_ws/install/turtlebot3_msgs/lib:${LD_LIBRARY_PATH} PYTHONPATH=/home/ordog/ros2_ws/install/turtlebot3_msgs/lib/python3.12/site-packages:${PYTHONPATH} /usr/bin/cmake --install /home/ordog/ros2_ws/build/turtlebot3_simulations
[5.003s] -- Install configuration: ""
[5.004s] -- Installing: /home/ordog/ros2_ws/install/turtlebot3_simulations/share/ament_index/resource_index/package_run_dependencies/turtlebot3_simulations
[5.004s] -- Installing: /home/ordog/ros2_ws/install/turtlebot3_simulations/share/ament_index/resource_index/parent_prefix_path/turtlebot3_simulations
[5.004s] -- Installing: /home/ordog/ros2_ws/install/turtlebot3_simulations/share/turtlebot3_simulations/environment/ament_prefix_path.sh
[5.005s] -- Installing: /home/ordog/ros2_ws/install/turtlebot3_simulations/share/turtlebot3_simulations/environment/ament_prefix_path.dsv
[5.005s] -- Installing: /home/ordog/ros2_ws/install/turtlebot3_simulations/share/turtlebot3_simulations/environment/path.sh
[5.005s] -- Installing: /home/ordog/ros2_ws/install/turtlebot3_simulations/share/turtlebot3_simulations/environment/path.dsv
[5.005s] -- Installing: /home/ordog/ros2_ws/install/turtlebot3_simulations/share/turtlebot3_simulations/local_setup.bash
[5.005s] -- Installing: /home/ordog/ros2_ws/install/turtlebot3_simulations/share/turtlebot3_simulations/local_setup.sh
[5.005s] -- Installing: /home/ordog/ros2_ws/install/turtlebot3_simulations/share/turtlebot3_simulations/local_setup.zsh
[5.006s] -- Installing: /home/ordog/ros2_ws/install/turtlebot3_simulations/share/turtlebot3_simulations/local_setup.dsv
[5.006s] -- Installing: /home/ordog/ros2_ws/install/turtlebot3_simulations/share/turtlebot3_simulations/package.dsv
[5.006s] -- Installing: /home/ordog/ros2_ws/install/turtlebot3_simulations/share/ament_index/resource_index/packages/turtlebot3_simulations
[5.006s] -- Installing: /home/ordog/ros2_ws/install/turtlebot3_simulations/share/turtlebot3_simulations/cmake/turtlebot3_simulationsConfig.cmake
[5.006s] -- Installing: /home/ordog/ros2_ws/install/turtlebot3_simulations/share/turtlebot3_simulations/cmake/turtlebot3_simulationsConfig-version.cmake
[5.006s] -- Installing: /home/ordog/ros2_ws/install/turtlebot3_simulations/share/turtlebot3_simulations/package.xml
[5.008s] Invoked command in '/home/ordog/ros2_ws/build/turtlebot3_simulations' returned '0': AMENT_PREFIX_PATH=/home/ordog/ros2_ws/install/turtlebot3_fake_node:/home/ordog/ros2_ws/install/turtlebot3_msgs:/home/ordog/ros2_ws/install/turtlebot3_gazebo:${AMENT_PREFIX_PATH} CMAKE_PREFIX_PATH=/home/ordog/ros2_ws/install/turtlebot3_fake_node:/home/ordog/ros2_ws/install/turtlebot3_msgs:/home/ordog/ros2_ws/install/turtlebot3_gazebo:/opt/ros/jazzy/opt/gz_sim_vendor:/opt/ros/jazzy/opt/gz_sensors_vendor:/opt/ros/jazzy/opt/gz_physics_vendor:/opt/ros/jazzy/opt/sdformat_vendor:/opt/ros/jazzy/opt/gz_gui_vendor:/opt/ros/jazzy/opt/gz_transport_vendor:/opt/ros/jazzy/opt/gz_rendering_vendor:/opt/ros/jazzy/opt/gz_plugin_vendor:/opt/ros/jazzy/opt/gz_fuel_tools_vendor:/opt/ros/jazzy/opt/gz_msgs_vendor:/opt/ros/jazzy/opt/gz_common_vendor:/opt/ros/jazzy/opt/gz_math_vendor:/opt/ros/jazzy/opt/gz_utils_vendor:/opt/ros/jazzy/opt/gz_tools_vendor:/opt/ros/jazzy/opt/gz_ogre_next_vendor:/opt/ros/jazzy/opt/gz_dartsim_vendor:/opt/ros/jazzy/opt/gz_cmake_vendor:/home/ordog/ros2_ws/install:/opt/ros/jazzy LD_LIBRARY_PATH=/home/ordog/ros2_ws/install/turtlebot3_msgs/lib:${LD_LIBRARY_PATH} PYTHONPATH=/home/ordog/ros2_ws/install/turtlebot3_msgs/lib/python3.12/site-packages:${PYTHONPATH} /usr/bin/cmake --install /home/ordog/ros2_ws/build/turtlebot3_simulations
