[1.422s] Invoking command in '/home/ordog/ros2_ws/bme_ros2_tutorials_py': PYTHONPATH=/home/ordog/ros2_ws/build/bme_ros2_tutorials_py/prefix_override:/usr/lib/python3/dist-packages/colcon_core/task/python/colcon_distutils_commands:/home/ordog/ros2_ws/install/bme_ros2_tutorials_py/lib/python3.12/site-packages:${PYTHONPATH} /usr/bin/python3 -W ignore:setup.py install is deprecated -W ignore:easy_install command is deprecated setup.py egg_info --egg-base ../build/bme_ros2_tutorials_py build --build-base /home/ordog/ros2_ws/build/bme_ros2_tutorials_py/build install --record /home/ordog/ros2_ws/build/bme_ros2_tutorials_py/install.log --single-version-externally-managed install_data
[1.704s] running egg_info
[1.704s] creating ../build/bme_ros2_tutorials_py/bme_ros2_tutorials_py.egg-info
[1.723s] writing ../build/bme_ros2_tutorials_py/bme_ros2_tutorials_py.egg-info/PKG-INFO
[1.724s] writing dependency_links to ../build/bme_ros2_tutorials_py/bme_ros2_tutorials_py.egg-info/dependency_links.txt
[1.724s] writing requirements to ../build/bme_ros2_tutorials_py/bme_ros2_tutorials_py.egg-info/requires.txt
[1.724s] writing top-level names to ../build/bme_ros2_tutorials_py/bme_ros2_tutorials_py.egg-info/top_level.txt
[1.724s] writing manifest file '../build/bme_ros2_tutorials_py/bme_ros2_tutorials_py.egg-info/SOURCES.txt'
[1.771s] reading manifest file '../build/bme_ros2_tutorials_py/bme_ros2_tutorials_py.egg-info/SOURCES.txt'
[1.772s] writing manifest file '../build/bme_ros2_tutorials_py/bme_ros2_tutorials_py.egg-info/SOURCES.txt'
[1.772s] running build
[1.772s] running build_py
[1.773s] creating /home/ordog/ros2_ws/build/bme_ros2_tutorials_py/build
[1.773s] creating /home/ordog/ros2_ws/build/bme_ros2_tutorials_py/build/lib
[1.774s] creating /home/ordog/ros2_ws/build/bme_ros2_tutorials_py/build/lib/bme_ros2_tutorials_py
[1.774s] copying bme_ros2_tutorials_py/__init__.py -> /home/ordog/ros2_ws/build/bme_ros2_tutorials_py/build/lib/bme_ros2_tutorials_py
[1.774s] running install
[1.784s] running install_lib
[1.805s] creating /home/ordog/ros2_ws/install/bme_ros2_tutorials_py/lib/python3.12/site-packages/bme_ros2_tutorials_py
[1.805s] copying /home/ordog/ros2_ws/build/bme_ros2_tutorials_py/build/lib/bme_ros2_tutorials_py/__init__.py -> /home/ordog/ros2_ws/install/bme_ros2_tutorials_py/lib/python3.12/site-packages/bme_ros2_tutorials_py
[1.806s] byte-compiling /home/ordog/ros2_ws/install/bme_ros2_tutorials_py/lib/python3.12/site-packages/bme_ros2_tutorials_py/__init__.py to __init__.cpython-312.pyc
[1.807s] running install_data
[1.807s] creating /home/ordog/ros2_ws/install/bme_ros2_tutorials_py/share/ament_index
[1.808s] creating /home/ordog/ros2_ws/install/bme_ros2_tutorials_py/share/ament_index/resource_index
[1.808s] creating /home/ordog/ros2_ws/install/bme_ros2_tutorials_py/share/ament_index/resource_index/packages
[1.808s] copying resource/bme_ros2_tutorials_py -> /home/ordog/ros2_ws/install/bme_ros2_tutorials_py/share/ament_index/resource_index/packages
[1.808s] copying package.xml -> /home/ordog/ros2_ws/install/bme_ros2_tutorials_py/share/bme_ros2_tutorials_py
[1.808s] running install_egg_info
[1.833s] Copying ../build/bme_ros2_tutorials_py/bme_ros2_tutorials_py.egg-info to /home/ordog/ros2_ws/install/bme_ros2_tutorials_py/lib/python3.12/site-packages/bme_ros2_tutorials_py-0.0.0-py3.12.egg-info
[1.834s] running install_scripts
[1.989s] writing list of installed files to '/home/ordog/ros2_ws/build/bme_ros2_tutorials_py/install.log'
[2.049s] Invoked command in '/home/ordog/ros2_ws/bme_ros2_tutorials_py' returned '0': PYTHONPATH=/home/ordog/ros2_ws/build/bme_ros2_tutorials_py/prefix_override:/usr/lib/python3/dist-packages/colcon_core/task/python/colcon_distutils_commands:/home/ordog/ros2_ws/install/bme_ros2_tutorials_py/lib/python3.12/site-packages:${PYTHONPATH} /usr/bin/python3 -W ignore:setup.py install is deprecated -W ignore:easy_install command is deprecated setup.py egg_info --egg-base ../build/bme_ros2_tutorials_py build --build-base /home/ordog/ros2_ws/build/bme_ros2_tutorials_py/build install --record /home/ordog/ros2_ws/build/bme_ros2_tutorials_py/install.log --single-version-externally-managed install_data
