[0.812s] Invoking command in '/home/ordog/ros2_ws/src/turtlebot3/turtlebot3_example': CMAKE_PREFIX_PATH=/home/ordog/ros2_ws/install/turtlebot3_msgs:/home/ordog/ros2_ws/install/turtlebot3:/home/ordog/ros2_ws/install/turtlebot3_slam_toolbox:/home/ordog/ros2_ws/install/turtlebot3_simulations:/home/ordog/ros2_ws/install/turtlebot3_navigation2:/home/ordog/ros2_ws/install/turtlebot3_fake_node:/home/ordog/ros2_ws/install/turtlebot3_hardware:/home/ordog/ros2_ws/install/turtlebot3_gazebo:/home/ordog/ros2_ws/install/turtlebot3_bringup:/home/ordog/ros2_ws/install/turtlebot3_description:/home/ordog/ros2_ws/install/turtlebot3_cartographer:/home/ordog/ros2_ws/install/object_detection_project:/opt/ros/jazzy/opt/gz_sim_vendor:/opt/ros/jazzy/opt/gz_sensors_vendor:/opt/ros/jazzy/opt/gz_physics_vendor:/opt/ros/jazzy/opt/sdformat_vendor:/opt/ros/jazzy/opt/gz_gui_vendor:/opt/ros/jazzy/opt/gz_transport_vendor:/opt/ros/jazzy/opt/gz_rendering_vendor:/opt/ros/jazzy/opt/gz_plugin_vendor:/opt/ros/jazzy/opt/gz_fuel_tools_vendor:/opt/ros/jazzy/opt/gz_msgs_vendor:/opt/ros/jazzy/opt/gz_common_vendor:/opt/ros/jazzy/opt/gz_math_vendor:/opt/ros/jazzy/opt/gz_utils_vendor:/opt/ros/jazzy/opt/gz_tools_vendor:/opt/ros/jazzy/opt/gz_ogre_next_vendor:/opt/ros/jazzy/opt/gz_dartsim_vendor:/opt/ros/jazzy/opt/gz_cmake_vendor PS1=(tf) \[\e]0;\u@\h: \w\a\]${debian_chroot:+($debian_chroot)}\[\033[01;32m\]\u@\h\[\033[00m\]:\[\033[01;34m\]\w\[\033[00m\]\$ PYTHONPATH=/home/ordog/ros2_ws/build/turtlebot3_example/prefix_override:/usr/lib/python3/dist-packages/colcon_core/task/python/colcon_distutils_commands:/home/ordog/ros2_ws/install/turtlebot3_example/lib/python3.12/site-packages:/home/ordog/ros2_ws/install/turtlebot3_msgs/lib/python3.12/site-packages:/home/ordog/ros2_ws/install/turtlebot3_teleop/lib/python3.12/site-packages:/home/ordog/ros2_ws/install/turtlebot3_example/lib/python3.12/site-packages:/home/ordog/ros2_ws/install/object_detection_py/lib/python3.12/site-packages:/home/ordog/ros2_ws/install/bme_ros2_tutorials_py/lib/python3.12/site-packages:/opt/ros/jazzy/lib/python3.12/site-packages /usr/bin/python3 -W ignore:setup.py install is deprecated -W ignore:easy_install command is deprecated setup.py egg_info --egg-base ../../../build/turtlebot3_example build --build-base /home/ordog/ros2_ws/build/turtlebot3_example/build install --record /home/ordog/ros2_ws/build/turtlebot3_example/install.log --single-version-externally-managed install_data
[1.028s] running egg_info
[1.042s] writing ../../../build/turtlebot3_example/turtlebot3_example.egg-info/PKG-INFO
[1.042s] writing dependency_links to ../../../build/turtlebot3_example/turtlebot3_example.egg-info/dependency_links.txt
[1.044s] writing entry points to ../../../build/turtlebot3_example/turtlebot3_example.egg-info/entry_points.txt
[1.045s] writing requirements to ../../../build/turtlebot3_example/turtlebot3_example.egg-info/requires.txt
[1.045s] writing top-level names to ../../../build/turtlebot3_example/turtlebot3_example.egg-info/top_level.txt
[1.072s] reading manifest file '../../../build/turtlebot3_example/turtlebot3_example.egg-info/SOURCES.txt'
[1.073s] writing manifest file '../../../build/turtlebot3_example/turtlebot3_example.egg-info/SOURCES.txt'
[1.073s] running build
[1.073s] running build_py
[1.073s] running install
[1.078s] running install_lib
[1.093s] running install_data
[1.093s] running install_egg_info
[1.108s] removing '/home/ordog/ros2_ws/install/turtlebot3_example/lib/python3.12/site-packages/turtlebot3_example-2.1.5-py3.12.egg-info' (and everything under it)
[1.110s] Copying ../../../build/turtlebot3_example/turtlebot3_example.egg-info to /home/ordog/ros2_ws/install/turtlebot3_example/lib/python3.12/site-packages/turtlebot3_example-2.1.5-py3.12.egg-info
[1.110s] running install_scripts
[1.205s] Installing turtlebot3_interactive_marker script to /home/ordog/ros2_ws/install/turtlebot3_example/lib/turtlebot3_example
[1.206s] Installing turtlebot3_obstacle_detection script to /home/ordog/ros2_ws/install/turtlebot3_example/lib/turtlebot3_example
[1.206s] Installing turtlebot3_patrol_client script to /home/ordog/ros2_ws/install/turtlebot3_example/lib/turtlebot3_example
[1.207s] Installing turtlebot3_patrol_server script to /home/ordog/ros2_ws/install/turtlebot3_example/lib/turtlebot3_example
[1.207s] Installing turtlebot3_position_control_pointop_key script to /home/ordog/ros2_ws/install/turtlebot3_example/lib/turtlebot3_example
[1.207s] writing list of installed files to '/home/ordog/ros2_ws/build/turtlebot3_example/install.log'
[1.228s] Invoked command in '/home/ordog/ros2_ws/src/turtlebot3/turtlebot3_example' returned '0': CMAKE_PREFIX_PATH=/home/ordog/ros2_ws/install/turtlebot3_msgs:/home/ordog/ros2_ws/install/turtlebot3:/home/ordog/ros2_ws/install/turtlebot3_slam_toolbox:/home/ordog/ros2_ws/install/turtlebot3_simulations:/home/ordog/ros2_ws/install/turtlebot3_navigation2:/home/ordog/ros2_ws/install/turtlebot3_fake_node:/home/ordog/ros2_ws/install/turtlebot3_hardware:/home/ordog/ros2_ws/install/turtlebot3_gazebo:/home/ordog/ros2_ws/install/turtlebot3_bringup:/home/ordog/ros2_ws/install/turtlebot3_description:/home/ordog/ros2_ws/install/turtlebot3_cartographer:/home/ordog/ros2_ws/install/object_detection_project:/opt/ros/jazzy/opt/gz_sim_vendor:/opt/ros/jazzy/opt/gz_sensors_vendor:/opt/ros/jazzy/opt/gz_physics_vendor:/opt/ros/jazzy/opt/sdformat_vendor:/opt/ros/jazzy/opt/gz_gui_vendor:/opt/ros/jazzy/opt/gz_transport_vendor:/opt/ros/jazzy/opt/gz_rendering_vendor:/opt/ros/jazzy/opt/gz_plugin_vendor:/opt/ros/jazzy/opt/gz_fuel_tools_vendor:/opt/ros/jazzy/opt/gz_msgs_vendor:/opt/ros/jazzy/opt/gz_common_vendor:/opt/ros/jazzy/opt/gz_math_vendor:/opt/ros/jazzy/opt/gz_utils_vendor:/opt/ros/jazzy/opt/gz_tools_vendor:/opt/ros/jazzy/opt/gz_ogre_next_vendor:/opt/ros/jazzy/opt/gz_dartsim_vendor:/opt/ros/jazzy/opt/gz_cmake_vendor PS1=(tf) \[\e]0;\u@\h: \w\a\]${debian_chroot:+($debian_chroot)}\[\033[01;32m\]\u@\h\[\033[00m\]:\[\033[01;34m\]\w\[\033[00m\]\$ PYTHONPATH=/home/ordog/ros2_ws/build/turtlebot3_example/prefix_override:/usr/lib/python3/dist-packages/colcon_core/task/python/colcon_distutils_commands:/home/ordog/ros2_ws/install/turtlebot3_example/lib/python3.12/site-packages:/home/ordog/ros2_ws/install/turtlebot3_msgs/lib/python3.12/site-packages:/home/ordog/ros2_ws/install/turtlebot3_teleop/lib/python3.12/site-packages:/home/ordog/ros2_ws/install/turtlebot3_example/lib/python3.12/site-packages:/home/ordog/ros2_ws/install/object_detection_py/lib/python3.12/site-packages:/home/ordog/ros2_ws/install/bme_ros2_tutorials_py/lib/python3.12/site-packages:/opt/ros/jazzy/lib/python3.12/site-packages /usr/bin/python3 -W ignore:setup.py install is deprecated -W ignore:easy_install command is deprecated setup.py egg_info --egg-base ../../../build/turtlebot3_example build --build-base /home/ordog/ros2_ws/build/turtlebot3_example/build install --record /home/ordog/ros2_ws/build/turtlebot3_example/install.log --single-version-externally-managed install_data
