[0.046s] Invoking command in '/home/ordog/ros2_ws/build/turtlebot3_gazebo': CMAKE_PREFIX_PATH=${CMAKE_PREFIX_PATH}:/home/ordog/ros2_ws/install/turtlebot3_teleop:/home/ordog/ros2_ws/install/turtlebot3_example:/home/ordog/ros2_ws/install/object_detection_py:/home/ordog/ros2_ws/install/bme_ros2_tutorials_py:/opt/ros/jazzy PS1=(tf) \[\e]0;\u@\h: \w\a\]${debian_chroot:+($debian_chroot)}\[\033[01;32m\]\u@\h\[\033[00m\]:\[\033[01;34m\]\w\[\033[00m\]\$ /usr/bin/cmake --build /home/ordog/ros2_ws/build/turtlebot3_gazebo -- -j20 -l20
[0.621s] [100%] Built target turtlebot3_drive
[0.634s] Invoked command in '/home/ordog/ros2_ws/build/turtlebot3_gazebo' returned '0': CMAKE_PREFIX_PATH=${CMAKE_PREFIX_PATH}:/home/ordog/ros2_ws/install/turtlebot3_teleop:/home/ordog/ros2_ws/install/turtlebot3_example:/home/ordog/ros2_ws/install/object_detection_py:/home/ordog/ros2_ws/install/bme_ros2_tutorials_py:/opt/ros/jazzy PS1=(tf) \[\e]0;\u@\h: \w\a\]${debian_chroot:+($debian_chroot)}\[\033[01;32m\]\u@\h\[\033[00m\]:\[\033[01;34m\]\w\[\033[00m\]\$ /usr/bin/cmake --build /home/ordog/ros2_ws/build/turtlebot3_gazebo -- -j20 -l20
[0.634s] Invoking command in '/home/ordog/ros2_ws/build/turtlebot3_gazebo': CMAKE_PREFIX_PATH=${CMAKE_PREFIX_PATH}:/home/ordog/ros2_ws/install/turtlebot3_teleop:/home/ordog/ros2_ws/install/turtlebot3_example:/home/ordog/ros2_ws/install/object_detection_py:/home/ordog/ros2_ws/install/bme_ros2_tutorials_py:/opt/ros/jazzy PS1=(tf) \[\e]0;\u@\h: \w\a\]${debian_chroot:+($debian_chroot)}\[\033[01;32m\]\u@\h\[\033[00m\]:\[\033[01;34m\]\w\[\033[00m\]\$ /usr/bin/cmake --install /home/ordog/ros2_ws/build/turtlebot3_gazebo
[0.700s] -- Install configuration: ""
[0.700s] -- Up-to-date: /home/ordog/ros2_ws/install/turtlebot3_gazebo/lib/turtlebot3_gazebo/turtlebot3_drive
[0.701s] -- Up-to-date: /home/ordog/ros2_ws/install/turtlebot3_gazebo/share/turtlebot3_gazebo//launch
[0.701s] -- Up-to-date: /home/ordog/ros2_ws/install/turtlebot3_gazebo/share/turtlebot3_gazebo//launch/robot_state_publisher.launch.py
[0.701s] -- Up-to-date: /home/ordog/ros2_ws/install/turtlebot3_gazebo/share/turtlebot3_gazebo//launch/turtlebot3_dqn_stage2.launch.py
[0.701s] -- Up-to-date: /home/ordog/ros2_ws/install/turtlebot3_gazebo/share/turtlebot3_gazebo//launch/empty_world.launch.py
[0.701s] -- Up-to-date: /home/ordog/ros2_ws/install/turtlebot3_gazebo/share/turtlebot3_gazebo//launch/turtlebot3_dqn_stage1.launch.py
[0.702s] -- Up-to-date: /home/ordog/ros2_ws/install/turtlebot3_gazebo/share/turtlebot3_gazebo//launch/turtlebot3_house.launch.py
[0.702s] -- Up-to-date: /home/ordog/ros2_ws/install/turtlebot3_gazebo/share/turtlebot3_gazebo//launch/turtlebot3_dqn_stage4.launch.py
[0.702s] -- Up-to-date: /home/ordog/ros2_ws/install/turtlebot3_gazebo/share/turtlebot3_gazebo//launch/spawn_turtlebot3.launch.py
[0.702s] -- Up-to-date: /home/ordog/ros2_ws/install/turtlebot3_gazebo/share/turtlebot3_gazebo//launch/turtlebot3_world.launch.py
[0.702s] -- Up-to-date: /home/ordog/ros2_ws/install/turtlebot3_gazebo/share/turtlebot3_gazebo//launch/turtlebot3_dqn_stage3.launch.py
[0.702s] -- Up-to-date: /home/ordog/ros2_ws/install/turtlebot3_gazebo/share/turtlebot3_gazebo//maps
[0.702s] -- Up-to-date: /home/ordog/ros2_ws/install/turtlebot3_gazebo/share/turtlebot3_gazebo//maps/map.pgm
[0.702s] -- Up-to-date: /home/ordog/ros2_ws/install/turtlebot3_gazebo/share/turtlebot3_gazebo//maps/map.yaml
[0.703s] -- Up-to-date: /home/ordog/ros2_ws/install/turtlebot3_gazebo/share/turtlebot3_gazebo//models
[0.703s] -- Up-to-date: /home/ordog/ros2_ws/install/turtlebot3_gazebo/share/turtlebot3_gazebo//models/turtlebot3_waffle_pi
[0.703s] -- Up-to-date: /home/ordog/ros2_ws/install/turtlebot3_gazebo/share/turtlebot3_gazebo//models/turtlebot3_waffle_pi/model-1_4_.sdf
[0.703s] -- Up-to-date: /home/ordog/ros2_ws/install/turtlebot3_gazebo/share/turtlebot3_gazebo//models/turtlebot3_waffle_pi/model.config
[0.704s] -- Up-to-date: /home/ordog/ros2_ws/install/turtlebot3_gazebo/share/turtlebot3_gazebo//models/turtlebot3_waffle_pi/model.sdf
[0.704s] -- Up-to-date: /home/ordog/ros2_ws/install/turtlebot3_gazebo/share/turtlebot3_gazebo//models/turtlebot3_common
[0.704s] -- Up-to-date: /home/ordog/ros2_ws/install/turtlebot3_gazebo/share/turtlebot3_gazebo//models/turtlebot3_common/meshes
[0.704s] -- Up-to-date: /home/ordog/ros2_ws/install/turtlebot3_gazebo/share/turtlebot3_gazebo//models/turtlebot3_common/meshes/lds.dae
[0.704s] -- Up-to-date: /home/ordog/ros2_ws/install/turtlebot3_gazebo/share/turtlebot3_gazebo//models/turtlebot3_common/meshes/lidar.stl
[0.704s] -- Up-to-date: /home/ordog/ros2_ws/install/turtlebot3_gazebo/share/turtlebot3_gazebo//models/turtlebot3_common/meshes/r200.dae
[0.704s] -- Up-to-date: /home/ordog/ros2_ws/install/turtlebot3_gazebo/share/turtlebot3_gazebo//models/turtlebot3_common/meshes/tire.dae
[0.704s] -- Up-to-date: /home/ordog/ros2_ws/install/turtlebot3_gazebo/share/turtlebot3_gazebo//models/turtlebot3_common/meshes/right_tire.stl
[0.705s] -- Up-to-date: /home/ordog/ros2_ws/install/turtlebot3_gazebo/share/turtlebot3_gazebo//models/turtlebot3_common/meshes/left_tire.stl
[0.705s] -- Up-to-date: /home/ordog/ros2_ws/install/turtlebot3_gazebo/share/turtlebot3_gazebo//models/turtlebot3_common/meshes/waffle_pi_base.dae
[0.705s] -- Up-to-date: /home/ordog/ros2_ws/install/turtlebot3_gazebo/share/turtlebot3_gazebo//models/turtlebot3_common/meshes/burger_base.dae
[0.705s] -- Up-to-date: /home/ordog/ros2_ws/install/turtlebot3_gazebo/share/turtlebot3_gazebo//models/turtlebot3_common/meshes/burger_base.stl
[0.705s] -- Up-to-date: /home/ordog/ros2_ws/install/turtlebot3_gazebo/share/turtlebot3_gazebo//models/turtlebot3_common/meshes/waffle_base.dae
[0.705s] -- Up-to-date: /home/ordog/ros2_ws/install/turtlebot3_gazebo/share/turtlebot3_gazebo//models/turtlebot3_common/model.config
[0.705s] -- Up-to-date: /home/ordog/ros2_ws/install/turtlebot3_gazebo/share/turtlebot3_gazebo//models/turtlebot3_dqn_world
[0.705s] -- Up-to-date: /home/ordog/ros2_ws/install/turtlebot3_gazebo/share/turtlebot3_gazebo//models/turtlebot3_dqn_world/obstacle2
[0.706s] -- Up-to-date: /home/ordog/ros2_ws/install/turtlebot3_gazebo/share/turtlebot3_gazebo//models/turtlebot3_dqn_world/obstacle2/model.config
[0.706s] -- Up-to-date: /home/ordog/ros2_ws/install/turtlebot3_gazebo/share/turtlebot3_gazebo//models/turtlebot3_dqn_world/obstacle2/model.sdf
[0.706s] -- Up-to-date: /home/ordog/ros2_ws/install/turtlebot3_gazebo/share/turtlebot3_gazebo//models/turtlebot3_dqn_world/model.config
[0.706s] -- Up-to-date: /home/ordog/ros2_ws/install/turtlebot3_gazebo/share/turtlebot3_gazebo//models/turtlebot3_dqn_world/obstacle_plugin
[0.707s] -- Up-to-date: /home/ordog/ros2_ws/install/turtlebot3_gazebo/share/turtlebot3_gazebo//models/turtlebot3_dqn_world/obstacle_plugin/obstacles.cc
[0.707s] -- Up-to-date: /home/ordog/ros2_ws/install/turtlebot3_gazebo/share/turtlebot3_gazebo//models/turtlebot3_dqn_world/obstacle_plugin/obstacle1.cc
[0.707s] -- Up-to-date: /home/ordog/ros2_ws/install/turtlebot3_gazebo/share/turtlebot3_gazebo//models/turtlebot3_dqn_world/obstacle_plugin/CMakeLists.txt
[0.707s] -- Up-to-date: /home/ordog/ros2_ws/install/turtlebot3_gazebo/share/turtlebot3_gazebo//models/turtlebot3_dqn_world/obstacle_plugin/obstacle2.cc
[0.707s] -- Up-to-date: /home/ordog/ros2_ws/install/turtlebot3_gazebo/share/turtlebot3_gazebo//models/turtlebot3_dqn_world/goal_box
[0.708s] -- Up-to-date: /home/ordog/ros2_ws/install/turtlebot3_gazebo/share/turtlebot3_gazebo//models/turtlebot3_dqn_world/goal_box/model.config
[0.708s] -- Up-to-date: /home/ordog/ros2_ws/install/turtlebot3_gazebo/share/turtlebot3_gazebo//models/turtlebot3_dqn_world/goal_box/model.sdf
[0.708s] -- Up-to-date: /home/ordog/ros2_ws/install/turtlebot3_gazebo/share/turtlebot3_gazebo//models/turtlebot3_dqn_world/obstacle1
[0.708s] -- Up-to-date: /home/ordog/ros2_ws/install/turtlebot3_gazebo/share/turtlebot3_gazebo//models/turtlebot3_dqn_world/obstacle1/model.config
[0.708s] -- Up-to-date: /home/ordog/ros2_ws/install/turtlebot3_gazebo/share/turtlebot3_gazebo//models/turtlebot3_dqn_world/obstacle1/model.sdf
[0.708s] -- Up-to-date: /home/ordog/ros2_ws/install/turtlebot3_gazebo/share/turtlebot3_gazebo//models/turtlebot3_dqn_world/model.sdf
[0.708s] -- Up-to-date: /home/ordog/ros2_ws/install/turtlebot3_gazebo/share/turtlebot3_gazebo//models/turtlebot3_dqn_world/obstacles
[0.708s] -- Up-to-date: /home/ordog/ros2_ws/install/turtlebot3_gazebo/share/turtlebot3_gazebo//models/turtlebot3_dqn_world/obstacles/model.config
[0.708s] -- Up-to-date: /home/ordog/ros2_ws/install/turtlebot3_gazebo/share/turtlebot3_gazebo//models/turtlebot3_dqn_world/obstacles/model.sdf
[0.708s] -- Up-to-date: /home/ordog/ros2_ws/install/turtlebot3_gazebo/share/turtlebot3_gazebo//models/turtlebot3_dqn_world/inner_walls
[0.708s] -- Up-to-date: /home/ordog/ros2_ws/install/turtlebot3_gazebo/share/turtlebot3_gazebo//models/turtlebot3_dqn_world/inner_walls/model.config
[0.709s] -- Up-to-date: /home/ordog/ros2_ws/install/turtlebot3_gazebo/share/turtlebot3_gazebo//models/turtlebot3_dqn_world/inner_walls/model.sdf
[0.709s] -- Up-to-date: /home/ordog/ros2_ws/install/turtlebot3_gazebo/share/turtlebot3_gazebo//models/turtlebot3_burger
[0.709s] -- Up-to-date: /home/ordog/ros2_ws/install/turtlebot3_gazebo/share/turtlebot3_gazebo//models/turtlebot3_burger/model.config
[0.709s] -- Up-to-date: /home/ordog/ros2_ws/install/turtlebot3_gazebo/share/turtlebot3_gazebo//models/turtlebot3_burger/model-1_4.sdf
[0.709s] -- Up-to-date: /home/ordog/ros2_ws/install/turtlebot3_gazebo/share/turtlebot3_gazebo//models/turtlebot3_burger/model.sdf
[0.709s] -- Up-to-date: /home/ordog/ros2_ws/install/turtlebot3_gazebo/share/turtlebot3_gazebo//models/turtlebot3_world
[0.709s] -- Up-to-date: /home/ordog/ros2_ws/install/turtlebot3_gazebo/share/turtlebot3_gazebo//models/turtlebot3_world/meshes
[0.709s] -- Up-to-date: /home/ordog/ros2_ws/install/turtlebot3_gazebo/share/turtlebot3_gazebo//models/turtlebot3_world/meshes/wall.dae
[0.710s] -- Up-to-date: /home/ordog/ros2_ws/install/turtlebot3_gazebo/share/turtlebot3_gazebo//models/turtlebot3_world/meshes/hexagon.dae
[0.710s] -- Up-to-date: /home/ordog/ros2_ws/install/turtlebot3_gazebo/share/turtlebot3_gazebo//models/turtlebot3_world/model.config
[0.710s] -- Up-to-date: /home/ordog/ros2_ws/install/turtlebot3_gazebo/share/turtlebot3_gazebo//models/turtlebot3_world/model-1_4.sdf
[0.710s] -- Up-to-date: /home/ordog/ros2_ws/install/turtlebot3_gazebo/share/turtlebot3_gazebo//models/turtlebot3_world/model.sdf
[0.710s] -- Up-to-date: /home/ordog/ros2_ws/install/turtlebot3_gazebo/share/turtlebot3_gazebo//models/turtlebot3_house
[0.710s] -- Up-to-date: /home/ordog/ros2_ws/install/turtlebot3_gazebo/share/turtlebot3_gazebo//models/turtlebot3_house/materials
[0.710s] -- Up-to-date: /home/ordog/ros2_ws/install/turtlebot3_gazebo/share/turtlebot3_gazebo//models/turtlebot3_house/materials/textures
[0.711s] -- Up-to-date: /home/ordog/ros2_ws/install/turtlebot3_gazebo/share/turtlebot3_gazebo//models/turtlebot3_house/materials/textures/wood.jpg
[0.711s] -- Up-to-date: /home/ordog/ros2_ws/install/turtlebot3_gazebo/share/turtlebot3_gazebo//models/turtlebot3_house/materials/textures/bricks.png
[0.711s] -- Up-to-date: /home/ordog/ros2_ws/install/turtlebot3_gazebo/share/turtlebot3_gazebo//models/turtlebot3_house/model.config
[0.711s] -- Up-to-date: /home/ordog/ros2_ws/install/turtlebot3_gazebo/share/turtlebot3_gazebo//models/turtlebot3_house/model.sdf
[0.711s] -- Up-to-date: /home/ordog/ros2_ws/install/turtlebot3_gazebo/share/turtlebot3_gazebo//models/turtlebot3_waffle
[0.711s] -- Up-to-date: /home/ordog/ros2_ws/install/turtlebot3_gazebo/share/turtlebot3_gazebo//models/turtlebot3_waffle/model.config
[0.712s] -- Up-to-date: /home/ordog/ros2_ws/install/turtlebot3_gazebo/share/turtlebot3_gazebo//models/turtlebot3_waffle/model-1_4.sdf
[0.712s] -- Up-to-date: /home/ordog/ros2_ws/install/turtlebot3_gazebo/share/turtlebot3_gazebo//models/turtlebot3_waffle/model.sdf
[0.712s] -- Up-to-date: /home/ordog/ros2_ws/install/turtlebot3_gazebo/share/turtlebot3_gazebo//params
[0.712s] -- Up-to-date: /home/ordog/ros2_ws/install/turtlebot3_gazebo/share/turtlebot3_gazebo//params/turtlebot3_bridge.yaml
[0.712s] -- Up-to-date: /home/ordog/ros2_ws/install/turtlebot3_gazebo/share/turtlebot3_gazebo//rviz
[0.712s] -- Up-to-date: /home/ordog/ros2_ws/install/turtlebot3_gazebo/share/turtlebot3_gazebo//rviz/tb3_gazebo.rviz
[0.712s] -- Up-to-date: /home/ordog/ros2_ws/install/turtlebot3_gazebo/share/turtlebot3_gazebo//urdf
[0.713s] -- Up-to-date: /home/ordog/ros2_ws/install/turtlebot3_gazebo/share/turtlebot3_gazebo//urdf/common_properties.urdf
[0.713s] -- Up-to-date: /home/ordog/ros2_ws/install/turtlebot3_gazebo/share/turtlebot3_gazebo//urdf/turtlebot3_burger.urdf
[0.713s] -- Up-to-date: /home/ordog/ros2_ws/install/turtlebot3_gazebo/share/turtlebot3_gazebo//urdf/turtlebot3_waffle_pi.urdf
[0.713s] -- Up-to-date: /home/ordog/ros2_ws/install/turtlebot3_gazebo/share/turtlebot3_gazebo//urdf/turtlebot3_waffle.urdf
[0.713s] -- Up-to-date: /home/ordog/ros2_ws/install/turtlebot3_gazebo/share/turtlebot3_gazebo//worlds
[0.713s] -- Up-to-date: /home/ordog/ros2_ws/install/turtlebot3_gazebo/share/turtlebot3_gazebo//worlds/turtlebot3_world.sdf
[0.713s] -- Up-to-date: /home/ordog/ros2_ws/install/turtlebot3_gazebo/share/turtlebot3_gazebo//worlds/turtlebot3_dqn_stage4.world
[0.714s] -- Up-to-date: /home/ordog/ros2_ws/install/turtlebot3_gazebo/share/turtlebot3_gazebo//worlds/turtlebot3_dqn_stage1.world
[0.714s] -- Up-to-date: /home/ordog/ros2_ws/install/turtlebot3_gazebo/share/turtlebot3_gazebo//worlds/turtlebot3_dqn_stage3.world
[0.714s] -- Up-to-date: /home/ordog/ros2_ws/install/turtlebot3_gazebo/share/turtlebot3_gazebo//worlds/empty.sdf
[0.714s] -- Up-to-date: /home/ordog/ros2_ws/install/turtlebot3_gazebo/share/turtlebot3_gazebo//worlds/turtlebot3_dqn_stage2.world
[0.714s] -- Up-to-date: /home/ordog/ros2_ws/install/turtlebot3_gazebo/share/turtlebot3_gazebo//worlds/turtlebot3_house.sdf
[0.714s] -- Up-to-date: /home/ordog/ros2_ws/install/turtlebot3_gazebo/include/
[0.714s] -- Up-to-date: /home/ordog/ros2_ws/install/turtlebot3_gazebo/include//turtlebot3_gazebo
[0.714s] -- Up-to-date: /home/ordog/ros2_ws/install/turtlebot3_gazebo/include//turtlebot3_gazebo/turtlebot3_drive.hpp
[0.714s] -- Up-to-date: /home/ordog/ros2_ws/install/turtlebot3_gazebo/share/ament_index/resource_index/package_run_dependencies/turtlebot3_gazebo
[0.715s] -- Up-to-date: /home/ordog/ros2_ws/install/turtlebot3_gazebo/share/ament_index/resource_index/parent_prefix_path/turtlebot3_gazebo
[0.715s] -- Up-to-date: /home/ordog/ros2_ws/install/turtlebot3_gazebo/share/turtlebot3_gazebo/environment/ament_prefix_path.sh
[0.715s] -- Up-to-date: /home/ordog/ros2_ws/install/turtlebot3_gazebo/share/turtlebot3_gazebo/environment/ament_prefix_path.dsv
[0.715s] -- Up-to-date: /home/ordog/ros2_ws/install/turtlebot3_gazebo/share/turtlebot3_gazebo/environment/path.sh
[0.715s] -- Up-to-date: /home/ordog/ros2_ws/install/turtlebot3_gazebo/share/turtlebot3_gazebo/environment/path.dsv
[0.715s] -- Up-to-date: /home/ordog/ros2_ws/install/turtlebot3_gazebo/share/turtlebot3_gazebo/local_setup.bash
[0.715s] -- Up-to-date: /home/ordog/ros2_ws/install/turtlebot3_gazebo/share/turtlebot3_gazebo/local_setup.sh
[0.715s] -- Up-to-date: /home/ordog/ros2_ws/install/turtlebot3_gazebo/share/turtlebot3_gazebo/local_setup.zsh
[0.716s] -- Up-to-date: /home/ordog/ros2_ws/install/turtlebot3_gazebo/share/turtlebot3_gazebo/local_setup.dsv
[0.716s] -- Installing: /home/ordog/ros2_ws/install/turtlebot3_gazebo/share/turtlebot3_gazebo/package.dsv
[0.716s] -- Up-to-date: /home/ordog/ros2_ws/install/turtlebot3_gazebo/share/ament_index/resource_index/packages/turtlebot3_gazebo
[0.716s] -- Up-to-date: /home/ordog/ros2_ws/install/turtlebot3_gazebo/share/turtlebot3_gazebo/cmake/ament_cmake_export_include_directories-extras.cmake
[0.716s] -- Up-to-date: /home/ordog/ros2_ws/install/turtlebot3_gazebo/share/turtlebot3_gazebo/cmake/ament_cmake_export_dependencies-extras.cmake
[0.716s] -- Up-to-date: /home/ordog/ros2_ws/install/turtlebot3_gazebo/share/turtlebot3_gazebo/cmake/turtlebot3_gazeboConfig.cmake
[0.716s] -- Up-to-date: /home/ordog/ros2_ws/install/turtlebot3_gazebo/share/turtlebot3_gazebo/cmake/turtlebot3_gazeboConfig-version.cmake
[0.716s] -- Up-to-date: /home/ordog/ros2_ws/install/turtlebot3_gazebo/share/turtlebot3_gazebo/package.xml
[0.785s] Invoked command in '/home/ordog/ros2_ws/build/turtlebot3_gazebo' returned '0': CMAKE_PREFIX_PATH=${CMAKE_PREFIX_PATH}:/home/ordog/ros2_ws/install/turtlebot3_teleop:/home/ordog/ros2_ws/install/turtlebot3_example:/home/ordog/ros2_ws/install/object_detection_py:/home/ordog/ros2_ws/install/bme_ros2_tutorials_py:/opt/ros/jazzy PS1=(tf) \[\e]0;\u@\h: \w\a\]${debian_chroot:+($debian_chroot)}\[\033[01;32m\]\u@\h\[\033[00m\]:\[\033[01;34m\]\w\[\033[00m\]\$ /usr/bin/cmake --install /home/ordog/ros2_ws/build/turtlebot3_gazebo
