[0.048s] Invoking command in '/home/ordog/ros2_ws/build/turtlebot3_cartographer': CMAKE_PREFIX_PATH=${CMAKE_PREFIX_PATH}:/home/ordog/ros2_ws/install/turtlebot3_teleop:/home/ordog/ros2_ws/install/turtlebot3_example:/home/ordog/ros2_ws/install/object_detection_py:/home/ordog/ros2_ws/install/bme_ros2_tutorials_py:/opt/ros/jazzy PS1=(tf) \[\e]0;\u@\h: \w\a\]${debian_chroot:+($debian_chroot)}\[\033[01;32m\]\u@\h\[\033[00m\]:\[\033[01;34m\]\w\[\033[00m\]\$ /usr/bin/cmake --build /home/ordog/ros2_ws/build/turtlebot3_cartographer -- -j20 -l20
[0.639s] Invoked command in '/home/ordog/ros2_ws/build/turtlebot3_cartographer' returned '0': CMAKE_PREFIX_PATH=${CMAKE_PREFIX_PATH}:/home/ordog/ros2_ws/install/turtlebot3_teleop:/home/ordog/ros2_ws/install/turtlebot3_example:/home/ordog/ros2_ws/install/object_detection_py:/home/ordog/ros2_ws/install/bme_ros2_tutorials_py:/opt/ros/jazzy PS1=(tf) \[\e]0;\u@\h: \w\a\]${debian_chroot:+($debian_chroot)}\[\033[01;32m\]\u@\h\[\033[00m\]:\[\033[01;34m\]\w\[\033[00m\]\$ /usr/bin/cmake --build /home/ordog/ros2_ws/build/turtlebot3_cartographer -- -j20 -l20
[0.640s] Invoking command in '/home/ordog/ros2_ws/build/turtlebot3_cartographer': CMAKE_PREFIX_PATH=${CMAKE_PREFIX_PATH}:/home/ordog/ros2_ws/install/turtlebot3_teleop:/home/ordog/ros2_ws/install/turtlebot3_example:/home/ordog/ros2_ws/install/object_detection_py:/home/ordog/ros2_ws/install/bme_ros2_tutorials_py:/opt/ros/jazzy PS1=(tf) \[\e]0;\u@\h: \w\a\]${debian_chroot:+($debian_chroot)}\[\033[01;32m\]\u@\h\[\033[00m\]:\[\033[01;34m\]\w\[\033[00m\]\$ /usr/bin/cmake --install /home/ordog/ros2_ws/build/turtlebot3_cartographer
[0.722s] -- Install configuration: ""
[0.723s] -- Up-to-date: /home/ordog/ros2_ws/install/turtlebot3_cartographer/share/turtlebot3_cartographer/config
[0.723s] -- Up-to-date: /home/ordog/ros2_ws/install/turtlebot3_cartographer/share/turtlebot3_cartographer/config/turtlebot3_2d.lua
[0.724s] -- Up-to-date: /home/ordog/ros2_ws/install/turtlebot3_cartographer/share/turtlebot3_cartographer/launch
[0.724s] -- Up-to-date: /home/ordog/ros2_ws/install/turtlebot3_cartographer/share/turtlebot3_cartographer/launch/cartographer.launch.py
[0.724s] -- Up-to-date: /home/ordog/ros2_ws/install/turtlebot3_cartographer/share/turtlebot3_cartographer/rviz
[0.724s] -- Up-to-date: /home/ordog/ros2_ws/install/turtlebot3_cartographer/share/turtlebot3_cartographer/rviz/cartographer.rviz
[0.724s] -- Up-to-date: /home/ordog/ros2_ws/install/turtlebot3_cartographer/share/ament_index/resource_index/package_run_dependencies/turtlebot3_cartographer
[0.724s] -- Up-to-date: /home/ordog/ros2_ws/install/turtlebot3_cartographer/share/ament_index/resource_index/parent_prefix_path/turtlebot3_cartographer
[0.724s] -- Up-to-date: /home/ordog/ros2_ws/install/turtlebot3_cartographer/share/turtlebot3_cartographer/environment/ament_prefix_path.sh
[0.725s] -- Up-to-date: /home/ordog/ros2_ws/install/turtlebot3_cartographer/share/turtlebot3_cartographer/environment/ament_prefix_path.dsv
[0.725s] -- Up-to-date: /home/ordog/ros2_ws/install/turtlebot3_cartographer/share/turtlebot3_cartographer/environment/path.sh
[0.725s] -- Up-to-date: /home/ordog/ros2_ws/install/turtlebot3_cartographer/share/turtlebot3_cartographer/environment/path.dsv
[0.725s] -- Up-to-date: /home/ordog/ros2_ws/install/turtlebot3_cartographer/share/turtlebot3_cartographer/local_setup.bash
[0.725s] -- Up-to-date: /home/ordog/ros2_ws/install/turtlebot3_cartographer/share/turtlebot3_cartographer/local_setup.sh
[0.726s] -- Up-to-date: /home/ordog/ros2_ws/install/turtlebot3_cartographer/share/turtlebot3_cartographer/local_setup.zsh
[0.726s] -- Up-to-date: /home/ordog/ros2_ws/install/turtlebot3_cartographer/share/turtlebot3_cartographer/local_setup.dsv
[0.726s] -- Installing: /home/ordog/ros2_ws/install/turtlebot3_cartographer/share/turtlebot3_cartographer/package.dsv
[0.726s] -- Up-to-date: /home/ordog/ros2_ws/install/turtlebot3_cartographer/share/ament_index/resource_index/packages/turtlebot3_cartographer
[0.726s] -- Up-to-date: /home/ordog/ros2_ws/install/turtlebot3_cartographer/share/turtlebot3_cartographer/cmake/turtlebot3_cartographerConfig.cmake
[0.726s] -- Up-to-date: /home/ordog/ros2_ws/install/turtlebot3_cartographer/share/turtlebot3_cartographer/cmake/turtlebot3_cartographerConfig-version.cmake
[0.726s] -- Up-to-date: /home/ordog/ros2_ws/install/turtlebot3_cartographer/share/turtlebot3_cartographer/package.xml
[0.765s] Invoked command in '/home/ordog/ros2_ws/build/turtlebot3_cartographer' returned '0': CMAKE_PREFIX_PATH=${CMAKE_PREFIX_PATH}:/home/ordog/ros2_ws/install/turtlebot3_teleop:/home/ordog/ros2_ws/install/turtlebot3_example:/home/ordog/ros2_ws/install/object_detection_py:/home/ordog/ros2_ws/install/bme_ros2_tutorials_py:/opt/ros/jazzy PS1=(tf) \[\e]0;\u@\h: \w\a\]${debian_chroot:+($debian_chroot)}\[\033[01;32m\]\u@\h\[\033[00m\]:\[\033[01;34m\]\w\[\033[00m\]\$ /usr/bin/cmake --install /home/ordog/ros2_ws/build/turtlebot3_cartographer
