[0.074s] Invoking command in '/home/ordog/ros2_ws/build/turtlebot3_gazebo': CMAKE_PREFIX_PATH=${CMAKE_PREFIX_PATH}:/home/ordog/ros2_ws/install/turtlebot3_teleop:/home/ordog/ros2_ws/install/turtlebot3_example:/home/ordog/ros2_ws/install/object_detection_py:/home/ordog/ros2_ws/install/bme_ros2_tutorials_py:/opt/ros/jazzy PS1=(tf) \[\e]0;\u@\h: \w\a\]${debian_chroot:+($debian_chroot)}\[\033[01;32m\]\u@\h\[\033[00m\]:\[\033[01;34m\]\w\[\033[00m\]\$ /usr/bin/cmake --build /home/ordog/ros2_ws/build/turtlebot3_gazebo -- -j20 -l20
[0.864s] [100%] Built target turtlebot3_drive
[0.933s] Invoked command in '/home/ordog/ros2_ws/build/turtlebot3_gazebo' returned '0': CMAKE_PREFIX_PATH=${CMAKE_PREFIX_PATH}:/home/ordog/ros2_ws/install/turtlebot3_teleop:/home/ordog/ros2_ws/install/turtlebot3_example:/home/ordog/ros2_ws/install/object_detection_py:/home/ordog/ros2_ws/install/bme_ros2_tutorials_py:/opt/ros/jazzy PS1=(tf) \[\e]0;\u@\h: \w\a\]${debian_chroot:+($debian_chroot)}\[\033[01;32m\]\u@\h\[\033[00m\]:\[\033[01;34m\]\w\[\033[00m\]\$ /usr/bin/cmake --build /home/ordog/ros2_ws/build/turtlebot3_gazebo -- -j20 -l20
[0.936s] Invoking command in '/home/ordog/ros2_ws/build/turtlebot3_gazebo': CMAKE_PREFIX_PATH=${CMAKE_PREFIX_PATH}:/home/ordog/ros2_ws/install/turtlebot3_teleop:/home/ordog/ros2_ws/install/turtlebot3_example:/home/ordog/ros2_ws/install/object_detection_py:/home/ordog/ros2_ws/install/bme_ros2_tutorials_py:/opt/ros/jazzy PS1=(tf) \[\e]0;\u@\h: \w\a\]${debian_chroot:+($debian_chroot)}\[\033[01;32m\]\u@\h\[\033[00m\]:\[\033[01;34m\]\w\[\033[00m\]\$ /usr/bin/cmake --install /home/ordog/ros2_ws/build/turtlebot3_gazebo
[1.003s] -- Install configuration: ""
[1.003s] -- Up-to-date: /home/ordog/ros2_ws/install/turtlebot3_gazebo/lib/turtlebot3_gazebo/turtlebot3_drive
[1.003s] -- Up-to-date: /home/ordog/ros2_ws/install/turtlebot3_gazebo/share/turtlebot3_gazebo//launch
[1.003s] -- Up-to-date: /home/ordog/ros2_ws/install/turtlebot3_gazebo/share/turtlebot3_gazebo//launch/robot_state_publisher.launch.py
[1.003s] -- Up-to-date: /home/ordog/ros2_ws/install/turtlebot3_gazebo/share/turtlebot3_gazebo//launch/turtlebot3_dqn_stage2.launch.py
[1.004s] -- Up-to-date: /home/ordog/ros2_ws/install/turtlebot3_gazebo/share/turtlebot3_gazebo//launch/empty_world.launch.py
[1.004s] -- Up-to-date: /home/ordog/ros2_ws/install/turtlebot3_gazebo/share/turtlebot3_gazebo//launch/turtlebot3_dqn_stage1.launch.py
[1.004s] -- Up-to-date: /home/ordog/ros2_ws/install/turtlebot3_gazebo/share/turtlebot3_gazebo//launch/turtlebot3_house.launch.py
[1.004s] -- Up-to-date: /home/ordog/ros2_ws/install/turtlebot3_gazebo/share/turtlebot3_gazebo//launch/turtlebot3_dqn_stage4.launch.py
[1.004s] -- Up-to-date: /home/ordog/ros2_ws/install/turtlebot3_gazebo/share/turtlebot3_gazebo//launch/spawn_turtlebot3.launch.py
[1.004s] -- Up-to-date: /home/ordog/ros2_ws/install/turtlebot3_gazebo/share/turtlebot3_gazebo//launch/turtlebot3_world.launch.py
[1.004s] -- Up-to-date: /home/ordog/ros2_ws/install/turtlebot3_gazebo/share/turtlebot3_gazebo//launch/turtlebot3_dqn_stage3.launch.py
[1.005s] -- Up-to-date: /home/ordog/ros2_ws/install/turtlebot3_gazebo/share/turtlebot3_gazebo//maps
[1.005s] -- Up-to-date: /home/ordog/ros2_ws/install/turtlebot3_gazebo/share/turtlebot3_gazebo//maps/map.pgm
[1.005s] -- Up-to-date: /home/ordog/ros2_ws/install/turtlebot3_gazebo/share/turtlebot3_gazebo//maps/map.yaml
[1.006s] -- Up-to-date: /home/ordog/ros2_ws/install/turtlebot3_gazebo/share/turtlebot3_gazebo//models
[1.011s] -- Up-to-date: /home/ordog/ros2_ws/install/turtlebot3_gazebo/share/turtlebot3_gazebo//models/turtlebot3_waffle_pi
[1.012s] -- Up-to-date: /home/ordog/ros2_ws/install/turtlebot3_gazebo/share/turtlebot3_gazebo//models/turtlebot3_waffle_pi/model-1_4_.sdf
[1.012s] -- Up-to-date: /home/ordog/ros2_ws/install/turtlebot3_gazebo/share/turtlebot3_gazebo//models/turtlebot3_waffle_pi/model.config
[1.012s] -- Up-to-date: /home/ordog/ros2_ws/install/turtlebot3_gazebo/share/turtlebot3_gazebo//models/turtlebot3_waffle_pi/model.sdf
[1.012s] -- Up-to-date: /home/ordog/ros2_ws/install/turtlebot3_gazebo/share/turtlebot3_gazebo//models/turtlebot3_common
[1.013s] -- Up-to-date: /home/ordog/ros2_ws/install/turtlebot3_gazebo/share/turtlebot3_gazebo//models/turtlebot3_common/meshes
[1.013s] -- Up-to-date: /home/ordog/ros2_ws/install/turtlebot3_gazebo/share/turtlebot3_gazebo//models/turtlebot3_common/meshes/lds.dae
[1.014s] -- Up-to-date: /home/ordog/ros2_ws/install/turtlebot3_gazebo/share/turtlebot3_gazebo//models/turtlebot3_common/meshes/lidar.stl
[1.015s] -- Up-to-date: /home/ordog/ros2_ws/install/turtlebot3_gazebo/share/turtlebot3_gazebo//models/turtlebot3_common/meshes/r200.dae
[1.016s] -- Up-to-date: /home/ordog/ros2_ws/install/turtlebot3_gazebo/share/turtlebot3_gazebo//models/turtlebot3_common/meshes/tire.dae
[1.017s] -- Up-to-date: /home/ordog/ros2_ws/install/turtlebot3_gazebo/share/turtlebot3_gazebo//models/turtlebot3_common/meshes/right_tire.stl
[1.017s] -- Up-to-date: /home/ordog/ros2_ws/install/turtlebot3_gazebo/share/turtlebot3_gazebo//models/turtlebot3_common/meshes/left_tire.stl
[1.017s] -- Up-to-date: /home/ordog/ros2_ws/install/turtlebot3_gazebo/share/turtlebot3_gazebo//models/turtlebot3_common/meshes/waffle_pi_base.dae
[1.017s] -- Up-to-date: /home/ordog/ros2_ws/install/turtlebot3_gazebo/share/turtlebot3_gazebo//models/turtlebot3_common/meshes/burger_base.dae
[1.017s] -- Up-to-date: /home/ordog/ros2_ws/install/turtlebot3_gazebo/share/turtlebot3_gazebo//models/turtlebot3_common/meshes/burger_base.stl
[1.017s] -- Up-to-date: /home/ordog/ros2_ws/install/turtlebot3_gazebo/share/turtlebot3_gazebo//models/turtlebot3_common/meshes/waffle_base.dae
[1.018s] -- Up-to-date: /home/ordog/ros2_ws/install/turtlebot3_gazebo/share/turtlebot3_gazebo//models/turtlebot3_common/model.config
[1.018s] -- Up-to-date: /home/ordog/ros2_ws/install/turtlebot3_gazebo/share/turtlebot3_gazebo//models/turtlebot3_dqn_world
[1.018s] -- Up-to-date: /home/ordog/ros2_ws/install/turtlebot3_gazebo/share/turtlebot3_gazebo//models/turtlebot3_dqn_world/obstacle2
[1.025s] -- Up-to-date: /home/ordog/ros2_ws/install/turtlebot3_gazebo/share/turtlebot3_gazebo//models/turtlebot3_dqn_world/obstacle2/model.config
[1.025s] -- Up-to-date: /home/ordog/ros2_ws/install/turtlebot3_gazebo/share/turtlebot3_gazebo//models/turtlebot3_dqn_world/obstacle2/model.sdf
[1.026s] -- Up-to-date: /home/ordog/ros2_ws/install/turtlebot3_gazebo/share/turtlebot3_gazebo//models/turtlebot3_dqn_world/model.config
[1.026s] -- Up-to-date: /home/ordog/ros2_ws/install/turtlebot3_gazebo/share/turtlebot3_gazebo//models/turtlebot3_dqn_world/obstacle_plugin
[1.026s] -- Up-to-date: /home/ordog/ros2_ws/install/turtlebot3_gazebo/share/turtlebot3_gazebo//models/turtlebot3_dqn_world/obstacle_plugin/obstacles.cc
[1.026s] -- Up-to-date: /home/ordog/ros2_ws/install/turtlebot3_gazebo/share/turtlebot3_gazebo//models/turtlebot3_dqn_world/obstacle_plugin/obstacle1.cc
[1.027s] -- Up-to-date: /home/ordog/ros2_ws/install/turtlebot3_gazebo/share/turtlebot3_gazebo//models/turtlebot3_dqn_world/obstacle_plugin/CMakeLists.txt
[1.027s] -- Up-to-date: /home/ordog/ros2_ws/install/turtlebot3_gazebo/share/turtlebot3_gazebo//models/turtlebot3_dqn_world/obstacle_plugin/obstacle2.cc
[1.028s] -- Up-to-date: /home/ordog/ros2_ws/install/turtlebot3_gazebo/share/turtlebot3_gazebo//models/turtlebot3_dqn_world/goal_box
[1.028s] -- Up-to-date: /home/ordog/ros2_ws/install/turtlebot3_gazebo/share/turtlebot3_gazebo//models/turtlebot3_dqn_world/goal_box/model.config
[1.028s] -- Up-to-date: /home/ordog/ros2_ws/install/turtlebot3_gazebo/share/turtlebot3_gazebo//models/turtlebot3_dqn_world/goal_box/model.sdf
[1.028s] -- Up-to-date: /home/ordog/ros2_ws/install/turtlebot3_gazebo/share/turtlebot3_gazebo//models/turtlebot3_dqn_world/obstacle1
[1.028s] -- Up-to-date: /home/ordog/ros2_ws/install/turtlebot3_gazebo/share/turtlebot3_gazebo//models/turtlebot3_dqn_world/obstacle1/model.config
[1.028s] -- Up-to-date: /home/ordog/ros2_ws/install/turtlebot3_gazebo/share/turtlebot3_gazebo//models/turtlebot3_dqn_world/obstacle1/model.sdf
[1.028s] -- Up-to-date: /home/ordog/ros2_ws/install/turtlebot3_gazebo/share/turtlebot3_gazebo//models/turtlebot3_dqn_world/model.sdf
[1.028s] -- Up-to-date: /home/ordog/ros2_ws/install/turtlebot3_gazebo/share/turtlebot3_gazebo//models/turtlebot3_dqn_world/obstacles
[1.029s] -- Up-to-date: /home/ordog/ros2_ws/install/turtlebot3_gazebo/share/turtlebot3_gazebo//models/turtlebot3_dqn_world/obstacles/model.config
[1.029s] -- Up-to-date: /home/ordog/ros2_ws/install/turtlebot3_gazebo/share/turtlebot3_gazebo//models/turtlebot3_dqn_world/obstacles/model.sdf
[1.029s] -- Up-to-date: /home/ordog/ros2_ws/install/turtlebot3_gazebo/share/turtlebot3_gazebo//models/turtlebot3_dqn_world/inner_walls
[1.030s] -- Up-to-date: /home/ordog/ros2_ws/install/turtlebot3_gazebo/share/turtlebot3_gazebo//models/turtlebot3_dqn_world/inner_walls/model.config
[1.031s] -- Up-to-date: /home/ordog/ros2_ws/install/turtlebot3_gazebo/share/turtlebot3_gazebo//models/turtlebot3_dqn_world/inner_walls/model.sdf
[1.031s] -- Up-to-date: /home/ordog/ros2_ws/install/turtlebot3_gazebo/share/turtlebot3_gazebo//models/turtlebot3_burger
[1.031s] -- Up-to-date: /home/ordog/ros2_ws/install/turtlebot3_gazebo/share/turtlebot3_gazebo//models/turtlebot3_burger/model.config
[1.031s] -- Up-to-date: /home/ordog/ros2_ws/install/turtlebot3_gazebo/share/turtlebot3_gazebo//models/turtlebot3_burger/model-1_4.sdf
[1.031s] -- Up-to-date: /home/ordog/ros2_ws/install/turtlebot3_gazebo/share/turtlebot3_gazebo//models/turtlebot3_burger/model.sdf
[1.031s] -- Up-to-date: /home/ordog/ros2_ws/install/turtlebot3_gazebo/share/turtlebot3_gazebo//models/turtlebot3_world
[1.032s] -- Up-to-date: /home/ordog/ros2_ws/install/turtlebot3_gazebo/share/turtlebot3_gazebo//models/turtlebot3_world/meshes
[1.032s] -- Up-to-date: /home/ordog/ros2_ws/install/turtlebot3_gazebo/share/turtlebot3_gazebo//models/turtlebot3_world/meshes/wall.dae
[1.032s] -- Up-to-date: /home/ordog/ros2_ws/install/turtlebot3_gazebo/share/turtlebot3_gazebo//models/turtlebot3_world/meshes/hexagon.dae
[1.032s] -- Up-to-date: /home/ordog/ros2_ws/install/turtlebot3_gazebo/share/turtlebot3_gazebo//models/turtlebot3_world/model.config
[1.032s] -- Up-to-date: /home/ordog/ros2_ws/install/turtlebot3_gazebo/share/turtlebot3_gazebo//models/turtlebot3_world/model-1_4.sdf
[1.032s] -- Up-to-date: /home/ordog/ros2_ws/install/turtlebot3_gazebo/share/turtlebot3_gazebo//models/turtlebot3_world/model.sdf
[1.033s] -- Up-to-date: /home/ordog/ros2_ws/install/turtlebot3_gazebo/share/turtlebot3_gazebo//models/turtlebot3_house
[1.033s] -- Up-to-date: /home/ordog/ros2_ws/install/turtlebot3_gazebo/share/turtlebot3_gazebo//models/turtlebot3_house/materials
[1.033s] -- Up-to-date: /home/ordog/ros2_ws/install/turtlebot3_gazebo/share/turtlebot3_gazebo//models/turtlebot3_house/materials/textures
[1.033s] -- Up-to-date: /home/ordog/ros2_ws/install/turtlebot3_gazebo/share/turtlebot3_gazebo//models/turtlebot3_house/materials/textures/wood.jpg
[1.033s] -- Up-to-date: /home/ordog/ros2_ws/install/turtlebot3_gazebo/share/turtlebot3_gazebo//models/turtlebot3_house/materials/textures/bricks.png
[1.034s] -- Up-to-date: /home/ordog/ros2_ws/install/turtlebot3_gazebo/share/turtlebot3_gazebo//models/turtlebot3_house/model.config
[1.034s] -- Up-to-date: /home/ordog/ros2_ws/install/turtlebot3_gazebo/share/turtlebot3_gazebo//models/turtlebot3_house/model.sdf
[1.034s] -- Up-to-date: /home/ordog/ros2_ws/install/turtlebot3_gazebo/share/turtlebot3_gazebo//models/turtlebot3_waffle
[1.034s] -- Up-to-date: /home/ordog/ros2_ws/install/turtlebot3_gazebo/share/turtlebot3_gazebo//models/turtlebot3_waffle/model.config
[1.034s] -- Up-to-date: /home/ordog/ros2_ws/install/turtlebot3_gazebo/share/turtlebot3_gazebo//models/turtlebot3_waffle/model-1_4.sdf
[1.034s] -- Up-to-date: /home/ordog/ros2_ws/install/turtlebot3_gazebo/share/turtlebot3_gazebo//models/turtlebot3_waffle/model.sdf
[1.035s] -- Up-to-date: /home/ordog/ros2_ws/install/turtlebot3_gazebo/share/turtlebot3_gazebo//params
[1.035s] -- Up-to-date: /home/ordog/ros2_ws/install/turtlebot3_gazebo/share/turtlebot3_gazebo//params/turtlebot3_bridge.yaml
[1.035s] -- Up-to-date: /home/ordog/ros2_ws/install/turtlebot3_gazebo/share/turtlebot3_gazebo//rviz
[1.035s] -- Up-to-date: /home/ordog/ros2_ws/install/turtlebot3_gazebo/share/turtlebot3_gazebo//rviz/tb3_gazebo.rviz
[1.035s] -- Up-to-date: /home/ordog/ros2_ws/install/turtlebot3_gazebo/share/turtlebot3_gazebo//urdf
[1.035s] -- Up-to-date: /home/ordog/ros2_ws/install/turtlebot3_gazebo/share/turtlebot3_gazebo//urdf/common_properties.urdf
[1.036s] -- Up-to-date: /home/ordog/ros2_ws/install/turtlebot3_gazebo/share/turtlebot3_gazebo//urdf/turtlebot3_burger.urdf
[1.036s] -- Up-to-date: /home/ordog/ros2_ws/install/turtlebot3_gazebo/share/turtlebot3_gazebo//urdf/turtlebot3_waffle_pi.urdf
[1.036s] -- Up-to-date: /home/ordog/ros2_ws/install/turtlebot3_gazebo/share/turtlebot3_gazebo//urdf/turtlebot3_waffle.urdf
[1.036s] -- Up-to-date: /home/ordog/ros2_ws/install/turtlebot3_gazebo/share/turtlebot3_gazebo//worlds
[1.036s] -- Up-to-date: /home/ordog/ros2_ws/install/turtlebot3_gazebo/share/turtlebot3_gazebo//worlds/turtlebot3_world.sdf
[1.036s] -- Up-to-date: /home/ordog/ros2_ws/install/turtlebot3_gazebo/share/turtlebot3_gazebo//worlds/turtlebot3_dqn_stage4.world
[1.036s] -- Up-to-date: /home/ordog/ros2_ws/install/turtlebot3_gazebo/share/turtlebot3_gazebo//worlds/turtlebot3_dqn_stage1.world
[1.036s] -- Up-to-date: /home/ordog/ros2_ws/install/turtlebot3_gazebo/share/turtlebot3_gazebo//worlds/turtlebot3_dqn_stage3.world
[1.036s] -- Up-to-date: /home/ordog/ros2_ws/install/turtlebot3_gazebo/share/turtlebot3_gazebo//worlds/empty.sdf
[1.036s] -- Up-to-date: /home/ordog/ros2_ws/install/turtlebot3_gazebo/share/turtlebot3_gazebo//worlds/turtlebot3_dqn_stage2.world
[1.036s] -- Up-to-date: /home/ordog/ros2_ws/install/turtlebot3_gazebo/share/turtlebot3_gazebo//worlds/turtlebot3_house.sdf
[1.036s] -- Up-to-date: /home/ordog/ros2_ws/install/turtlebot3_gazebo/include/
[1.036s] -- Up-to-date: /home/ordog/ros2_ws/install/turtlebot3_gazebo/include//turtlebot3_gazebo
[1.036s] -- Up-to-date: /home/ordog/ros2_ws/install/turtlebot3_gazebo/include//turtlebot3_gazebo/turtlebot3_drive.hpp
[1.037s] -- Up-to-date: /home/ordog/ros2_ws/install/turtlebot3_gazebo/share/ament_index/resource_index/package_run_dependencies/turtlebot3_gazebo
[1.038s] -- Up-to-date: /home/ordog/ros2_ws/install/turtlebot3_gazebo/share/ament_index/resource_index/parent_prefix_path/turtlebot3_gazebo
[1.038s] -- Up-to-date: /home/ordog/ros2_ws/install/turtlebot3_gazebo/share/turtlebot3_gazebo/environment/ament_prefix_path.sh
[1.038s] -- Up-to-date: /home/ordog/ros2_ws/install/turtlebot3_gazebo/share/turtlebot3_gazebo/environment/ament_prefix_path.dsv
[1.039s] -- Up-to-date: /home/ordog/ros2_ws/install/turtlebot3_gazebo/share/turtlebot3_gazebo/environment/path.sh
[1.039s] -- Up-to-date: /home/ordog/ros2_ws/install/turtlebot3_gazebo/share/turtlebot3_gazebo/environment/path.dsv
[1.039s] -- Up-to-date: /home/ordog/ros2_ws/install/turtlebot3_gazebo/share/turtlebot3_gazebo/local_setup.bash
[1.039s] -- Up-to-date: /home/ordog/ros2_ws/install/turtlebot3_gazebo/share/turtlebot3_gazebo/local_setup.sh
[1.039s] -- Up-to-date: /home/ordog/ros2_ws/install/turtlebot3_gazebo/share/turtlebot3_gazebo/local_setup.zsh
[1.040s] -- Up-to-date: /home/ordog/ros2_ws/install/turtlebot3_gazebo/share/turtlebot3_gazebo/local_setup.dsv
[1.040s] -- Installing: /home/ordog/ros2_ws/install/turtlebot3_gazebo/share/turtlebot3_gazebo/package.dsv
[1.040s] -- Up-to-date: /home/ordog/ros2_ws/install/turtlebot3_gazebo/share/ament_index/resource_index/packages/turtlebot3_gazebo
[1.040s] -- Up-to-date: /home/ordog/ros2_ws/install/turtlebot3_gazebo/share/turtlebot3_gazebo/cmake/ament_cmake_export_include_directories-extras.cmake
[1.040s] -- Up-to-date: /home/ordog/ros2_ws/install/turtlebot3_gazebo/share/turtlebot3_gazebo/cmake/ament_cmake_export_dependencies-extras.cmake
[1.040s] -- Up-to-date: /home/ordog/ros2_ws/install/turtlebot3_gazebo/share/turtlebot3_gazebo/cmake/turtlebot3_gazeboConfig.cmake
[1.040s] -- Up-to-date: /home/ordog/ros2_ws/install/turtlebot3_gazebo/share/turtlebot3_gazebo/cmake/turtlebot3_gazeboConfig-version.cmake
[1.041s] -- Up-to-date: /home/ordog/ros2_ws/install/turtlebot3_gazebo/share/turtlebot3_gazebo/package.xml
[1.124s] Invoked command in '/home/ordog/ros2_ws/build/turtlebot3_gazebo' returned '0': CMAKE_PREFIX_PATH=${CMAKE_PREFIX_PATH}:/home/ordog/ros2_ws/install/turtlebot3_teleop:/home/ordog/ros2_ws/install/turtlebot3_example:/home/ordog/ros2_ws/install/object_detection_py:/home/ordog/ros2_ws/install/bme_ros2_tutorials_py:/opt/ros/jazzy PS1=(tf) \[\e]0;\u@\h: \w\a\]${debian_chroot:+($debian_chroot)}\[\033[01;32m\]\u@\h\[\033[00m\]:\[\033[01;34m\]\w\[\033[00m\]\$ /usr/bin/cmake --install /home/ordog/ros2_ws/build/turtlebot3_gazebo
