-- Install configuration: ""
-- Up-to-date: /home/ordog/ros2_ws/install/object_detection_project/share/object_detection_project/launch
-- Up-to-date: /home/ordog/ros2_ws/install/object_detection_project/share/object_detection_project/launch/world.launch.py
-- Up-to-date: /home/ordog/ros2_ws/install/object_detection_project/share/object_detection_project/launch/turtlebot3_world.launch.py
-- Up-to-date: /home/ordog/ros2_ws/install/object_detection_project/share/object_detection_project/worlds
-- Installing: /home/ordog/ros2_ws/install/object_detection_project/share/object_detection_project/worlds/world.sdf
-- Up-to-date: /home/ordog/ros2_ws/install/object_detection_project/share/object_detection_project/worlds/empty.sdf
-- Up-to-date: /home/ordog/ros2_ws/install/object_detection_project/share/ament_index/resource_index/package_run_dependencies/object_detection_project
-- Up-to-date: /home/ordog/ros2_ws/install/object_detection_project/share/ament_index/resource_index/parent_prefix_path/object_detection_project
-- Up-to-date: /home/ordog/ros2_ws/install/object_detection_project/share/object_detection_project/environment/ament_prefix_path.sh
-- Up-to-date: /home/ordog/ros2_ws/install/object_detection_project/share/object_detection_project/environment/ament_prefix_path.dsv
-- Up-to-date: /home/ordog/ros2_ws/install/object_detection_project/share/object_detection_project/environment/path.sh
-- Up-to-date: /home/ordog/ros2_ws/install/object_detection_project/share/object_detection_project/environment/path.dsv
-- Up-to-date: /home/ordog/ros2_ws/install/object_detection_project/share/object_detection_project/local_setup.bash
-- Up-to-date: /home/ordog/ros2_ws/install/object_detection_project/share/object_detection_project/local_setup.sh
-- Up-to-date: /home/ordog/ros2_ws/install/object_detection_project/share/object_detection_project/local_setup.zsh
-- Up-to-date: /home/ordog/ros2_ws/install/object_detection_project/share/object_detection_project/local_setup.dsv
-- Installing: /home/ordog/ros2_ws/install/object_detection_project/share/object_detection_project/package.dsv
-- Up-to-date: /home/ordog/ros2_ws/install/object_detection_project/share/ament_index/resource_index/packages/object_detection_project
-- Up-to-date: /home/ordog/ros2_ws/install/object_detection_project/share/object_detection_project/cmake/object_detection_projectConfig.cmake
-- Up-to-date: /home/ordog/ros2_ws/install/object_detection_project/share/object_detection_project/cmake/object_detection_projectConfig-version.cmake
-- Up-to-date: /home/ordog/ros2_ws/install/object_detection_project/share/object_detection_project/package.xml
