[0.076s] Invoking command in '/home/ordog/ros2_ws/build/turtlebot3_cartographer': CMAKE_PREFIX_PATH=${CMAKE_PREFIX_PATH}:/home/ordog/ros2_ws/install/turtlebot3_teleop:/home/ordog/ros2_ws/install/turtlebot3_example:/home/ordog/ros2_ws/install/object_detection_py:/home/ordog/ros2_ws/install/bme_ros2_tutorials_py:/opt/ros/jazzy PS1=(tf) \[\e]0;\u@\h: \w\a\]${debian_chroot:+($debian_chroot)}\[\033[01;32m\]\u@\h\[\033[00m\]:\[\033[01;34m\]\w\[\033[00m\]\$ /usr/bin/cmake --build /home/ordog/ros2_ws/build/turtlebot3_cartographer -- -j20 -l20
[0.928s] Invoked command in '/home/ordog/ros2_ws/build/turtlebot3_cartographer' returned '0': CMAKE_PREFIX_PATH=${CMAKE_PREFIX_PATH}:/home/ordog/ros2_ws/install/turtlebot3_teleop:/home/ordog/ros2_ws/install/turtlebot3_example:/home/ordog/ros2_ws/install/object_detection_py:/home/ordog/ros2_ws/install/bme_ros2_tutorials_py:/opt/ros/jazzy PS1=(tf) \[\e]0;\u@\h: \w\a\]${debian_chroot:+($debian_chroot)}\[\033[01;32m\]\u@\h\[\033[00m\]:\[\033[01;34m\]\w\[\033[00m\]\$ /usr/bin/cmake --build /home/ordog/ros2_ws/build/turtlebot3_cartographer -- -j20 -l20
[0.934s] Invoking command in '/home/ordog/ros2_ws/build/turtlebot3_cartographer': CMAKE_PREFIX_PATH=${CMAKE_PREFIX_PATH}:/home/ordog/ros2_ws/install/turtlebot3_teleop:/home/ordog/ros2_ws/install/turtlebot3_example:/home/ordog/ros2_ws/install/object_detection_py:/home/ordog/ros2_ws/install/bme_ros2_tutorials_py:/opt/ros/jazzy PS1=(tf) \[\e]0;\u@\h: \w\a\]${debian_chroot:+($debian_chroot)}\[\033[01;32m\]\u@\h\[\033[00m\]:\[\033[01;34m\]\w\[\033[00m\]\$ /usr/bin/cmake --install /home/ordog/ros2_ws/build/turtlebot3_cartographer
[0.999s] -- Install configuration: ""
[1.000s] -- Up-to-date: /home/ordog/ros2_ws/install/turtlebot3_cartographer/share/turtlebot3_cartographer/config
[1.000s] -- Up-to-date: /home/ordog/ros2_ws/install/turtlebot3_cartographer/share/turtlebot3_cartographer/config/turtlebot3_2d.lua
[1.000s] -- Up-to-date: /home/ordog/ros2_ws/install/turtlebot3_cartographer/share/turtlebot3_cartographer/launch
[1.000s] -- Up-to-date: /home/ordog/ros2_ws/install/turtlebot3_cartographer/share/turtlebot3_cartographer/launch/cartographer.launch.py
[1.000s] -- Up-to-date: /home/ordog/ros2_ws/install/turtlebot3_cartographer/share/turtlebot3_cartographer/rviz
[1.000s] -- Up-to-date: /home/ordog/ros2_ws/install/turtlebot3_cartographer/share/turtlebot3_cartographer/rviz/cartographer.rviz
[1.000s] -- Up-to-date: /home/ordog/ros2_ws/install/turtlebot3_cartographer/share/ament_index/resource_index/package_run_dependencies/turtlebot3_cartographer
[1.000s] -- Up-to-date: /home/ordog/ros2_ws/install/turtlebot3_cartographer/share/ament_index/resource_index/parent_prefix_path/turtlebot3_cartographer
[1.000s] -- Up-to-date: /home/ordog/ros2_ws/install/turtlebot3_cartographer/share/turtlebot3_cartographer/environment/ament_prefix_path.sh
[1.000s] -- Up-to-date: /home/ordog/ros2_ws/install/turtlebot3_cartographer/share/turtlebot3_cartographer/environment/ament_prefix_path.dsv
[1.000s] -- Up-to-date: /home/ordog/ros2_ws/install/turtlebot3_cartographer/share/turtlebot3_cartographer/environment/path.sh
[1.001s] -- Up-to-date: /home/ordog/ros2_ws/install/turtlebot3_cartographer/share/turtlebot3_cartographer/environment/path.dsv
[1.001s] -- Up-to-date: /home/ordog/ros2_ws/install/turtlebot3_cartographer/share/turtlebot3_cartographer/local_setup.bash
[1.001s] -- Up-to-date: /home/ordog/ros2_ws/install/turtlebot3_cartographer/share/turtlebot3_cartographer/local_setup.sh
[1.001s] -- Up-to-date: /home/ordog/ros2_ws/install/turtlebot3_cartographer/share/turtlebot3_cartographer/local_setup.zsh
[1.001s] -- Up-to-date: /home/ordog/ros2_ws/install/turtlebot3_cartographer/share/turtlebot3_cartographer/local_setup.dsv
[1.001s] -- Installing: /home/ordog/ros2_ws/install/turtlebot3_cartographer/share/turtlebot3_cartographer/package.dsv
[1.002s] -- Up-to-date: /home/ordog/ros2_ws/install/turtlebot3_cartographer/share/ament_index/resource_index/packages/turtlebot3_cartographer
[1.002s] -- Up-to-date: /home/ordog/ros2_ws/install/turtlebot3_cartographer/share/turtlebot3_cartographer/cmake/turtlebot3_cartographerConfig.cmake
[1.002s] -- Up-to-date: /home/ordog/ros2_ws/install/turtlebot3_cartographer/share/turtlebot3_cartographer/cmake/turtlebot3_cartographerConfig-version.cmake
[1.002s] -- Up-to-date: /home/ordog/ros2_ws/install/turtlebot3_cartographer/share/turtlebot3_cartographer/package.xml
[1.105s] Invoked command in '/home/ordog/ros2_ws/build/turtlebot3_cartographer' returned '0': CMAKE_PREFIX_PATH=${CMAKE_PREFIX_PATH}:/home/ordog/ros2_ws/install/turtlebot3_teleop:/home/ordog/ros2_ws/install/turtlebot3_example:/home/ordog/ros2_ws/install/object_detection_py:/home/ordog/ros2_ws/install/bme_ros2_tutorials_py:/opt/ros/jazzy PS1=(tf) \[\e]0;\u@\h: \w\a\]${debian_chroot:+($debian_chroot)}\[\033[01;32m\]\u@\h\[\033[00m\]:\[\033[01;34m\]\w\[\033[00m\]\$ /usr/bin/cmake --install /home/ordog/ros2_ws/build/turtlebot3_cartographer
