running egg_info
creating ../../../build/object_detection_py/object_detection_py.egg-info
writing ../../../build/object_detection_py/object_detection_py.egg-info/PKG-INFO
writing dependency_links to ../../../build/object_detection_py/object_detection_py.egg-info/dependency_links.txt
writing entry points to ../../../build/object_detection_py/object_detection_py.egg-info/entry_points.txt
writing requirements to ../../../build/object_detection_py/object_detection_py.egg-info/requires.txt
writing top-level names to ../../../build/object_detection_py/object_detection_py.egg-info/top_level.txt
writing manifest file '../../../build/object_detection_py/object_detection_py.egg-info/SOURCES.txt'
reading manifest file '../../../build/object_detection_py/object_detection_py.egg-info/SOURCES.txt'
writing manifest file '../../../build/object_detection_py/object_detection_py.egg-info/SOURCES.txt'
running build
running build_py
creating /home/ordog/ros2_ws/build/object_detection_py/build
creating /home/ordog/ros2_ws/build/object_detection_py/build/lib
creating /home/ordog/ros2_ws/build/object_detection_py/build/lib/object_detection_py
copying object_detection_py/object_detection_node.py -> /home/ordog/ros2_ws/build/object_detection_py/build/lib/object_detection_py
copying object_detection_py/save_training_images.py -> /home/ordog/ros2_ws/build/object_detection_py/build/lib/object_detection_py
copying object_detection_py/__init__.py -> /home/ordog/ros2_ws/build/object_detection_py/build/lib/object_detection_py
copying object_detection_py/object_detection_node_v3.py -> /home/ordog/ros2_ws/build/object_detection_py/build/lib/object_detection_py
copying object_detection_py/object_detection_node_v2.py -> /home/ordog/ros2_ws/build/object_detection_py/build/lib/object_detection_py
copying object_detection_py/object_detection_node_v4.py -> /home/ordog/ros2_ws/build/object_detection_py/build/lib/object_detection_py
running install
running install_lib
creating /home/ordog/ros2_ws/install/object_detection_py/lib/python3.12/site-packages/object_detection_py
copying /home/ordog/ros2_ws/build/object_detection_py/build/lib/object_detection_py/object_detection_node.py -> /home/ordog/ros2_ws/install/object_detection_py/lib/python3.12/site-packages/object_detection_py
copying /home/ordog/ros2_ws/build/object_detection_py/build/lib/object_detection_py/save_training_images.py -> /home/ordog/ros2_ws/install/object_detection_py/lib/python3.12/site-packages/object_detection_py
copying /home/ordog/ros2_ws/build/object_detection_py/build/lib/object_detection_py/__init__.py -> /home/ordog/ros2_ws/install/object_detection_py/lib/python3.12/site-packages/object_detection_py
copying /home/ordog/ros2_ws/build/object_detection_py/build/lib/object_detection_py/object_detection_node_v3.py -> /home/ordog/ros2_ws/install/object_detection_py/lib/python3.12/site-packages/object_detection_py
copying /home/ordog/ros2_ws/build/object_detection_py/build/lib/object_detection_py/object_detection_node_v2.py -> /home/ordog/ros2_ws/install/object_detection_py/lib/python3.12/site-packages/object_detection_py
copying /home/ordog/ros2_ws/build/object_detection_py/build/lib/object_detection_py/object_detection_node_v4.py -> /home/ordog/ros2_ws/install/object_detection_py/lib/python3.12/site-packages/object_detection_py
byte-compiling /home/ordog/ros2_ws/install/object_detection_py/lib/python3.12/site-packages/object_detection_py/object_detection_node.py to object_detection_node.cpython-312.pyc
byte-compiling /home/ordog/ros2_ws/install/object_detection_py/lib/python3.12/site-packages/object_detection_py/save_training_images.py to save_training_images.cpython-312.pyc
byte-compiling /home/ordog/ros2_ws/install/object_detection_py/lib/python3.12/site-packages/object_detection_py/__init__.py to __init__.cpython-312.pyc
byte-compiling /home/ordog/ros2_ws/install/object_detection_py/lib/python3.12/site-packages/object_detection_py/object_detection_node_v3.py to object_detection_node_v3.cpython-312.pyc
byte-compiling /home/ordog/ros2_ws/install/object_detection_py/lib/python3.12/site-packages/object_detection_py/object_detection_node_v2.py to object_detection_node_v2.cpython-312.pyc
byte-compiling /home/ordog/ros2_ws/install/object_detection_py/lib/python3.12/site-packages/object_detection_py/object_detection_node_v4.py to object_detection_node_v4.cpython-312.pyc
running install_data
creating /home/ordog/ros2_ws/install/object_detection_py/share/ament_index
creating /home/ordog/ros2_ws/install/object_detection_py/share/ament_index/resource_index
creating /home/ordog/ros2_ws/install/object_detection_py/share/ament_index/resource_index/packages
copying resource/object_detection_py -> /home/ordog/ros2_ws/install/object_detection_py/share/ament_index/resource_index/packages
copying package.xml -> /home/ordog/ros2_ws/install/object_detection_py/share/object_detection_py
running install_egg_info
Copying ../../../build/object_detection_py/object_detection_py.egg-info to /home/ordog/ros2_ws/install/object_detection_py/lib/python3.12/site-packages/object_detection_py-0.0.0-py3.12.egg-info
running install_scripts
Installing object_detection_node script to /home/ordog/ros2_ws/install/object_detection_py/lib/object_detection_py
Installing object_detection_node_v2 script to /home/ordog/ros2_ws/install/object_detection_py/lib/object_detection_py
Installing object_detection_node_v3 script to /home/ordog/ros2_ws/install/object_detection_py/lib/object_detection_py
Installing save_training_images script to /home/ordog/ros2_ws/install/object_detection_py/lib/object_detection_py
writing list of installed files to '/home/ordog/ros2_ws/build/object_detection_py/install.log'
