[1.432s] Invoking command in '/home/ordog/ros2_ws/src/object_detection_project/object_detection_py': PYTHONPATH=/home/ordog/ros2_ws/build/object_detection_py/prefix_override:/usr/lib/python3/dist-packages/colcon_core/task/python/colcon_distutils_commands:/home/ordog/ros2_ws/install/object_detection_py/lib/python3.12/site-packages:${PYTHONPATH} /usr/bin/python3 -W ignore:setup.py install is deprecated -W ignore:easy_install command is deprecated setup.py egg_info --egg-base ../../../build/object_detection_py build --build-base /home/ordog/ros2_ws/build/object_detection_py/build install --record /home/ordog/ros2_ws/build/object_detection_py/install.log --single-version-externally-managed install_data
[1.706s] running egg_info
[1.706s] creating ../../../build/object_detection_py/object_detection_py.egg-info
[1.723s] writing ../../../build/object_detection_py/object_detection_py.egg-info/PKG-INFO
[1.724s] writing dependency_links to ../../../build/object_detection_py/object_detection_py.egg-info/dependency_links.txt
[1.724s] writing entry points to ../../../build/object_detection_py/object_detection_py.egg-info/entry_points.txt
[1.724s] writing requirements to ../../../build/object_detection_py/object_detection_py.egg-info/requires.txt
[1.724s] writing top-level names to ../../../build/object_detection_py/object_detection_py.egg-info/top_level.txt
[1.725s] writing manifest file '../../../build/object_detection_py/object_detection_py.egg-info/SOURCES.txt'
[1.761s] reading manifest file '../../../build/object_detection_py/object_detection_py.egg-info/SOURCES.txt'
[1.762s] writing manifest file '../../../build/object_detection_py/object_detection_py.egg-info/SOURCES.txt'
[1.762s] running build
[1.763s] running build_py
[1.763s] creating /home/ordog/ros2_ws/build/object_detection_py/build
[1.763s] creating /home/ordog/ros2_ws/build/object_detection_py/build/lib
[1.764s] creating /home/ordog/ros2_ws/build/object_detection_py/build/lib/object_detection_py
[1.764s] copying object_detection_py/object_detection_node.py -> /home/ordog/ros2_ws/build/object_detection_py/build/lib/object_detection_py
[1.764s] copying object_detection_py/save_training_images.py -> /home/ordog/ros2_ws/build/object_detection_py/build/lib/object_detection_py
[1.764s] copying object_detection_py/__init__.py -> /home/ordog/ros2_ws/build/object_detection_py/build/lib/object_detection_py
[1.764s] copying object_detection_py/object_detection_node_v3.py -> /home/ordog/ros2_ws/build/object_detection_py/build/lib/object_detection_py
[1.764s] copying object_detection_py/object_detection_node_v2.py -> /home/ordog/ros2_ws/build/object_detection_py/build/lib/object_detection_py
[1.764s] copying object_detection_py/object_detection_node_v4.py -> /home/ordog/ros2_ws/build/object_detection_py/build/lib/object_detection_py
[1.764s] running install
[1.770s] running install_lib
[1.789s] creating /home/ordog/ros2_ws/install/object_detection_py/lib/python3.12/site-packages/object_detection_py
[1.789s] copying /home/ordog/ros2_ws/build/object_detection_py/build/lib/object_detection_py/object_detection_node.py -> /home/ordog/ros2_ws/install/object_detection_py/lib/python3.12/site-packages/object_detection_py
[1.790s] copying /home/ordog/ros2_ws/build/object_detection_py/build/lib/object_detection_py/save_training_images.py -> /home/ordog/ros2_ws/install/object_detection_py/lib/python3.12/site-packages/object_detection_py
[1.790s] copying /home/ordog/ros2_ws/build/object_detection_py/build/lib/object_detection_py/__init__.py -> /home/ordog/ros2_ws/install/object_detection_py/lib/python3.12/site-packages/object_detection_py
[1.791s] copying /home/ordog/ros2_ws/build/object_detection_py/build/lib/object_detection_py/object_detection_node_v3.py -> /home/ordog/ros2_ws/install/object_detection_py/lib/python3.12/site-packages/object_detection_py
[1.791s] copying /home/ordog/ros2_ws/build/object_detection_py/build/lib/object_detection_py/object_detection_node_v2.py -> /home/ordog/ros2_ws/install/object_detection_py/lib/python3.12/site-packages/object_detection_py
[1.791s] copying /home/ordog/ros2_ws/build/object_detection_py/build/lib/object_detection_py/object_detection_node_v4.py -> /home/ordog/ros2_ws/install/object_detection_py/lib/python3.12/site-packages/object_detection_py
[1.791s] byte-compiling /home/ordog/ros2_ws/install/object_detection_py/lib/python3.12/site-packages/object_detection_py/object_detection_node.py to object_detection_node.cpython-312.pyc
[1.793s] byte-compiling /home/ordog/ros2_ws/install/object_detection_py/lib/python3.12/site-packages/object_detection_py/save_training_images.py to save_training_images.cpython-312.pyc
[1.794s] byte-compiling /home/ordog/ros2_ws/install/object_detection_py/lib/python3.12/site-packages/object_detection_py/__init__.py to __init__.cpython-312.pyc
[1.794s] byte-compiling /home/ordog/ros2_ws/install/object_detection_py/lib/python3.12/site-packages/object_detection_py/object_detection_node_v3.py to object_detection_node_v3.cpython-312.pyc
[1.795s] byte-compiling /home/ordog/ros2_ws/install/object_detection_py/lib/python3.12/site-packages/object_detection_py/object_detection_node_v2.py to object_detection_node_v2.cpython-312.pyc
[1.797s] byte-compiling /home/ordog/ros2_ws/install/object_detection_py/lib/python3.12/site-packages/object_detection_py/object_detection_node_v4.py to object_detection_node_v4.cpython-312.pyc
[1.799s] running install_data
[1.799s] creating /home/ordog/ros2_ws/install/object_detection_py/share/ament_index
[1.799s] creating /home/ordog/ros2_ws/install/object_detection_py/share/ament_index/resource_index
[1.800s] creating /home/ordog/ros2_ws/install/object_detection_py/share/ament_index/resource_index/packages
[1.800s] copying resource/object_detection_py -> /home/ordog/ros2_ws/install/object_detection_py/share/ament_index/resource_index/packages
[1.800s] copying package.xml -> /home/ordog/ros2_ws/install/object_detection_py/share/object_detection_py
[1.800s] running install_egg_info
[1.820s] Copying ../../../build/object_detection_py/object_detection_py.egg-info to /home/ordog/ros2_ws/install/object_detection_py/lib/python3.12/site-packages/object_detection_py-0.0.0-py3.12.egg-info
[1.821s] running install_scripts
[1.947s] Installing object_detection_node script to /home/ordog/ros2_ws/install/object_detection_py/lib/object_detection_py
[1.947s] Installing object_detection_node_v2 script to /home/ordog/ros2_ws/install/object_detection_py/lib/object_detection_py
[1.947s] Installing object_detection_node_v3 script to /home/ordog/ros2_ws/install/object_detection_py/lib/object_detection_py
[1.947s] Installing save_training_images script to /home/ordog/ros2_ws/install/object_detection_py/lib/object_detection_py
[1.948s] writing list of installed files to '/home/ordog/ros2_ws/build/object_detection_py/install.log'
[1.984s] Invoked command in '/home/ordog/ros2_ws/src/object_detection_project/object_detection_py' returned '0': PYTHONPATH=/home/ordog/ros2_ws/build/object_detection_py/prefix_override:/usr/lib/python3/dist-packages/colcon_core/task/python/colcon_distutils_commands:/home/ordog/ros2_ws/install/object_detection_py/lib/python3.12/site-packages:${PYTHONPATH} /usr/bin/python3 -W ignore:setup.py install is deprecated -W ignore:easy_install command is deprecated setup.py egg_info --egg-base ../../../build/object_detection_py build --build-base /home/ordog/ros2_ws/build/object_detection_py/build install --record /home/ordog/ros2_ws/build/object_detection_py/install.log --single-version-externally-managed install_data
