[0.514s] Invoking command in '/home/ordog/ros2_ws/build/object_detection_project': CMAKE_PREFIX_PATH=${CMAKE_PREFIX_PATH}:/home/ordog/ros2_ws/install/turtlebot3_teleop:/home/ordog/ros2_ws/install/turtlebot3_example:/home/ordog/ros2_ws/install/bme_ros2_tutorials_py:/opt/ros/jazzy /usr/bin/cmake /home/ordog/ros2_ws/src/object_detection_project/object_detection_project -DCMAKE_INSTALL_PREFIX=/home/ordog/ros2_ws/install/object_detection_project
[0.746s] -- The C compiler identification is GNU 13.3.0
[1.132s] -- The CXX compiler identification is GNU 13.3.0
[1.504s] -- Detecting C compiler ABI info
[1.737s] -- Detecting C compiler ABI info - done
[1.748s] -- Check for working C compiler: /usr/bin/cc - skipped
[1.748s] -- Detecting C compile features
[1.750s] -- Detecting C compile features - done
[1.831s] -- Detecting CXX compiler ABI info
[2.077s] -- Detecting CXX compiler ABI info - done
[2.087s] -- Check for working CXX compiler: /usr/bin/c++ - skipped
[2.088s] -- Detecting CXX compile features
[2.088s] -- Detecting CXX compile features - done
[2.093s] -- Found ament_cmake: 2.5.4 (/opt/ros/jazzy/share/ament_cmake/cmake)
[2.269s] -- Found Python3: /usr/bin/python3 (found version "3.12.3") found components: Interpreter 
[2.408s] -- Found ament_lint_auto: 0.17.2 (/opt/ros/jazzy/share/ament_lint_auto/cmake)
[2.549s] -- Added test 'flake8' to check Python code syntax and style conventions
[2.549s] -- Configured 'flake8' exclude dirs and/or files: 
[2.550s] -- Added test 'lint_cmake' to check CMake code style
[2.552s] -- Added test 'pep257' to check Python code against some of the docstring style conventions in PEP 257
[2.555s] -- Added test 'xmllint' to check XML markup files
[2.557s] -- Configuring done (2.0s)
[2.561s] -- Generating done (0.0s)
[2.564s] -- Build files have been written to: /home/ordog/ros2_ws/build/object_detection_project
[2.570s] Invoked command in '/home/ordog/ros2_ws/build/object_detection_project' returned '0': CMAKE_PREFIX_PATH=${CMAKE_PREFIX_PATH}:/home/ordog/ros2_ws/install/turtlebot3_teleop:/home/ordog/ros2_ws/install/turtlebot3_example:/home/ordog/ros2_ws/install/bme_ros2_tutorials_py:/opt/ros/jazzy /usr/bin/cmake /home/ordog/ros2_ws/src/object_detection_project/object_detection_project -DCMAKE_INSTALL_PREFIX=/home/ordog/ros2_ws/install/object_detection_project
[2.570s] Invoking command in '/home/ordog/ros2_ws/build/object_detection_project': CMAKE_PREFIX_PATH=${CMAKE_PREFIX_PATH}:/home/ordog/ros2_ws/install/turtlebot3_teleop:/home/ordog/ros2_ws/install/turtlebot3_example:/home/ordog/ros2_ws/install/bme_ros2_tutorials_py:/opt/ros/jazzy /usr/bin/cmake --build /home/ordog/ros2_ws/build/object_detection_project -- -j20 -l20
[2.608s] Invoked command in '/home/ordog/ros2_ws/build/object_detection_project' returned '0': CMAKE_PREFIX_PATH=${CMAKE_PREFIX_PATH}:/home/ordog/ros2_ws/install/turtlebot3_teleop:/home/ordog/ros2_ws/install/turtlebot3_example:/home/ordog/ros2_ws/install/bme_ros2_tutorials_py:/opt/ros/jazzy /usr/bin/cmake --build /home/ordog/ros2_ws/build/object_detection_project -- -j20 -l20
[2.610s] Invoking command in '/home/ordog/ros2_ws/build/object_detection_project': CMAKE_PREFIX_PATH=${CMAKE_PREFIX_PATH}:/home/ordog/ros2_ws/install/turtlebot3_teleop:/home/ordog/ros2_ws/install/turtlebot3_example:/home/ordog/ros2_ws/install/bme_ros2_tutorials_py:/opt/ros/jazzy /usr/bin/cmake --install /home/ordog/ros2_ws/build/object_detection_project
[2.619s] -- Install configuration: ""
[2.619s] -- Installing: /home/ordog/ros2_ws/install/object_detection_project/share/object_detection_project/launch
[2.620s] -- Installing: /home/ordog/ros2_ws/install/object_detection_project/share/object_detection_project/launch/world.launch.py
[2.620s] -- Installing: /home/ordog/ros2_ws/install/object_detection_project/share/object_detection_project/launch/turtlebot3_world.launch.py
[2.620s] -- Installing: /home/ordog/ros2_ws/install/object_detection_project/share/object_detection_project/worlds
[2.621s] -- Installing: /home/ordog/ros2_ws/install/object_detection_project/share/object_detection_project/worlds/world.sdf
[2.621s] -- Installing: /home/ordog/ros2_ws/install/object_detection_project/share/object_detection_project/worlds/empty.sdf
[2.622s] -- Installing: /home/ordog/ros2_ws/install/object_detection_project/share/ament_index/resource_index/package_run_dependencies/object_detection_project
[2.622s] -- Installing: /home/ordog/ros2_ws/install/object_detection_project/share/ament_index/resource_index/parent_prefix_path/object_detection_project
[2.622s] -- Installing: /home/ordog/ros2_ws/install/object_detection_project/share/object_detection_project/environment/ament_prefix_path.sh
[2.622s] -- Installing: /home/ordog/ros2_ws/install/object_detection_project/share/object_detection_project/environment/ament_prefix_path.dsv
[2.623s] -- Installing: /home/ordog/ros2_ws/install/object_detection_project/share/object_detection_project/environment/path.sh
[2.623s] -- Installing: /home/ordog/ros2_ws/install/object_detection_project/share/object_detection_project/environment/path.dsv
[2.623s] -- Installing: /home/ordog/ros2_ws/install/object_detection_project/share/object_detection_project/local_setup.bash
[2.623s] -- Installing: /home/ordog/ros2_ws/install/object_detection_project/share/object_detection_project/local_setup.sh
[2.624s] -- Installing: /home/ordog/ros2_ws/install/object_detection_project/share/object_detection_project/local_setup.zsh
[2.624s] -- Installing: /home/ordog/ros2_ws/install/object_detection_project/share/object_detection_project/local_setup.dsv
[2.624s] -- Installing: /home/ordog/ros2_ws/install/object_detection_project/share/object_detection_project/package.dsv
[2.624s] -- Installing: /home/ordog/ros2_ws/install/object_detection_project/share/ament_index/resource_index/packages/object_detection_project
[2.624s] -- Installing: /home/ordog/ros2_ws/install/object_detection_project/share/object_detection_project/cmake/object_detection_projectConfig.cmake
[2.625s] -- Installing: /home/ordog/ros2_ws/install/object_detection_project/share/object_detection_project/cmake/object_detection_projectConfig-version.cmake
[2.625s] -- Installing: /home/ordog/ros2_ws/install/object_detection_project/share/object_detection_project/package.xml
[2.628s] Invoked command in '/home/ordog/ros2_ws/build/object_detection_project' returned '0': CMAKE_PREFIX_PATH=${CMAKE_PREFIX_PATH}:/home/ordog/ros2_ws/install/turtlebot3_teleop:/home/ordog/ros2_ws/install/turtlebot3_example:/home/ordog/ros2_ws/install/bme_ros2_tutorials_py:/opt/ros/jazzy /usr/bin/cmake --install /home/ordog/ros2_ws/build/object_detection_project
