[1.805s] Invoking command in '/home/ordog/ros2_ws/src/object_detection_project/object_detection_py': PYTHONPATH=/home/ordog/ros2_ws/build/object_detection_py/prefix_override:/usr/lib/python3/dist-packages/colcon_core/task/python/colcon_distutils_commands:/home/ordog/ros2_ws/install/object_detection_py/lib/python3.12/site-packages:${PYTHONPATH} /usr/bin/python3 -W ignore:setup.py install is deprecated -W ignore:easy_install command is deprecated setup.py egg_info --egg-base ../../../build/object_detection_py build --build-base /home/ordog/ros2_ws/build/object_detection_py/build install --record /home/ordog/ros2_ws/build/object_detection_py/install.log --single-version-externally-managed install_data
[2.069s] running egg_info
[2.087s] writing ../../../build/object_detection_py/object_detection_py.egg-info/PKG-INFO
[2.087s] writing dependency_links to ../../../build/object_detection_py/object_detection_py.egg-info/dependency_links.txt
[2.088s] writing entry points to ../../../build/object_detection_py/object_detection_py.egg-info/entry_points.txt
[2.088s] writing requirements to ../../../build/object_detection_py/object_detection_py.egg-info/requires.txt
[2.089s] writing top-level names to ../../../build/object_detection_py/object_detection_py.egg-info/top_level.txt
[2.156s] reading manifest file '../../../build/object_detection_py/object_detection_py.egg-info/SOURCES.txt'
[2.158s] writing manifest file '../../../build/object_detection_py/object_detection_py.egg-info/SOURCES.txt'
[2.158s] running build
[2.158s] running build_py
[2.159s] running install
[2.165s] running install_lib
[2.187s] running install_data
[2.187s] running install_egg_info
[2.210s] removing '/home/ordog/ros2_ws/install/object_detection_py/lib/python3.12/site-packages/object_detection_py-0.0.0-py3.12.egg-info' (and everything under it)
[2.211s] Copying ../../../build/object_detection_py/object_detection_py.egg-info to /home/ordog/ros2_ws/install/object_detection_py/lib/python3.12/site-packages/object_detection_py-0.0.0-py3.12.egg-info
[2.212s] running install_scripts
[2.337s] Installing object_detection_node script to /home/ordog/ros2_ws/install/object_detection_py/lib/object_detection_py
[2.337s] Installing object_detection_node_v2 script to /home/ordog/ros2_ws/install/object_detection_py/lib/object_detection_py
[2.337s] Installing object_detection_node_v3 script to /home/ordog/ros2_ws/install/object_detection_py/lib/object_detection_py
[2.337s] Installing save_training_images script to /home/ordog/ros2_ws/install/object_detection_py/lib/object_detection_py
[2.338s] writing list of installed files to '/home/ordog/ros2_ws/build/object_detection_py/install.log'
[2.383s] Invoked command in '/home/ordog/ros2_ws/src/object_detection_project/object_detection_py' returned '0': PYTHONPATH=/home/ordog/ros2_ws/build/object_detection_py/prefix_override:/usr/lib/python3/dist-packages/colcon_core/task/python/colcon_distutils_commands:/home/ordog/ros2_ws/install/object_detection_py/lib/python3.12/site-packages:${PYTHONPATH} /usr/bin/python3 -W ignore:setup.py install is deprecated -W ignore:easy_install command is deprecated setup.py egg_info --egg-base ../../../build/object_detection_py build --build-base /home/ordog/ros2_ws/build/object_detection_py/build install --record /home/ordog/ros2_ws/build/object_detection_py/install.log --single-version-externally-managed install_data
