[1.825s] Invoking command in '/home/ordog/ros2_ws/src/turtlebot3/turtlebot3_teleop': PYTHONPATH=/home/ordog/ros2_ws/build/turtlebot3_teleop/prefix_override:/usr/lib/python3/dist-packages/colcon_core/task/python/colcon_distutils_commands:/home/ordog/ros2_ws/install/turtlebot3_teleop/lib/python3.12/site-packages:${PYTHONPATH} /usr/bin/python3 -W ignore:setup.py install is deprecated -W ignore:easy_install command is deprecated setup.py egg_info --egg-base ../../../build/turtlebot3_teleop build --build-base /home/ordog/ros2_ws/build/turtlebot3_teleop/build install --record /home/ordog/ros2_ws/build/turtlebot3_teleop/install.log --single-version-externally-managed install_data
[2.094s] running egg_info
[2.114s] writing ../../../build/turtlebot3_teleop/turtlebot3_teleop.egg-info/PKG-INFO
[2.114s] writing dependency_links to ../../../build/turtlebot3_teleop/turtlebot3_teleop.egg-info/dependency_links.txt
[2.114s] writing entry points to ../../../build/turtlebot3_teleop/turtlebot3_teleop.egg-info/entry_points.txt
[2.114s] writing requirements to ../../../build/turtlebot3_teleop/turtlebot3_teleop.egg-info/requires.txt
[2.114s] writing top-level names to ../../../build/turtlebot3_teleop/turtlebot3_teleop.egg-info/top_level.txt
[2.151s] reading manifest file '../../../build/turtlebot3_teleop/turtlebot3_teleop.egg-info/SOURCES.txt'
[2.154s] writing manifest file '../../../build/turtlebot3_teleop/turtlebot3_teleop.egg-info/SOURCES.txt'
[2.154s] running build
[2.154s] running build_py
[2.154s] running install
[2.160s] running install_lib
[2.182s] running install_data
[2.182s] running install_egg_info
[2.205s] removing '/home/ordog/ros2_ws/install/turtlebot3_teleop/lib/python3.12/site-packages/turtlebot3_teleop-2.1.5-py3.12.egg-info' (and everything under it)
[2.205s] Copying ../../../build/turtlebot3_teleop/turtlebot3_teleop.egg-info to /home/ordog/ros2_ws/install/turtlebot3_teleop/lib/python3.12/site-packages/turtlebot3_teleop-2.1.5-py3.12.egg-info
[2.207s] running install_scripts
[2.328s] Installing teleop_keyboard script to /home/ordog/ros2_ws/install/turtlebot3_teleop/lib/turtlebot3_teleop
[2.329s] writing list of installed files to '/home/ordog/ros2_ws/build/turtlebot3_teleop/install.log'
[2.359s] Invoked command in '/home/ordog/ros2_ws/src/turtlebot3/turtlebot3_teleop' returned '0': PYTHONPATH=/home/ordog/ros2_ws/build/turtlebot3_teleop/prefix_override:/usr/lib/python3/dist-packages/colcon_core/task/python/colcon_distutils_commands:/home/ordog/ros2_ws/install/turtlebot3_teleop/lib/python3.12/site-packages:${PYTHONPATH} /usr/bin/python3 -W ignore:setup.py install is deprecated -W ignore:easy_install command is deprecated setup.py egg_info --egg-base ../../../build/turtlebot3_teleop build --build-base /home/ordog/ros2_ws/build/turtlebot3_teleop/build install --record /home/ordog/ros2_ws/build/turtlebot3_teleop/install.log --single-version-externally-managed install_data
