[1.748s] Invoking command in '/home/ordog/ros2_ws/src/object_detection_project/object_detection_py': PYTHONPATH=/home/ordog/ros2_ws/build/object_detection_py/prefix_override:/usr/lib/python3/dist-packages/colcon_core/task/python/colcon_distutils_commands:/home/ordog/ros2_ws/install/object_detection_py/lib/python3.12/site-packages:${PYTHONPATH} /usr/bin/python3 -W ignore:setup.py install is deprecated -W ignore:easy_install command is deprecated setup.py egg_info --egg-base ../../../build/object_detection_py build --build-base /home/ordog/ros2_ws/build/object_detection_py/build install --record /home/ordog/ros2_ws/build/object_detection_py/install.log --single-version-externally-managed install_data
[2.008s] running egg_info
[2.026s] writing ../../../build/object_detection_py/object_detection_py.egg-info/PKG-INFO
[2.056s] writing dependency_links to ../../../build/object_detection_py/object_detection_py.egg-info/dependency_links.txt
[2.056s] writing entry points to ../../../build/object_detection_py/object_detection_py.egg-info/entry_points.txt
[2.056s] writing requirements to ../../../build/object_detection_py/object_detection_py.egg-info/requires.txt
[2.056s] writing top-level names to ../../../build/object_detection_py/object_detection_py.egg-info/top_level.txt
[2.095s] reading manifest file '../../../build/object_detection_py/object_detection_py.egg-info/SOURCES.txt'
[2.097s] writing manifest file '../../../build/object_detection_py/object_detection_py.egg-info/SOURCES.txt'
[2.097s] running build
[2.097s] running build_py
[2.097s] running install
[2.104s] running install_lib
[2.124s] running install_data
[2.124s] running install_egg_info
[2.143s] removing '/home/ordog/ros2_ws/install/object_detection_py/lib/python3.12/site-packages/object_detection_py-0.0.0-py3.12.egg-info' (and everything under it)
[2.144s] Copying ../../../build/object_detection_py/object_detection_py.egg-info to /home/ordog/ros2_ws/install/object_detection_py/lib/python3.12/site-packages/object_detection_py-0.0.0-py3.12.egg-info
[2.145s] running install_scripts
[2.265s] Installing object_detection_node script to /home/ordog/ros2_ws/install/object_detection_py/lib/object_detection_py
[2.265s] Installing object_detection_node_v2 script to /home/ordog/ros2_ws/install/object_detection_py/lib/object_detection_py
[2.266s] Installing object_detection_node_v3 script to /home/ordog/ros2_ws/install/object_detection_py/lib/object_detection_py
[2.266s] Installing save_training_images script to /home/ordog/ros2_ws/install/object_detection_py/lib/object_detection_py
[2.267s] writing list of installed files to '/home/ordog/ros2_ws/build/object_detection_py/install.log'
[2.310s] Invoked command in '/home/ordog/ros2_ws/src/object_detection_project/object_detection_py' returned '0': PYTHONPATH=/home/ordog/ros2_ws/build/object_detection_py/prefix_override:/usr/lib/python3/dist-packages/colcon_core/task/python/colcon_distutils_commands:/home/ordog/ros2_ws/install/object_detection_py/lib/python3.12/site-packages:${PYTHONPATH} /usr/bin/python3 -W ignore:setup.py install is deprecated -W ignore:easy_install command is deprecated setup.py egg_info --egg-base ../../../build/object_detection_py build --build-base /home/ordog/ros2_ws/build/object_detection_py/build install --record /home/ordog/ros2_ws/build/object_detection_py/install.log --single-version-externally-managed install_data
