[0.048s] Invoking command in '/home/ordog/ros2_ws/build/turtlebot3_description': CMAKE_PREFIX_PATH=${CMAKE_PREFIX_PATH}:/opt/ros/jazzy /usr/bin/cmake /home/ordog/ros2_ws/src/turtlebot3/turtlebot3_description -DCMAKE_INSTALL_PREFIX=/home/ordog/ros2_ws/install/turtlebot3_description
[0.558s] -- The C compiler identification is GNU 13.3.0
[0.906s] -- The CXX compiler identification is GNU 13.3.0
[1.194s] -- Detecting C compiler ABI info
[1.423s] -- Detecting C compiler ABI info - done
[1.433s] -- Check for working C compiler: /usr/bin/cc - skipped
[1.433s] -- Detecting C compile features
[1.434s] -- Detecting C compile features - done
[1.487s] -- Detecting CXX compiler ABI info
[1.710s] -- Detecting CXX compiler ABI info - done
[1.722s] -- Check for working CXX compiler: /usr/bin/c++ - skipped
[1.722s] -- Detecting CXX compile features
[1.723s] -- Detecting CXX compile features - done
[1.737s] -- Found ament_cmake: 2.5.4 (/opt/ros/jazzy/share/ament_cmake/cmake)
[1.940s] -- Found Python3: /usr/bin/python3 (found version "3.12.3") found components: Interpreter 
[2.245s] -- Configuring done (2.1s)
[2.250s] -- Generating done (0.0s)
[2.252s] -- Build files have been written to: /home/ordog/ros2_ws/build/turtlebot3_description
[2.258s] Invoked command in '/home/ordog/ros2_ws/build/turtlebot3_description' returned '0': CMAKE_PREFIX_PATH=${CMAKE_PREFIX_PATH}:/opt/ros/jazzy /usr/bin/cmake /home/ordog/ros2_ws/src/turtlebot3/turtlebot3_description -DCMAKE_INSTALL_PREFIX=/home/ordog/ros2_ws/install/turtlebot3_description
[2.260s] Invoking command in '/home/ordog/ros2_ws/build/turtlebot3_description': CMAKE_PREFIX_PATH=${CMAKE_PREFIX_PATH}:/opt/ros/jazzy /usr/bin/cmake --build /home/ordog/ros2_ws/build/turtlebot3_description -- -j20 -l20
[2.294s] Invoked command in '/home/ordog/ros2_ws/build/turtlebot3_description' returned '0': CMAKE_PREFIX_PATH=${CMAKE_PREFIX_PATH}:/opt/ros/jazzy /usr/bin/cmake --build /home/ordog/ros2_ws/build/turtlebot3_description -- -j20 -l20
[2.306s] Invoking command in '/home/ordog/ros2_ws/build/turtlebot3_description': CMAKE_PREFIX_PATH=${CMAKE_PREFIX_PATH}:/opt/ros/jazzy /usr/bin/cmake --install /home/ordog/ros2_ws/build/turtlebot3_description
[2.314s] -- Install configuration: ""
[2.314s] -- Installing: /home/ordog/ros2_ws/install/turtlebot3_description/share/turtlebot3_description/launch
[2.314s] -- Installing: /home/ordog/ros2_ws/install/turtlebot3_description/share/turtlebot3_description/launch/model.launch.py
[2.315s] -- Installing: /home/ordog/ros2_ws/install/turtlebot3_description/share/turtlebot3_description/rviz
[2.315s] -- Installing: /home/ordog/ros2_ws/install/turtlebot3_description/share/turtlebot3_description/rviz/model.rviz
[2.315s] -- Installing: /home/ordog/ros2_ws/install/turtlebot3_description/share/turtlebot3_description/urdf
[2.315s] -- Installing: /home/ordog/ros2_ws/install/turtlebot3_description/share/turtlebot3_description/urdf/waffle_pi.urdf.xacro
[2.316s] -- Installing: /home/ordog/ros2_ws/install/turtlebot3_description/share/turtlebot3_description/urdf/turtlebot3_burger.urdf.xacro
[2.316s] -- Installing: /home/ordog/ros2_ws/install/turtlebot3_description/share/turtlebot3_description/urdf/turtlebot3_waffle_pi.urdf.xacro
[2.317s] -- Installing: /home/ordog/ros2_ws/install/turtlebot3_description/share/turtlebot3_description/urdf/burger.urdf.xacro
[2.317s] -- Installing: /home/ordog/ros2_ws/install/turtlebot3_description/share/turtlebot3_description/urdf/burger_camera.urdf.xacro
[2.318s] -- Installing: /home/ordog/ros2_ws/install/turtlebot3_description/share/turtlebot3_description/gazebo
[2.319s] -- Installing: /home/ordog/ros2_ws/install/turtlebot3_description/share/turtlebot3_description/gazebo/burger.gazebo.xacro
[2.319s] -- Installing: /home/ordog/ros2_ws/install/turtlebot3_description/share/turtlebot3_description/gazebo/waffle_pi.gazebo.xacro
[2.319s] -- Installing: /home/ordog/ros2_ws/install/turtlebot3_description/share/turtlebot3_description/gazebo/materials.xacro
[2.321s] -- Installing: /home/ordog/ros2_ws/install/turtlebot3_description/share/turtlebot3_description/meshes
[2.322s] -- Installing: /home/ordog/ros2_ws/install/turtlebot3_description/share/turtlebot3_description/meshes/waffle_pi
[2.322s] -- Installing: /home/ordog/ros2_ws/install/turtlebot3_description/share/turtlebot3_description/meshes/waffle_pi/base.stl
[2.331s] -- Installing: /home/ordog/ros2_ws/install/turtlebot3_description/share/turtlebot3_description/meshes/waffle_pi/ladar.stl
[2.336s] -- Installing: /home/ordog/ros2_ws/install/turtlebot3_description/share/turtlebot3_description/meshes/waffle_pi/right_tire.stl
[2.336s] -- Installing: /home/ordog/ros2_ws/install/turtlebot3_description/share/turtlebot3_description/meshes/waffle_pi/left_tire.stl
[2.337s] -- Installing: /home/ordog/ros2_ws/install/turtlebot3_description/share/turtlebot3_description/meshes/burger
[2.337s] -- Installing: /home/ordog/ros2_ws/install/turtlebot3_description/share/turtlebot3_description/meshes/burger/base.stl
[2.345s] -- Installing: /home/ordog/ros2_ws/install/turtlebot3_description/share/turtlebot3_description/meshes/burger/ladar.stl
[2.347s] -- Installing: /home/ordog/ros2_ws/install/turtlebot3_description/share/turtlebot3_description/meshes/burger/right_tire.stl
[2.353s] -- Installing: /home/ordog/ros2_ws/install/turtlebot3_description/share/turtlebot3_description/meshes/burger/left_tire.stl
[2.354s] -- Installing: /home/ordog/ros2_ws/install/turtlebot3_description/share/turtlebot3_description/ros2_control
[2.354s] -- Installing: /home/ordog/ros2_ws/install/turtlebot3_description/share/turtlebot3_description/ros2_control/turtlebot3_system.ros2_control.xacro
[2.355s] -- Installing: /home/ordog/ros2_ws/install/turtlebot3_description/share/turtlebot3_description/environment/turtlebot3_description.dsv
[2.355s] -- Installing: /home/ordog/ros2_ws/install/turtlebot3_description/share/ament_index/resource_index/package_run_dependencies/turtlebot3_description
[2.355s] -- Installing: /home/ordog/ros2_ws/install/turtlebot3_description/share/ament_index/resource_index/parent_prefix_path/turtlebot3_description
[2.356s] -- Installing: /home/ordog/ros2_ws/install/turtlebot3_description/share/turtlebot3_description/environment/ament_prefix_path.sh
[2.356s] -- Installing: /home/ordog/ros2_ws/install/turtlebot3_description/share/turtlebot3_description/environment/ament_prefix_path.dsv
[2.357s] -- Installing: /home/ordog/ros2_ws/install/turtlebot3_description/share/turtlebot3_description/environment/path.sh
[2.357s] -- Installing: /home/ordog/ros2_ws/install/turtlebot3_description/share/turtlebot3_description/environment/path.dsv
[2.357s] -- Installing: /home/ordog/ros2_ws/install/turtlebot3_description/share/turtlebot3_description/local_setup.bash
[2.358s] -- Installing: /home/ordog/ros2_ws/install/turtlebot3_description/share/turtlebot3_description/local_setup.sh
[2.358s] -- Installing: /home/ordog/ros2_ws/install/turtlebot3_description/share/turtlebot3_description/local_setup.zsh
[2.358s] -- Installing: /home/ordog/ros2_ws/install/turtlebot3_description/share/turtlebot3_description/local_setup.dsv
[2.358s] -- Installing: /home/ordog/ros2_ws/install/turtlebot3_description/share/turtlebot3_description/package.dsv
[2.359s] -- Installing: /home/ordog/ros2_ws/install/turtlebot3_description/share/ament_index/resource_index/packages/turtlebot3_description
[2.359s] -- Installing: /home/ordog/ros2_ws/install/turtlebot3_description/share/turtlebot3_description/cmake/turtlebot3_descriptionConfig.cmake
[2.359s] -- Installing: /home/ordog/ros2_ws/install/turtlebot3_description/share/turtlebot3_description/cmake/turtlebot3_descriptionConfig-version.cmake
[2.360s] -- Installing: /home/ordog/ros2_ws/install/turtlebot3_description/share/turtlebot3_description/package.xml
[2.373s] Invoked command in '/home/ordog/ros2_ws/build/turtlebot3_description' returned '0': CMAKE_PREFIX_PATH=${CMAKE_PREFIX_PATH}:/opt/ros/jazzy /usr/bin/cmake --install /home/ordog/ros2_ws/build/turtlebot3_description
