[0.809s] Invoking command in '/home/ordog/ros2_ws/src/turtlebot3/turtlebot3_example': CMAKE_PREFIX_PATH=/home/ordog/ros2_ws/install/turtlebot3_msgs:/home/ordog/ros2_ws/install/object_detection_project:/home/ordog/ros2_ws/install/turtlebot3:/home/ordog/ros2_ws/install/turtlebot3_slam_toolbox:/home/ordog/ros2_ws/install/turtlebot3_simulations:/home/ordog/ros2_ws/install/turtlebot3_navigation2:/home/ordog/ros2_ws/install/turtlebot3_fake_node:/home/ordog/ros2_ws/install/turtlebot3_hardware:/home/ordog/ros2_ws/install/turtlebot3_gazebo:/home/ordog/ros2_ws/install/turtlebot3_bringup:/home/ordog/ros2_ws/install/turtlebot3_description:/home/ordog/ros2_ws/install/turtlebot3_cartographer:/opt/ros/jazzy/opt/gz_sim_vendor:/opt/ros/jazzy/opt/gz_sensors_vendor:/opt/ros/jazzy/opt/gz_physics_vendor:/opt/ros/jazzy/opt/sdformat_vendor:/opt/ros/jazzy/opt/gz_gui_vendor:/opt/ros/jazzy/opt/gz_transport_vendor:/opt/ros/jazzy/opt/gz_rendering_vendor:/opt/ros/jazzy/opt/gz_plugin_vendor:/opt/ros/jazzy/opt/gz_fuel_tools_vendor:/opt/ros/jazzy/opt/gz_msgs_vendor:/opt/ros/jazzy/opt/gz_common_vendor:/opt/ros/jazzy/opt/gz_math_vendor:/opt/ros/jazzy/opt/gz_utils_vendor:/opt/ros/jazzy/opt/gz_tools_vendor:/opt/ros/jazzy/opt/gz_ogre_next_vendor:/opt/ros/jazzy/opt/gz_dartsim_vendor:/opt/ros/jazzy/opt/gz_cmake_vendor:/home/ordog/ros2_ws/install PYTHONPATH=/home/ordog/ros2_ws/build/turtlebot3_example/prefix_override:/usr/lib/python3/dist-packages/colcon_core/task/python/colcon_distutils_commands:/home/ordog/ros2_ws/install/turtlebot3_example/lib/python3.12/site-packages:/home/ordog/ros2_ws/install/turtlebot3_msgs/lib/python3.12/site-packages:/home/ordog/ros2_ws/install/object_detection_py/lib/python3.12/site-packages:/home/ordog/ros2_ws/install/turtlebot3_teleop/lib/python3.12/site-packages:/home/ordog/ros2_ws/install/turtlebot3_example/lib/python3.12/site-packages:/home/ordog/ros2_ws/install/bme_ros2_tutorials_py/lib/python3.12/site-packages:/opt/ros/jazzy/lib/python3.12/site-packages:/home/saratimea/.virtualenvs/tf/lib/python3.12/site-packages:/home/ordog/.virtualenvs/tf/lib/python3.12/site-packages /usr/bin/python3 -W ignore:setup.py install is deprecated -W ignore:easy_install command is deprecated setup.py egg_info --egg-base ../../../build/turtlebot3_example build --build-base /home/ordog/ros2_ws/build/turtlebot3_example/build install --record /home/ordog/ros2_ws/build/turtlebot3_example/install.log --single-version-externally-managed install_data
[0.996s] /home/ordog/.virtualenvs/tf/lib/python3.12/site-packages/setuptools/dist.py:761: SetuptoolsDeprecationWarning: License classifiers are deprecated.
[0.996s] !!
[0.996s] 
[0.996s]         ********************************************************************************
[0.996s]         Please consider removing the following classifiers in favor of a SPDX license expression:
[0.996s] 
[0.996s]         License :: OSI Approved :: Apache Software License
[0.996s] 
[0.997s]         See https://packaging.python.org/en/latest/guides/writing-pyproject-toml/#license for details.
[0.997s]         ********************************************************************************
[0.997s] 
[0.997s] !!
[0.997s]   self._finalize_license_expression()
[1.064s] running egg_info
[1.080s] writing ../../../build/turtlebot3_example/turtlebot3_example.egg-info/PKG-INFO
[1.081s] writing dependency_links to ../../../build/turtlebot3_example/turtlebot3_example.egg-info/dependency_links.txt
[1.081s] writing entry points to ../../../build/turtlebot3_example/turtlebot3_example.egg-info/entry_points.txt
[1.081s] writing requirements to ../../../build/turtlebot3_example/turtlebot3_example.egg-info/requires.txt
[1.081s] writing top-level names to ../../../build/turtlebot3_example/turtlebot3_example.egg-info/top_level.txt
[1.116s] reading manifest file '../../../build/turtlebot3_example/turtlebot3_example.egg-info/SOURCES.txt'
[1.117s] writing manifest file '../../../build/turtlebot3_example/turtlebot3_example.egg-info/SOURCES.txt'
[1.118s] running build
[1.118s] running build_py
[1.118s] copying turtlebot3_example/__init__.py -> /home/ordog/ros2_ws/build/turtlebot3_example/build/lib/turtlebot3_example
[1.118s] copying turtlebot3_example/turtlebot3_obstacle_detection/__init__.py -> /home/ordog/ros2_ws/build/turtlebot3_example/build/lib/turtlebot3_example/turtlebot3_obstacle_detection
[1.118s] copying turtlebot3_example/turtlebot3_obstacle_detection/turtlebot3_obstacle_detection.py -> /home/ordog/ros2_ws/build/turtlebot3_example/build/lib/turtlebot3_example/turtlebot3_obstacle_detection
[1.119s] copying turtlebot3_example/turtlebot3_position_control/__init__.py -> /home/ordog/ros2_ws/build/turtlebot3_example/build/lib/turtlebot3_example/turtlebot3_position_control
[1.119s] copying turtlebot3_example/turtlebot3_position_control/turtlebot3_position_control_pointop_key.py -> /home/ordog/ros2_ws/build/turtlebot3_example/build/lib/turtlebot3_example/turtlebot3_position_control
[1.120s] running install
[1.124s] running install_lib
[1.142s] running install_data
[1.142s] copying resource/turtlebot3_example -> /home/ordog/ros2_ws/install/turtlebot3_example/share/ament_index/resource_index/packages
[1.142s] copying package.xml -> /home/ordog/ros2_ws/install/turtlebot3_example/share/turtlebot3_example
[1.142s] running install_egg_info
[1.159s] removing '/home/ordog/ros2_ws/install/turtlebot3_example/lib/python3.12/site-packages/turtlebot3_example-2.1.5-py3.12.egg-info' (and everything under it)
[1.160s] Copying ../../../build/turtlebot3_example/turtlebot3_example.egg-info to /home/ordog/ros2_ws/install/turtlebot3_example/lib/python3.12/site-packages/turtlebot3_example-2.1.5-py3.12.egg-info
[1.160s] running install_scripts
[1.268s] Installing turtlebot3_interactive_marker script to /home/ordog/ros2_ws/install/turtlebot3_example/lib/turtlebot3_example
[1.268s] Installing turtlebot3_obstacle_detection script to /home/ordog/ros2_ws/install/turtlebot3_example/lib/turtlebot3_example
[1.268s] Installing turtlebot3_patrol_client script to /home/ordog/ros2_ws/install/turtlebot3_example/lib/turtlebot3_example
[1.268s] Installing turtlebot3_patrol_server script to /home/ordog/ros2_ws/install/turtlebot3_example/lib/turtlebot3_example
[1.268s] Installing turtlebot3_position_control_pointop_key script to /home/ordog/ros2_ws/install/turtlebot3_example/lib/turtlebot3_example
[1.268s] writing list of installed files to '/home/ordog/ros2_ws/build/turtlebot3_example/install.log'
[1.296s] Invoked command in '/home/ordog/ros2_ws/src/turtlebot3/turtlebot3_example' returned '0': CMAKE_PREFIX_PATH=/home/ordog/ros2_ws/install/turtlebot3_msgs:/home/ordog/ros2_ws/install/object_detection_project:/home/ordog/ros2_ws/install/turtlebot3:/home/ordog/ros2_ws/install/turtlebot3_slam_toolbox:/home/ordog/ros2_ws/install/turtlebot3_simulations:/home/ordog/ros2_ws/install/turtlebot3_navigation2:/home/ordog/ros2_ws/install/turtlebot3_fake_node:/home/ordog/ros2_ws/install/turtlebot3_hardware:/home/ordog/ros2_ws/install/turtlebot3_gazebo:/home/ordog/ros2_ws/install/turtlebot3_bringup:/home/ordog/ros2_ws/install/turtlebot3_description:/home/ordog/ros2_ws/install/turtlebot3_cartographer:/opt/ros/jazzy/opt/gz_sim_vendor:/opt/ros/jazzy/opt/gz_sensors_vendor:/opt/ros/jazzy/opt/gz_physics_vendor:/opt/ros/jazzy/opt/sdformat_vendor:/opt/ros/jazzy/opt/gz_gui_vendor:/opt/ros/jazzy/opt/gz_transport_vendor:/opt/ros/jazzy/opt/gz_rendering_vendor:/opt/ros/jazzy/opt/gz_plugin_vendor:/opt/ros/jazzy/opt/gz_fuel_tools_vendor:/opt/ros/jazzy/opt/gz_msgs_vendor:/opt/ros/jazzy/opt/gz_common_vendor:/opt/ros/jazzy/opt/gz_math_vendor:/opt/ros/jazzy/opt/gz_utils_vendor:/opt/ros/jazzy/opt/gz_tools_vendor:/opt/ros/jazzy/opt/gz_ogre_next_vendor:/opt/ros/jazzy/opt/gz_dartsim_vendor:/opt/ros/jazzy/opt/gz_cmake_vendor:/home/ordog/ros2_ws/install PYTHONPATH=/home/ordog/ros2_ws/build/turtlebot3_example/prefix_override:/usr/lib/python3/dist-packages/colcon_core/task/python/colcon_distutils_commands:/home/ordog/ros2_ws/install/turtlebot3_example/lib/python3.12/site-packages:/home/ordog/ros2_ws/install/turtlebot3_msgs/lib/python3.12/site-packages:/home/ordog/ros2_ws/install/object_detection_py/lib/python3.12/site-packages:/home/ordog/ros2_ws/install/turtlebot3_teleop/lib/python3.12/site-packages:/home/ordog/ros2_ws/install/turtlebot3_example/lib/python3.12/site-packages:/home/ordog/ros2_ws/install/bme_ros2_tutorials_py/lib/python3.12/site-packages:/opt/ros/jazzy/lib/python3.12/site-packages:/home/saratimea/.virtualenvs/tf/lib/python3.12/site-packages:/home/ordog/.virtualenvs/tf/lib/python3.12/site-packages /usr/bin/python3 -W ignore:setup.py install is deprecated -W ignore:easy_install command is deprecated setup.py egg_info --egg-base ../../../build/turtlebot3_example build --build-base /home/ordog/ros2_ws/build/turtlebot3_example/build install --record /home/ordog/ros2_ws/build/turtlebot3_example/install.log --single-version-externally-managed install_data
