[0.079s] Invoking command in '/home/ordog/ros2_ws/build/turtlebot3_hardware': CMAKE_PREFIX_PATH=${CMAKE_PREFIX_PATH}:/home/ordog/ros2_ws/install/object_detection_py:/home/ordog/ros2_ws/install/turtlebot3_teleop:/home/ordog/ros2_ws/install/turtlebot3_example:/home/ordog/ros2_ws/install/bme_ros2_tutorials_py:/opt/ros/jazzy /usr/bin/cmake --build /home/ordog/ros2_ws/build/turtlebot3_hardware -- -j20 -l20
[0.904s] [100%] Built target turtlebot3_hardware
[0.927s] Invoked command in '/home/ordog/ros2_ws/build/turtlebot3_hardware' returned '0': CMAKE_PREFIX_PATH=${CMAKE_PREFIX_PATH}:/home/ordog/ros2_ws/install/object_detection_py:/home/ordog/ros2_ws/install/turtlebot3_teleop:/home/ordog/ros2_ws/install/turtlebot3_example:/home/ordog/ros2_ws/install/bme_ros2_tutorials_py:/opt/ros/jazzy /usr/bin/cmake --build /home/ordog/ros2_ws/build/turtlebot3_hardware -- -j20 -l20
[0.931s] Invoking command in '/home/ordog/ros2_ws/build/turtlebot3_hardware': CMAKE_PREFIX_PATH=${CMAKE_PREFIX_PATH}:/home/ordog/ros2_ws/install/object_detection_py:/home/ordog/ros2_ws/install/turtlebot3_teleop:/home/ordog/ros2_ws/install/turtlebot3_example:/home/ordog/ros2_ws/install/bme_ros2_tutorials_py:/opt/ros/jazzy /usr/bin/cmake --install /home/ordog/ros2_ws/build/turtlebot3_hardware
[1.035s] -- Install configuration: ""
[1.035s] -- Up-to-date: /home/ordog/ros2_ws/install/turtlebot3_hardware/share/turtlebot3_hardware/turtlebot3_hardware.xml
[1.035s] -- Up-to-date: /home/ordog/ros2_ws/install/turtlebot3_hardware/include
[1.035s] -- Up-to-date: /home/ordog/ros2_ws/install/turtlebot3_hardware/include/turtlebot3_hardware
[1.035s] -- Up-to-date: /home/ordog/ros2_ws/install/turtlebot3_hardware/include/turtlebot3_hardware/visibility_control.h
[1.035s] -- Up-to-date: /home/ordog/ros2_ws/install/turtlebot3_hardware/include/turtlebot3_hardware/turtlebot3_system.hpp
[1.036s] -- Up-to-date: /home/ordog/ros2_ws/install/turtlebot3_hardware/include/turtlebot3_hardware/opencr.hpp
[1.036s] -- Up-to-date: /home/ordog/ros2_ws/install/turtlebot3_hardware/include/turtlebot3_hardware/opencr_control_table.hpp
[1.036s] -- Up-to-date: /home/ordog/ros2_ws/install/turtlebot3_hardware/include/turtlebot3_hardware/opencr_definitions.hpp
[1.036s] -- Up-to-date: /home/ordog/ros2_ws/install/turtlebot3_hardware/include/turtlebot3_hardware/dynamixel_sdk_wrapper.hpp
[1.036s] -- Up-to-date: /home/ordog/ros2_ws/install/turtlebot3_hardware/lib/libturtlebot3_hardware.so
[1.036s] -- Up-to-date: /home/ordog/ros2_ws/install/turtlebot3_hardware/share/turtlebot3_hardware/environment/library_path.sh
[1.036s] -- Up-to-date: /home/ordog/ros2_ws/install/turtlebot3_hardware/share/turtlebot3_hardware/environment/library_path.dsv
[1.037s] -- Up-to-date: /home/ordog/ros2_ws/install/turtlebot3_hardware/share/ament_index/resource_index/package_run_dependencies/turtlebot3_hardware
[1.037s] -- Up-to-date: /home/ordog/ros2_ws/install/turtlebot3_hardware/share/ament_index/resource_index/parent_prefix_path/turtlebot3_hardware
[1.037s] -- Up-to-date: /home/ordog/ros2_ws/install/turtlebot3_hardware/share/turtlebot3_hardware/environment/ament_prefix_path.sh
[1.037s] -- Up-to-date: /home/ordog/ros2_ws/install/turtlebot3_hardware/share/turtlebot3_hardware/environment/ament_prefix_path.dsv
[1.037s] -- Up-to-date: /home/ordog/ros2_ws/install/turtlebot3_hardware/share/turtlebot3_hardware/environment/path.sh
[1.037s] -- Up-to-date: /home/ordog/ros2_ws/install/turtlebot3_hardware/share/turtlebot3_hardware/environment/path.dsv
[1.037s] -- Up-to-date: /home/ordog/ros2_ws/install/turtlebot3_hardware/share/turtlebot3_hardware/local_setup.bash
[1.037s] -- Up-to-date: /home/ordog/ros2_ws/install/turtlebot3_hardware/share/turtlebot3_hardware/local_setup.sh
[1.038s] -- Up-to-date: /home/ordog/ros2_ws/install/turtlebot3_hardware/share/turtlebot3_hardware/local_setup.zsh
[1.038s] -- Up-to-date: /home/ordog/ros2_ws/install/turtlebot3_hardware/share/turtlebot3_hardware/local_setup.dsv
[1.038s] -- Installing: /home/ordog/ros2_ws/install/turtlebot3_hardware/share/turtlebot3_hardware/package.dsv
[1.038s] -- Up-to-date: /home/ordog/ros2_ws/install/turtlebot3_hardware/share/ament_index/resource_index/packages/turtlebot3_hardware
[1.039s] -- Up-to-date: /home/ordog/ros2_ws/install/turtlebot3_hardware/share/ament_index/resource_index/hardware_interface__pluginlib__plugin/turtlebot3_hardware
[1.039s] -- Up-to-date: /home/ordog/ros2_ws/install/turtlebot3_hardware/share/turtlebot3_hardware/cmake/ament_cmake_export_include_directories-extras.cmake
[1.039s] -- Up-to-date: /home/ordog/ros2_ws/install/turtlebot3_hardware/share/turtlebot3_hardware/cmake/ament_cmake_export_libraries-extras.cmake
[1.039s] -- Up-to-date: /home/ordog/ros2_ws/install/turtlebot3_hardware/share/turtlebot3_hardware/cmake/ament_cmake_export_dependencies-extras.cmake
[1.039s] -- Up-to-date: /home/ordog/ros2_ws/install/turtlebot3_hardware/share/turtlebot3_hardware/cmake/turtlebot3_hardwareConfig.cmake
[1.039s] -- Up-to-date: /home/ordog/ros2_ws/install/turtlebot3_hardware/share/turtlebot3_hardware/cmake/turtlebot3_hardwareConfig-version.cmake
[1.039s] -- Up-to-date: /home/ordog/ros2_ws/install/turtlebot3_hardware/share/turtlebot3_hardware/package.xml
[1.103s] Invoked command in '/home/ordog/ros2_ws/build/turtlebot3_hardware' returned '0': CMAKE_PREFIX_PATH=${CMAKE_PREFIX_PATH}:/home/ordog/ros2_ws/install/object_detection_py:/home/ordog/ros2_ws/install/turtlebot3_teleop:/home/ordog/ros2_ws/install/turtlebot3_example:/home/ordog/ros2_ws/install/bme_ros2_tutorials_py:/opt/ros/jazzy /usr/bin/cmake --install /home/ordog/ros2_ws/build/turtlebot3_hardware
