[0.048s] Invoking command in '/home/ordog/ros2_ws/build/turtlebot3_cartographer': CMAKE_PREFIX_PATH=${CMAKE_PREFIX_PATH}:/opt/ros/jazzy /usr/bin/cmake /home/ordog/ros2_ws/src/turtlebot3/turtlebot3_cartographer -DCMAKE_INSTALL_PREFIX=/home/ordog/ros2_ws/install/turtlebot3_cartographer
[0.555s] -- The C compiler identification is GNU 13.3.0
[0.922s] -- The CXX compiler identification is GNU 13.3.0
[1.311s] -- Detecting C compiler ABI info
[1.496s] -- Detecting C compiler ABI info - done
[1.506s] -- Check for working C compiler: /usr/bin/cc - skipped
[1.507s] -- Detecting C compile features
[1.507s] -- Detecting C compile features - done
[1.570s] -- Detecting CXX compiler ABI info
[1.792s] -- Detecting CXX compiler ABI info - done
[1.806s] -- Check for working CXX compiler: /usr/bin/c++ - skipped
[1.806s] -- Detecting CXX compile features
[1.806s] -- Detecting CXX compile features - done
[1.809s] -- Found ament_cmake: 2.5.4 (/opt/ros/jazzy/share/ament_cmake/cmake)
[2.002s] -- Found Python3: /usr/bin/python3 (found version "3.12.3") found components: Interpreter 
[2.242s] -- Configuring done (2.1s)
[2.246s] -- Generating done (0.0s)
[2.248s] -- Build files have been written to: /home/ordog/ros2_ws/build/turtlebot3_cartographer
[2.257s] Invoked command in '/home/ordog/ros2_ws/build/turtlebot3_cartographer' returned '0': CMAKE_PREFIX_PATH=${CMAKE_PREFIX_PATH}:/opt/ros/jazzy /usr/bin/cmake /home/ordog/ros2_ws/src/turtlebot3/turtlebot3_cartographer -DCMAKE_INSTALL_PREFIX=/home/ordog/ros2_ws/install/turtlebot3_cartographer
[2.258s] Invoking command in '/home/ordog/ros2_ws/build/turtlebot3_cartographer': CMAKE_PREFIX_PATH=${CMAKE_PREFIX_PATH}:/opt/ros/jazzy /usr/bin/cmake --build /home/ordog/ros2_ws/build/turtlebot3_cartographer -- -j20 -l20
[2.305s] Invoked command in '/home/ordog/ros2_ws/build/turtlebot3_cartographer' returned '0': CMAKE_PREFIX_PATH=${CMAKE_PREFIX_PATH}:/opt/ros/jazzy /usr/bin/cmake --build /home/ordog/ros2_ws/build/turtlebot3_cartographer -- -j20 -l20
[2.306s] Invoking command in '/home/ordog/ros2_ws/build/turtlebot3_cartographer': CMAKE_PREFIX_PATH=${CMAKE_PREFIX_PATH}:/opt/ros/jazzy /usr/bin/cmake --install /home/ordog/ros2_ws/build/turtlebot3_cartographer
[2.315s] -- Install configuration: ""
[2.315s] -- Installing: /home/ordog/ros2_ws/install/turtlebot3_cartographer/share/turtlebot3_cartographer/config
[2.317s] -- Installing: /home/ordog/ros2_ws/install/turtlebot3_cartographer/share/turtlebot3_cartographer/config/turtlebot3_2d.lua
[2.318s] -- Installing: /home/ordog/ros2_ws/install/turtlebot3_cartographer/share/turtlebot3_cartographer/launch
[2.318s] -- Installing: /home/ordog/ros2_ws/install/turtlebot3_cartographer/share/turtlebot3_cartographer/launch/cartographer.launch.py
[2.318s] -- Installing: /home/ordog/ros2_ws/install/turtlebot3_cartographer/share/turtlebot3_cartographer/rviz
[2.320s] -- Installing: /home/ordog/ros2_ws/install/turtlebot3_cartographer/share/turtlebot3_cartographer/rviz/cartographer.rviz
[2.320s] -- Installing: /home/ordog/ros2_ws/install/turtlebot3_cartographer/share/ament_index/resource_index/package_run_dependencies/turtlebot3_cartographer
[2.321s] -- Installing: /home/ordog/ros2_ws/install/turtlebot3_cartographer/share/ament_index/resource_index/parent_prefix_path/turtlebot3_cartographer
[2.321s] -- Installing: /home/ordog/ros2_ws/install/turtlebot3_cartographer/share/turtlebot3_cartographer/environment/ament_prefix_path.sh
[2.322s] -- Installing: /home/ordog/ros2_ws/install/turtlebot3_cartographer/share/turtlebot3_cartographer/environment/ament_prefix_path.dsv
[2.322s] -- Installing: /home/ordog/ros2_ws/install/turtlebot3_cartographer/share/turtlebot3_cartographer/environment/path.sh
[2.322s] -- Installing: /home/ordog/ros2_ws/install/turtlebot3_cartographer/share/turtlebot3_cartographer/environment/path.dsv
[2.322s] -- Installing: /home/ordog/ros2_ws/install/turtlebot3_cartographer/share/turtlebot3_cartographer/local_setup.bash
[2.323s] -- Installing: /home/ordog/ros2_ws/install/turtlebot3_cartographer/share/turtlebot3_cartographer/local_setup.sh
[2.323s] -- Installing: /home/ordog/ros2_ws/install/turtlebot3_cartographer/share/turtlebot3_cartographer/local_setup.zsh
[2.323s] -- Installing: /home/ordog/ros2_ws/install/turtlebot3_cartographer/share/turtlebot3_cartographer/local_setup.dsv
[2.323s] -- Installing: /home/ordog/ros2_ws/install/turtlebot3_cartographer/share/turtlebot3_cartographer/package.dsv
[2.323s] -- Installing: /home/ordog/ros2_ws/install/turtlebot3_cartographer/share/ament_index/resource_index/packages/turtlebot3_cartographer
[2.325s] -- Installing: /home/ordog/ros2_ws/install/turtlebot3_cartographer/share/turtlebot3_cartographer/cmake/turtlebot3_cartographerConfig.cmake
[2.325s] -- Installing: /home/ordog/ros2_ws/install/turtlebot3_cartographer/share/turtlebot3_cartographer/cmake/turtlebot3_cartographerConfig-version.cmake
[2.325s] -- Installing: /home/ordog/ros2_ws/install/turtlebot3_cartographer/share/turtlebot3_cartographer/package.xml
[2.333s] Invoked command in '/home/ordog/ros2_ws/build/turtlebot3_cartographer' returned '0': CMAKE_PREFIX_PATH=${CMAKE_PREFIX_PATH}:/opt/ros/jazzy /usr/bin/cmake --install /home/ordog/ros2_ws/build/turtlebot3_cartographer
